TimeQuest Timing Analyzer report for touch_led
Sun Sep 22 15:56:44 2024
Quartus II 64-Bit Version 13.0.1 Build 232 06/12/2013 Service Pack 1 SJ Full Version


---------------------
; Table of Contents ;
---------------------
  1. Legal Notice
  2. TimeQuest Timing Analyzer Summary
  3. Parallel Compilation
  4. Clocks
  5. Slow 1200mV 85C Model Fmax Summary
  6. Timing Closure Recommendations
  7. Slow 1200mV 85C Model Setup Summary
  8. Slow 1200mV 85C Model Hold Summary
  9. Slow 1200mV 85C Model Recovery Summary
 10. Slow 1200mV 85C Model Removal Summary
 11. Slow 1200mV 85C Model Minimum Pulse Width Summary
 12. Slow 1200mV 85C Model Setup: 'sys_clk'
 13. Slow 1200mV 85C Model Setup: 'touch_1'
 14. Slow 1200mV 85C Model Hold: 'sys_clk'
 15. Slow 1200mV 85C Model Hold: 'touch_1'
 16. Slow 1200mV 85C Model Minimum Pulse Width: 'sys_clk'
 17. Slow 1200mV 85C Model Minimum Pulse Width: 'touch_1'
 18. Setup Times
 19. Hold Times
 20. Clock to Output Times
 21. Minimum Clock to Output Times
 22. Slow 1200mV 85C Model Metastability Report
 23. Slow 1200mV 0C Model Fmax Summary
 24. Slow 1200mV 0C Model Setup Summary
 25. Slow 1200mV 0C Model Hold Summary
 26. Slow 1200mV 0C Model Recovery Summary
 27. Slow 1200mV 0C Model Removal Summary
 28. Slow 1200mV 0C Model Minimum Pulse Width Summary
 29. Slow 1200mV 0C Model Setup: 'sys_clk'
 30. Slow 1200mV 0C Model Setup: 'touch_1'
 31. Slow 1200mV 0C Model Hold: 'sys_clk'
 32. Slow 1200mV 0C Model Hold: 'touch_1'
 33. Slow 1200mV 0C Model Minimum Pulse Width: 'sys_clk'
 34. Slow 1200mV 0C Model Minimum Pulse Width: 'touch_1'
 35. Setup Times
 36. Hold Times
 37. Clock to Output Times
 38. Minimum Clock to Output Times
 39. Slow 1200mV 0C Model Metastability Report
 40. Fast 1200mV 0C Model Setup Summary
 41. Fast 1200mV 0C Model Hold Summary
 42. Fast 1200mV 0C Model Recovery Summary
 43. Fast 1200mV 0C Model Removal Summary
 44. Fast 1200mV 0C Model Minimum Pulse Width Summary
 45. Fast 1200mV 0C Model Setup: 'sys_clk'
 46. Fast 1200mV 0C Model Setup: 'touch_1'
 47. Fast 1200mV 0C Model Hold: 'sys_clk'
 48. Fast 1200mV 0C Model Hold: 'touch_1'
 49. Fast 1200mV 0C Model Minimum Pulse Width: 'sys_clk'
 50. Fast 1200mV 0C Model Minimum Pulse Width: 'touch_1'
 51. Setup Times
 52. Hold Times
 53. Clock to Output Times
 54. Minimum Clock to Output Times
 55. Fast 1200mV 0C Model Metastability Report
 56. Multicorner Timing Analysis Summary
 57. Setup Times
 58. Hold Times
 59. Clock to Output Times
 60. Minimum Clock to Output Times
 61. Board Trace Model Assignments
 62. Input Transition Times
 63. Signal Integrity Metrics (Slow 1200mv 0c Model)
 64. Signal Integrity Metrics (Slow 1200mv 85c Model)
 65. Signal Integrity Metrics (Fast 1200mv 0c Model)
 66. Setup Transfers
 67. Hold Transfers
 68. Report TCCS
 69. Report RSKM
 70. Unconstrained Paths
 71. TimeQuest Timing Analyzer Messages



----------------
; Legal Notice ;
----------------
Copyright (C) 1991-2013 Altera Corporation
Your use of Altera Corporation's design tools, logic functions 
and other software and tools, and its AMPP partner logic 
functions, and any output files from any of the foregoing 
(including device programming or simulation files), and any 
associated documentation or information are expressly subject 
to the terms and conditions of the Altera Program License 
Subscription Agreement, Altera MegaCore Function License 
Agreement, or other applicable license agreement, including, 
without limitation, that your use is for the sole purpose of 
programming logic devices manufactured by Altera and sold by 
Altera or its authorized distributors.  Please refer to the 
applicable agreement for further details.



+-----------------------------------------------------------------------------------------+
; TimeQuest Timing Analyzer Summary                                                       ;
+--------------------+--------------------------------------------------------------------+
; Quartus II Version ; Version 13.0.1 Build 232 06/12/2013 Service Pack 1 SJ Full Version ;
; Revision Name      ; touch_led                                                          ;
; Device Family      ; Cyclone IV E                                                       ;
; Device Name        ; EP4CE10F17C8                                                       ;
; Timing Models      ; Final                                                              ;
; Delay Model        ; Combined                                                           ;
; Rise/Fall Delays   ; Enabled                                                            ;
+--------------------+--------------------------------------------------------------------+


+------------------------------------------+
; Parallel Compilation                     ;
+----------------------------+-------------+
; Processors                 ; Number      ;
+----------------------------+-------------+
; Number detected on machine ; 16          ;
; Maximum allowed            ; 16          ;
;                            ;             ;
; Average used               ; 1.00        ;
; Maximum used               ; 16          ;
;                            ;             ;
; Usage by Processor         ; % Time Used ;
;     Processor 1            ; 100.0%      ;
;     Processors 2-16        ; < 0.1%      ;
+----------------------------+-------------+


+-------------------------------------------------------------------------------------------------------------------------------------------------------------------------------------+
; Clocks                                                                                                                                                                              ;
+------------+------+--------+------------+-------+-------+------------+-----------+-------------+-------+--------+-----------+------------+----------+--------+--------+-------------+
; Clock Name ; Type ; Period ; Frequency  ; Rise  ; Fall  ; Duty Cycle ; Divide by ; Multiply by ; Phase ; Offset ; Edge List ; Edge Shift ; Inverted ; Master ; Source ; Targets     ;
+------------+------+--------+------------+-------+-------+------------+-----------+-------------+-------+--------+-----------+------------+----------+--------+--------+-------------+
; sys_clk    ; Base ; 1.000  ; 1000.0 MHz ; 0.000 ; 0.500 ;            ;           ;             ;       ;        ;           ;            ;          ;        ;        ; { sys_clk } ;
; touch_1    ; Base ; 1.000  ; 1000.0 MHz ; 0.000 ; 0.500 ;            ;           ;             ;       ;        ;           ;            ;          ;        ;        ; { touch_1 } ;
+------------+------+--------+------------+-------+-------+------------+-----------+-------------+-------+--------+-----------+------------+----------+--------+--------+-------------+


+---------------------------------------------------------------------------------------------+
; Slow 1200mV 85C Model Fmax Summary                                                          ;
+-------------+-----------------+------------+------------------------------------------------+
; Fmax        ; Restricted Fmax ; Clock Name ; Note                                           ;
+-------------+-----------------+------------+------------------------------------------------+
; 1128.67 MHz ; 402.09 MHz      ; touch_1    ; limit due to minimum period restriction (tmin) ;
+-------------+-----------------+------------+------------------------------------------------+
This panel reports FMAX for every clock in the design, regardless of the user-specified clock periods.  FMAX is only computed for paths where the source and destination registers or ports are driven by the same clock.  Paths of different clocks, including generated clocks, are ignored.  For paths between a clock and its inversion, FMAX is computed as if the rising and falling edges are scaled along with FMAX, such that the duty cycle (in terms of a percentage) is maintained. Altera recommends that you always use clock constraints and other slack reports for sign-off analysis.


----------------------------------
; Timing Closure Recommendations ;
----------------------------------
HTML report is unavailable in plain text report export.


+-------------------------------------+
; Slow 1200mV 85C Model Setup Summary ;
+---------+-------+-------------------+
; Clock   ; Slack ; End Point TNS     ;
+---------+-------+-------------------+
; sys_clk ; 0.071 ; 0.000             ;
; touch_1 ; 0.114 ; 0.000             ;
+---------+-------+-------------------+


+------------------------------------+
; Slow 1200mV 85C Model Hold Summary ;
+---------+-------+------------------+
; Clock   ; Slack ; End Point TNS    ;
+---------+-------+------------------+
; sys_clk ; 0.197 ; 0.000            ;
; touch_1 ; 0.497 ; 0.000            ;
+---------+-------+------------------+


------------------------------------------
; Slow 1200mV 85C Model Recovery Summary ;
------------------------------------------
No paths to report.


-----------------------------------------
; Slow 1200mV 85C Model Removal Summary ;
-----------------------------------------
No paths to report.


+---------------------------------------------------+
; Slow 1200mV 85C Model Minimum Pulse Width Summary ;
+---------+--------+--------------------------------+
; Clock   ; Slack  ; End Point TNS                  ;
+---------+--------+--------------------------------+
; sys_clk ; -3.000 ; -5.974                         ;
; touch_1 ; -1.487 ; -1.487                         ;
+---------+--------+--------------------------------+


+---------------------------------------------------------------------------------------------------+
; Slow 1200mV 85C Model Setup: 'sys_clk'                                                            ;
+-------+-----------+---------+--------------+-------------+--------------+------------+------------+
; Slack ; From Node ; To Node ; Launch Clock ; Latch Clock ; Relationship ; Clock Skew ; Data Delay ;
+-------+-----------+---------+--------------+-------------+--------------+------------+------------+
; 0.071 ; touch_1   ; touch_2 ; touch_1      ; sys_clk     ; 0.500        ; 1.771      ; 2.462      ;
; 0.413 ; touch_1   ; touch_2 ; touch_1      ; sys_clk     ; 1.000        ; 1.771      ; 2.620      ;
+-------+-----------+---------+--------------+-------------+--------------+------------+------------+


+-----------------------------------------------------------------------------------------------------------+
; Slow 1200mV 85C Model Setup: 'touch_1'                                                                    ;
+-------+--------------+--------------+--------------+-------------+--------------+------------+------------+
; Slack ; From Node    ; To Node      ; Launch Clock ; Latch Clock ; Relationship ; Clock Skew ; Data Delay ;
+-------+--------------+--------------+--------------+-------------+--------------+------------+------------+
; 0.114 ; led_out~reg0 ; led_out~reg0 ; touch_1      ; touch_1     ; 1.000        ; -0.049     ; 0.858      ;
+-------+--------------+--------------+--------------+-------------+--------------+------------+------------+


+---------------------------------------------------------------------------------------------------+
; Slow 1200mV 85C Model Hold: 'sys_clk'                                                             ;
+-------+-----------+---------+--------------+-------------+--------------+------------+------------+
; Slack ; From Node ; To Node ; Launch Clock ; Latch Clock ; Relationship ; Clock Skew ; Data Delay ;
+-------+-----------+---------+--------------+-------------+--------------+------------+------------+
; 0.197 ; touch_1   ; touch_2 ; touch_1      ; sys_clk     ; 0.000        ; 1.836      ; 2.526      ;
; 0.545 ; touch_1   ; touch_2 ; touch_1      ; sys_clk     ; -0.500       ; 1.836      ; 2.374      ;
+-------+-----------+---------+--------------+-------------+--------------+------------+------------+


+-----------------------------------------------------------------------------------------------------------+
; Slow 1200mV 85C Model Hold: 'touch_1'                                                                     ;
+-------+--------------+--------------+--------------+-------------+--------------+------------+------------+
; Slack ; From Node    ; To Node      ; Launch Clock ; Latch Clock ; Relationship ; Clock Skew ; Data Delay ;
+-------+--------------+--------------+--------------+-------------+--------------+------------+------------+
; 0.497 ; led_out~reg0 ; led_out~reg0 ; touch_1      ; touch_1     ; 0.000        ; 0.049      ; 0.758      ;
+-------+--------------+--------------+--------------+-------------+--------------+------------+------------+


+----------------------------------------------------------------------------------------------------+
; Slow 1200mV 85C Model Minimum Pulse Width: 'sys_clk'                                               ;
+--------+--------------+----------------+------------------+---------+------------+-----------------+
; Slack  ; Actual Width ; Required Width ; Type             ; Clock   ; Clock Edge ; Target          ;
+--------+--------------+----------------+------------------+---------+------------+-----------------+
; -3.000 ; 1.000        ; 4.000          ; Port Rate        ; sys_clk ; Rise       ; sys_clk         ;
; -1.487 ; 1.000        ; 2.487          ; Min Period       ; sys_clk ; Rise       ; touch_1         ;
; -1.487 ; 1.000        ; 2.487          ; Min Period       ; sys_clk ; Rise       ; touch_2         ;
; 0.252  ; 0.440        ; 0.188          ; Low Pulse Width  ; sys_clk ; Rise       ; touch_1         ;
; 0.252  ; 0.440        ; 0.188          ; Low Pulse Width  ; sys_clk ; Rise       ; touch_2         ;
; 0.338  ; 0.558        ; 0.220          ; High Pulse Width ; sys_clk ; Rise       ; touch_1         ;
; 0.338  ; 0.558        ; 0.220          ; High Pulse Width ; sys_clk ; Rise       ; touch_2         ;
; 0.391  ; 0.391        ; 0.000          ; Low Pulse Width  ; sys_clk ; Rise       ; touch_1|clk     ;
; 0.391  ; 0.391        ; 0.000          ; Low Pulse Width  ; sys_clk ; Rise       ; touch_2|clk     ;
; 0.454  ; 0.454        ; 0.000          ; Low Pulse Width  ; sys_clk ; Rise       ; sys_clk~input|o ;
; 0.500  ; 0.500        ; 0.000          ; High Pulse Width ; sys_clk ; Rise       ; sys_clk~input|i ;
; 0.500  ; 0.500        ; 0.000          ; Low Pulse Width  ; sys_clk ; Rise       ; sys_clk~input|i ;
; 0.546  ; 0.546        ; 0.000          ; High Pulse Width ; sys_clk ; Rise       ; sys_clk~input|o ;
; 0.606  ; 0.606        ; 0.000          ; High Pulse Width ; sys_clk ; Rise       ; touch_1|clk     ;
; 0.606  ; 0.606        ; 0.000          ; High Pulse Width ; sys_clk ; Rise       ; touch_2|clk     ;
+--------+--------------+----------------+------------------+---------+------------+-----------------+


+-------------------------------------------------------------------------------------------------------+
; Slow 1200mV 85C Model Minimum Pulse Width: 'touch_1'                                                  ;
+--------+--------------+----------------+------------------+---------+------------+--------------------+
; Slack  ; Actual Width ; Required Width ; Type             ; Clock   ; Clock Edge ; Target             ;
+--------+--------------+----------------+------------------+---------+------------+--------------------+
; -1.487 ; 1.000        ; 2.487          ; Min Period       ; touch_1 ; Rise       ; led_out~reg0       ;
; 0.281  ; 0.501        ; 0.220          ; High Pulse Width ; touch_1 ; Rise       ; led_out~reg0       ;
; 0.310  ; 0.498        ; 0.188          ; Low Pulse Width  ; touch_1 ; Rise       ; led_out~reg0       ;
; 0.429  ; 0.429        ; 0.000          ; Low Pulse Width  ; touch_1 ; Rise       ; touch_flag|datad   ;
; 0.449  ; 0.449        ; 0.000          ; Low Pulse Width  ; touch_1 ; Rise       ; led_out~reg0|clk   ;
; 0.467  ; 0.467        ; 0.000          ; Low Pulse Width  ; touch_1 ; Rise       ; touch_flag|combout ;
; 0.500  ; 0.500        ; 0.000          ; High Pulse Width ; touch_1 ; Rise       ; touch_1|q          ;
; 0.500  ; 0.500        ; 0.000          ; Low Pulse Width  ; touch_1 ; Rise       ; touch_1|q          ;
; 0.531  ; 0.531        ; 0.000          ; High Pulse Width ; touch_1 ; Rise       ; touch_flag|combout ;
; 0.549  ; 0.549        ; 0.000          ; High Pulse Width ; touch_1 ; Rise       ; led_out~reg0|clk   ;
; 0.568  ; 0.568        ; 0.000          ; High Pulse Width ; touch_1 ; Rise       ; touch_flag|datad   ;
+--------+--------------+----------------+------------------+---------+------------+--------------------+


+-----------------------------------------------------------------------+
; Setup Times                                                           ;
+-----------+------------+-------+-------+------------+-----------------+
; Data Port ; Clock Port ; Rise  ; Fall  ; Clock Edge ; Clock Reference ;
+-----------+------------+-------+-------+------------+-----------------+
; touch_in  ; sys_clk    ; 3.841 ; 4.030 ; Rise       ; sys_clk         ;
+-----------+------------+-------+-------+------------+-----------------+


+-------------------------------------------------------------------------+
; Hold Times                                                              ;
+-----------+------------+--------+--------+------------+-----------------+
; Data Port ; Clock Port ; Rise   ; Fall   ; Clock Edge ; Clock Reference ;
+-----------+------------+--------+--------+------------+-----------------+
; touch_in  ; sys_clk    ; -3.354 ; -3.545 ; Rise       ; sys_clk         ;
+-----------+------------+--------+--------+------------+-----------------+


+-----------------------------------------------------------------------+
; Clock to Output Times                                                 ;
+-----------+------------+-------+-------+------------+-----------------+
; Data Port ; Clock Port ; Rise  ; Fall  ; Clock Edge ; Clock Reference ;
+-----------+------------+-------+-------+------------+-----------------+
; led_out   ; touch_1    ; 6.596 ; 6.696 ; Rise       ; touch_1         ;
+-----------+------------+-------+-------+------------+-----------------+


+-----------------------------------------------------------------------+
; Minimum Clock to Output Times                                         ;
+-----------+------------+-------+-------+------------+-----------------+
; Data Port ; Clock Port ; Rise  ; Fall  ; Clock Edge ; Clock Reference ;
+-----------+------------+-------+-------+------------+-----------------+
; led_out   ; touch_1    ; 6.338 ; 6.436 ; Rise       ; touch_1         ;
+-----------+------------+-------+-------+------------+-----------------+


----------------------------------------------
; Slow 1200mV 85C Model Metastability Report ;
----------------------------------------------
No synchronizer chains to report.


+---------------------------------------------------------------------------------------------+
; Slow 1200mV 0C Model Fmax Summary                                                           ;
+-------------+-----------------+------------+------------------------------------------------+
; Fmax        ; Restricted Fmax ; Clock Name ; Note                                           ;
+-------------+-----------------+------------+------------------------------------------------+
; 1262.63 MHz ; 402.09 MHz      ; touch_1    ; limit due to minimum period restriction (tmin) ;
+-------------+-----------------+------------+------------------------------------------------+
This panel reports FMAX for every clock in the design, regardless of the user-specified clock periods.  FMAX is only computed for paths where the source and destination registers or ports are driven by the same clock.  Paths of different clocks, including generated clocks, are ignored.  For paths between a clock and its inversion, FMAX is computed as if the rising and falling edges are scaled along with FMAX, such that the duty cycle (in terms of a percentage) is maintained. Altera recommends that you always use clock constraints and other slack reports for sign-off analysis.


+------------------------------------+
; Slow 1200mV 0C Model Setup Summary ;
+---------+-------+------------------+
; Clock   ; Slack ; End Point TNS    ;
+---------+-------+------------------+
; sys_clk ; 0.177 ; 0.000            ;
; touch_1 ; 0.208 ; 0.000            ;
+---------+-------+------------------+


+-----------------------------------+
; Slow 1200mV 0C Model Hold Summary ;
+---------+-------+-----------------+
; Clock   ; Slack ; End Point TNS   ;
+---------+-------+-----------------+
; sys_clk ; 0.244 ; 0.000           ;
; touch_1 ; 0.445 ; 0.000           ;
+---------+-------+-----------------+


-----------------------------------------
; Slow 1200mV 0C Model Recovery Summary ;
-----------------------------------------
No paths to report.


----------------------------------------
; Slow 1200mV 0C Model Removal Summary ;
----------------------------------------
No paths to report.


+--------------------------------------------------+
; Slow 1200mV 0C Model Minimum Pulse Width Summary ;
+---------+--------+-------------------------------+
; Clock   ; Slack  ; End Point TNS                 ;
+---------+--------+-------------------------------+
; sys_clk ; -3.000 ; -5.974                        ;
; touch_1 ; -1.487 ; -1.487                        ;
+---------+--------+-------------------------------+


+---------------------------------------------------------------------------------------------------+
; Slow 1200mV 0C Model Setup: 'sys_clk'                                                             ;
+-------+-----------+---------+--------------+-------------+--------------+------------+------------+
; Slack ; From Node ; To Node ; Launch Clock ; Latch Clock ; Relationship ; Clock Skew ; Data Delay ;
+-------+-----------+---------+--------------+-------------+--------------+------------+------------+
; 0.177 ; touch_1   ; touch_2 ; touch_1      ; sys_clk     ; 0.500        ; 1.656      ; 2.221      ;
; 0.395 ; touch_1   ; touch_2 ; touch_1      ; sys_clk     ; 1.000        ; 1.656      ; 2.503      ;
+-------+-----------+---------+--------------+-------------+--------------+------------+------------+


+-----------------------------------------------------------------------------------------------------------+
; Slow 1200mV 0C Model Setup: 'touch_1'                                                                     ;
+-------+--------------+--------------+--------------+-------------+--------------+------------+------------+
; Slack ; From Node    ; To Node      ; Launch Clock ; Latch Clock ; Relationship ; Clock Skew ; Data Delay ;
+-------+--------------+--------------+--------------+-------------+--------------+------------+------------+
; 0.208 ; led_out~reg0 ; led_out~reg0 ; touch_1      ; touch_1     ; 1.000        ; -0.044     ; 0.770      ;
+-------+--------------+--------------+--------------+-------------+--------------+------------+------------+


+---------------------------------------------------------------------------------------------------+
; Slow 1200mV 0C Model Hold: 'sys_clk'                                                              ;
+-------+-----------+---------+--------------+-------------+--------------+------------+------------+
; Slack ; From Node ; To Node ; Launch Clock ; Latch Clock ; Relationship ; Clock Skew ; Data Delay ;
+-------+-----------+---------+--------------+-------------+--------------+------------+------------+
; 0.244 ; touch_1   ; touch_2 ; touch_1      ; sys_clk     ; 0.000        ; 1.714      ; 2.413      ;
; 0.473 ; touch_1   ; touch_2 ; touch_1      ; sys_clk     ; -0.500       ; 1.714      ; 2.142      ;
+-------+-----------+---------+--------------+-------------+--------------+------------+------------+


+-----------------------------------------------------------------------------------------------------------+
; Slow 1200mV 0C Model Hold: 'touch_1'                                                                      ;
+-------+--------------+--------------+--------------+-------------+--------------+------------+------------+
; Slack ; From Node    ; To Node      ; Launch Clock ; Latch Clock ; Relationship ; Clock Skew ; Data Delay ;
+-------+--------------+--------------+--------------+-------------+--------------+------------+------------+
; 0.445 ; led_out~reg0 ; led_out~reg0 ; touch_1      ; touch_1     ; 0.000        ; 0.044      ; 0.684      ;
+-------+--------------+--------------+--------------+-------------+--------------+------------+------------+


+----------------------------------------------------------------------------------------------------+
; Slow 1200mV 0C Model Minimum Pulse Width: 'sys_clk'                                                ;
+--------+--------------+----------------+------------------+---------+------------+-----------------+
; Slack  ; Actual Width ; Required Width ; Type             ; Clock   ; Clock Edge ; Target          ;
+--------+--------------+----------------+------------------+---------+------------+-----------------+
; -3.000 ; 1.000        ; 4.000          ; Port Rate        ; sys_clk ; Rise       ; sys_clk         ;
; -1.487 ; 1.000        ; 2.487          ; Min Period       ; sys_clk ; Rise       ; touch_1         ;
; -1.487 ; 1.000        ; 2.487          ; Min Period       ; sys_clk ; Rise       ; touch_2         ;
; 0.244  ; 0.428        ; 0.184          ; Low Pulse Width  ; sys_clk ; Rise       ; touch_1         ;
; 0.244  ; 0.428        ; 0.184          ; Low Pulse Width  ; sys_clk ; Rise       ; touch_2         ;
; 0.355  ; 0.571        ; 0.216          ; High Pulse Width ; sys_clk ; Rise       ; touch_1         ;
; 0.355  ; 0.571        ; 0.216          ; High Pulse Width ; sys_clk ; Rise       ; touch_2         ;
; 0.374  ; 0.374        ; 0.000          ; Low Pulse Width  ; sys_clk ; Rise       ; touch_1|clk     ;
; 0.374  ; 0.374        ; 0.000          ; Low Pulse Width  ; sys_clk ; Rise       ; touch_2|clk     ;
; 0.475  ; 0.475        ; 0.000          ; Low Pulse Width  ; sys_clk ; Rise       ; sys_clk~input|o ;
; 0.500  ; 0.500        ; 0.000          ; High Pulse Width ; sys_clk ; Rise       ; sys_clk~input|i ;
; 0.500  ; 0.500        ; 0.000          ; Low Pulse Width  ; sys_clk ; Rise       ; sys_clk~input|i ;
; 0.525  ; 0.525        ; 0.000          ; High Pulse Width ; sys_clk ; Rise       ; sys_clk~input|o ;
; 0.622  ; 0.622        ; 0.000          ; High Pulse Width ; sys_clk ; Rise       ; touch_1|clk     ;
; 0.622  ; 0.622        ; 0.000          ; High Pulse Width ; sys_clk ; Rise       ; touch_2|clk     ;
+--------+--------------+----------------+------------------+---------+------------+-----------------+


+-------------------------------------------------------------------------------------------------------+
; Slow 1200mV 0C Model Minimum Pulse Width: 'touch_1'                                                   ;
+--------+--------------+----------------+------------------+---------+------------+--------------------+
; Slack  ; Actual Width ; Required Width ; Type             ; Clock   ; Clock Edge ; Target             ;
+--------+--------------+----------------+------------------+---------+------------+--------------------+
; -1.487 ; 1.000        ; 2.487          ; Min Period       ; touch_1 ; Rise       ; led_out~reg0       ;
; 0.248  ; 0.464        ; 0.216          ; High Pulse Width ; touch_1 ; Rise       ; led_out~reg0       ;
; 0.351  ; 0.535        ; 0.184          ; Low Pulse Width  ; touch_1 ; Rise       ; led_out~reg0       ;
; 0.444  ; 0.444        ; 0.000          ; Low Pulse Width  ; touch_1 ; Rise       ; touch_flag|datad   ;
; 0.482  ; 0.482        ; 0.000          ; Low Pulse Width  ; touch_1 ; Rise       ; led_out~reg0|clk   ;
; 0.490  ; 0.490        ; 0.000          ; Low Pulse Width  ; touch_1 ; Rise       ; touch_flag|combout ;
; 0.500  ; 0.500        ; 0.000          ; High Pulse Width ; touch_1 ; Rise       ; touch_1|q          ;
; 0.500  ; 0.500        ; 0.000          ; Low Pulse Width  ; touch_1 ; Rise       ; touch_1|q          ;
; 0.509  ; 0.509        ; 0.000          ; High Pulse Width ; touch_1 ; Rise       ; touch_flag|combout ;
; 0.516  ; 0.516        ; 0.000          ; High Pulse Width ; touch_1 ; Rise       ; led_out~reg0|clk   ;
; 0.554  ; 0.554        ; 0.000          ; High Pulse Width ; touch_1 ; Rise       ; touch_flag|datad   ;
+--------+--------------+----------------+------------------+---------+------------+--------------------+


+-----------------------------------------------------------------------+
; Setup Times                                                           ;
+-----------+------------+-------+-------+------------+-----------------+
; Data Port ; Clock Port ; Rise  ; Fall  ; Clock Edge ; Clock Reference ;
+-----------+------------+-------+-------+------------+-----------------+
; touch_in  ; sys_clk    ; 3.465 ; 3.453 ; Rise       ; sys_clk         ;
+-----------+------------+-------+-------+------------+-----------------+


+-------------------------------------------------------------------------+
; Hold Times                                                              ;
+-----------+------------+--------+--------+------------+-----------------+
; Data Port ; Clock Port ; Rise   ; Fall   ; Clock Edge ; Clock Reference ;
+-----------+------------+--------+--------+------------+-----------------+
; touch_in  ; sys_clk    ; -3.024 ; -3.020 ; Rise       ; sys_clk         ;
+-----------+------------+--------+--------+------------+-----------------+


+-----------------------------------------------------------------------+
; Clock to Output Times                                                 ;
+-----------+------------+-------+-------+------------+-----------------+
; Data Port ; Clock Port ; Rise  ; Fall  ; Clock Edge ; Clock Reference ;
+-----------+------------+-------+-------+------------+-----------------+
; led_out   ; touch_1    ; 5.931 ; 6.160 ; Rise       ; touch_1         ;
+-----------+------------+-------+-------+------------+-----------------+


+-----------------------------------------------------------------------+
; Minimum Clock to Output Times                                         ;
+-----------+------------+-------+-------+------------+-----------------+
; Data Port ; Clock Port ; Rise  ; Fall  ; Clock Edge ; Clock Reference ;
+-----------+------------+-------+-------+------------+-----------------+
; led_out   ; touch_1    ; 5.681 ; 5.902 ; Rise       ; touch_1         ;
+-----------+------------+-------+-------+------------+-----------------+


---------------------------------------------
; Slow 1200mV 0C Model Metastability Report ;
---------------------------------------------
No synchronizer chains to report.


+------------------------------------+
; Fast 1200mV 0C Model Setup Summary ;
+---------+-------+------------------+
; Clock   ; Slack ; End Point TNS    ;
+---------+-------+------------------+
; sys_clk ; 0.231 ; 0.000            ;
; touch_1 ; 0.626 ; 0.000            ;
+---------+-------+------------------+


+-----------------------------------+
; Fast 1200mV 0C Model Hold Summary ;
+---------+--------+----------------+
; Clock   ; Slack  ; End Point TNS  ;
+---------+--------+----------------+
; sys_clk ; -0.029 ; -0.029         ;
; touch_1 ; 0.208  ; 0.000          ;
+---------+--------+----------------+


-----------------------------------------
; Fast 1200mV 0C Model Recovery Summary ;
-----------------------------------------
No paths to report.


----------------------------------------
; Fast 1200mV 0C Model Removal Summary ;
----------------------------------------
No paths to report.


+--------------------------------------------------+
; Fast 1200mV 0C Model Minimum Pulse Width Summary ;
+---------+--------+-------------------------------+
; Clock   ; Slack  ; End Point TNS                 ;
+---------+--------+-------------------------------+
; sys_clk ; -3.000 ; -5.110                        ;
; touch_1 ; -1.000 ; -1.000                        ;
+---------+--------+-------------------------------+


+---------------------------------------------------------------------------------------------------+
; Fast 1200mV 0C Model Setup: 'sys_clk'                                                             ;
+-------+-----------+---------+--------------+-------------+--------------+------------+------------+
; Slack ; From Node ; To Node ; Launch Clock ; Latch Clock ; Relationship ; Clock Skew ; Data Delay ;
+-------+-----------+---------+--------------+-------------+--------------+------------+------------+
; 0.231 ; touch_1   ; touch_2 ; touch_1      ; sys_clk     ; 0.500        ; 0.772      ; 1.133      ;
; 0.845 ; touch_1   ; touch_2 ; touch_1      ; sys_clk     ; 1.000        ; 0.772      ; 1.019      ;
+-------+-----------+---------+--------------+-------------+--------------+------------+------------+


+-----------------------------------------------------------------------------------------------------------+
; Fast 1200mV 0C Model Setup: 'touch_1'                                                                     ;
+-------+--------------+--------------+--------------+-------------+--------------+------------+------------+
; Slack ; From Node    ; To Node      ; Launch Clock ; Latch Clock ; Relationship ; Clock Skew ; Data Delay ;
+-------+--------------+--------------+--------------+-------------+--------------+------------+------------+
; 0.626 ; led_out~reg0 ; led_out~reg0 ; touch_1      ; touch_1     ; 1.000        ; -0.022     ; 0.359      ;
+-------+--------------+--------------+--------------+-------------+--------------+------------+------------+


+----------------------------------------------------------------------------------------------------+
; Fast 1200mV 0C Model Hold: 'sys_clk'                                                               ;
+--------+-----------+---------+--------------+-------------+--------------+------------+------------+
; Slack  ; From Node ; To Node ; Launch Clock ; Latch Clock ; Relationship ; Clock Skew ; Data Delay ;
+--------+-----------+---------+--------------+-------------+--------------+------------+------------+
; -0.029 ; touch_1   ; touch_2 ; touch_1      ; sys_clk     ; 0.000        ; 0.802      ; 0.982      ;
; 0.581  ; touch_1   ; touch_2 ; touch_1      ; sys_clk     ; -0.500       ; 0.802      ; 1.092      ;
+--------+-----------+---------+--------------+-------------+--------------+------------+------------+


+-----------------------------------------------------------------------------------------------------------+
; Fast 1200mV 0C Model Hold: 'touch_1'                                                                      ;
+-------+--------------+--------------+--------------+-------------+--------------+------------+------------+
; Slack ; From Node    ; To Node      ; Launch Clock ; Latch Clock ; Relationship ; Clock Skew ; Data Delay ;
+-------+--------------+--------------+--------------+-------------+--------------+------------+------------+
; 0.208 ; led_out~reg0 ; led_out~reg0 ; touch_1      ; touch_1     ; 0.000        ; 0.022      ; 0.314      ;
+-------+--------------+--------------+--------------+-------------+--------------+------------+------------+


+----------------------------------------------------------------------------------------------------+
; Fast 1200mV 0C Model Minimum Pulse Width: 'sys_clk'                                                ;
+--------+--------------+----------------+------------------+---------+------------+-----------------+
; Slack  ; Actual Width ; Required Width ; Type             ; Clock   ; Clock Edge ; Target          ;
+--------+--------------+----------------+------------------+---------+------------+-----------------+
; -3.000 ; 1.000        ; 4.000          ; Port Rate        ; sys_clk ; Rise       ; sys_clk         ;
; -1.000 ; 1.000        ; 2.000          ; Min Period       ; sys_clk ; Rise       ; touch_1         ;
; -1.000 ; 1.000        ; 2.000          ; Min Period       ; sys_clk ; Rise       ; touch_2         ;
; -0.055 ; 0.129        ; 0.184          ; Low Pulse Width  ; sys_clk ; Rise       ; touch_1         ;
; -0.055 ; 0.129        ; 0.184          ; Low Pulse Width  ; sys_clk ; Rise       ; touch_2         ;
; 0.120  ; 0.120        ; 0.000          ; Low Pulse Width  ; sys_clk ; Rise       ; sys_clk~input|o ;
; 0.124  ; 0.124        ; 0.000          ; Low Pulse Width  ; sys_clk ; Rise       ; touch_1|clk     ;
; 0.124  ; 0.124        ; 0.000          ; Low Pulse Width  ; sys_clk ; Rise       ; touch_2|clk     ;
; 0.500  ; 0.500        ; 0.000          ; High Pulse Width ; sys_clk ; Rise       ; sys_clk~input|i ;
; 0.500  ; 0.500        ; 0.000          ; Low Pulse Width  ; sys_clk ; Rise       ; sys_clk~input|i ;
; 0.654  ; 0.870        ; 0.216          ; High Pulse Width ; sys_clk ; Rise       ; touch_1         ;
; 0.654  ; 0.870        ; 0.216          ; High Pulse Width ; sys_clk ; Rise       ; touch_2         ;
; 0.875  ; 0.875        ; 0.000          ; High Pulse Width ; sys_clk ; Rise       ; touch_1|clk     ;
; 0.875  ; 0.875        ; 0.000          ; High Pulse Width ; sys_clk ; Rise       ; touch_2|clk     ;
; 0.880  ; 0.880        ; 0.000          ; High Pulse Width ; sys_clk ; Rise       ; sys_clk~input|o ;
+--------+--------------+----------------+------------------+---------+------------+-----------------+


+-------------------------------------------------------------------------------------------------------+
; Fast 1200mV 0C Model Minimum Pulse Width: 'touch_1'                                                   ;
+--------+--------------+----------------+------------------+---------+------------+--------------------+
; Slack  ; Actual Width ; Required Width ; Type             ; Clock   ; Clock Edge ; Target             ;
+--------+--------------+----------------+------------------+---------+------------+--------------------+
; -1.000 ; 1.000        ; 2.000          ; Min Period       ; touch_1 ; Rise       ; led_out~reg0       ;
; 0.265  ; 0.449        ; 0.184          ; Low Pulse Width  ; touch_1 ; Rise       ; led_out~reg0       ;
; 0.331  ; 0.547        ; 0.216          ; High Pulse Width ; touch_1 ; Rise       ; led_out~reg0       ;
; 0.445  ; 0.445        ; 0.000          ; Low Pulse Width  ; touch_1 ; Rise       ; led_out~reg0|clk   ;
; 0.463  ; 0.463        ; 0.000          ; Low Pulse Width  ; touch_1 ; Rise       ; touch_flag|datad   ;
; 0.468  ; 0.468        ; 0.000          ; Low Pulse Width  ; touch_1 ; Rise       ; touch_flag|combout ;
; 0.500  ; 0.500        ; 0.000          ; High Pulse Width ; touch_1 ; Rise       ; touch_1|q          ;
; 0.500  ; 0.500        ; 0.000          ; Low Pulse Width  ; touch_1 ; Rise       ; touch_1|q          ;
; 0.531  ; 0.531        ; 0.000          ; High Pulse Width ; touch_1 ; Rise       ; touch_flag|combout ;
; 0.535  ; 0.535        ; 0.000          ; High Pulse Width ; touch_1 ; Rise       ; touch_flag|datad   ;
; 0.553  ; 0.553        ; 0.000          ; High Pulse Width ; touch_1 ; Rise       ; led_out~reg0|clk   ;
+--------+--------------+----------------+------------------+---------+------------+--------------------+


+-----------------------------------------------------------------------+
; Setup Times                                                           ;
+-----------+------------+-------+-------+------------+-----------------+
; Data Port ; Clock Port ; Rise  ; Fall  ; Clock Edge ; Clock Reference ;
+-----------+------------+-------+-------+------------+-----------------+
; touch_in  ; sys_clk    ; 1.769 ; 2.392 ; Rise       ; sys_clk         ;
+-----------+------------+-------+-------+------------+-----------------+


+-------------------------------------------------------------------------+
; Hold Times                                                              ;
+-----------+------------+--------+--------+------------+-----------------+
; Data Port ; Clock Port ; Rise   ; Fall   ; Clock Edge ; Clock Reference ;
+-----------+------------+--------+--------+------------+-----------------+
; touch_in  ; sys_clk    ; -1.553 ; -2.176 ; Rise       ; sys_clk         ;
+-----------+------------+--------+--------+------------+-----------------+


+-----------------------------------------------------------------------+
; Clock to Output Times                                                 ;
+-----------+------------+-------+-------+------------+-----------------+
; Data Port ; Clock Port ; Rise  ; Fall  ; Clock Edge ; Clock Reference ;
+-----------+------------+-------+-------+------------+-----------------+
; led_out   ; touch_1    ; 3.145 ; 3.022 ; Rise       ; touch_1         ;
+-----------+------------+-------+-------+------------+-----------------+


+-----------------------------------------------------------------------+
; Minimum Clock to Output Times                                         ;
+-----------+------------+-------+-------+------------+-----------------+
; Data Port ; Clock Port ; Rise  ; Fall  ; Clock Edge ; Clock Reference ;
+-----------+------------+-------+-------+------------+-----------------+
; led_out   ; touch_1    ; 3.030 ; 2.912 ; Rise       ; touch_1         ;
+-----------+------------+-------+-------+------------+-----------------+


---------------------------------------------
; Fast 1200mV 0C Model Metastability Report ;
---------------------------------------------
No synchronizer chains to report.


+------------------------------------------------------------------------------+
; Multicorner Timing Analysis Summary                                          ;
+------------------+-------+--------+----------+---------+---------------------+
; Clock            ; Setup ; Hold   ; Recovery ; Removal ; Minimum Pulse Width ;
+------------------+-------+--------+----------+---------+---------------------+
; Worst-case Slack ; 0.071 ; -0.029 ; N/A      ; N/A     ; -3.000              ;
;  sys_clk         ; 0.071 ; -0.029 ; N/A      ; N/A     ; -3.000              ;
;  touch_1         ; 0.114 ; 0.208  ; N/A      ; N/A     ; -1.487              ;
; Design-wide TNS  ; 0.0   ; -0.029 ; 0.0      ; 0.0     ; -7.461              ;
;  sys_clk         ; 0.000 ; -0.029 ; N/A      ; N/A     ; -5.974              ;
;  touch_1         ; 0.000 ; 0.000  ; N/A      ; N/A     ; -1.487              ;
+------------------+-------+--------+----------+---------+---------------------+


+-----------------------------------------------------------------------+
; Setup Times                                                           ;
+-----------+------------+-------+-------+------------+-----------------+
; Data Port ; Clock Port ; Rise  ; Fall  ; Clock Edge ; Clock Reference ;
+-----------+------------+-------+-------+------------+-----------------+
; touch_in  ; sys_clk    ; 3.841 ; 4.030 ; Rise       ; sys_clk         ;
+-----------+------------+-------+-------+------------+-----------------+


+-------------------------------------------------------------------------+
; Hold Times                                                              ;
+-----------+------------+--------+--------+------------+-----------------+
; Data Port ; Clock Port ; Rise   ; Fall   ; Clock Edge ; Clock Reference ;
+-----------+------------+--------+--------+------------+-----------------+
; touch_in  ; sys_clk    ; -1.553 ; -2.176 ; Rise       ; sys_clk         ;
+-----------+------------+--------+--------+------------+-----------------+


+-----------------------------------------------------------------------+
; Clock to Output Times                                                 ;
+-----------+------------+-------+-------+------------+-----------------+
; Data Port ; Clock Port ; Rise  ; Fall  ; Clock Edge ; Clock Reference ;
+-----------+------------+-------+-------+------------+-----------------+
; led_out   ; touch_1    ; 6.596 ; 6.696 ; Rise       ; touch_1         ;
+-----------+------------+-------+-------+------------+-----------------+


+-----------------------------------------------------------------------+
; Minimum Clock to Output Times                                         ;
+-----------+------------+-------+-------+------------+-----------------+
; Data Port ; Clock Port ; Rise  ; Fall  ; Clock Edge ; Clock Reference ;
+-----------+------------+-------+-------+------------+-----------------+
; led_out   ; touch_1    ; 3.030 ; 2.912 ; Rise       ; touch_1         ;
+-----------+------------+-------+-------+------------+-----------------+


+------------------------------------------------------------------------------------------------------------------------------------------------------------------------------------------------------------------------------------------------------------------------------------------------------------------------------------------------------------------------------------------------------------------+
; Board Trace Model Assignments                                                                                                                                                                                                                                                                                                                                                                                    ;
+---------------+--------------+-------------------+-------------------------+-------------------------+---------------+---------------------+----------------+------------------+--------+------------------+------------------------+------------------------+--------------+---------------+-----------------+-------+---------------------+--------------------+---------------+-----------------+-------------+
; Pin           ; I/O Standard ; Near Tline Length ; Near Tline L per Length ; Near Tline C per Length ; Near Series R ; Near Differential R ; Near Pull-up R ; Near Pull-down R ; Near C ; Far Tline Length ; Far Tline L per Length ; Far Tline C per Length ; Far Series R ; Far Pull-up R ; Far Pull-down R ; Far C ; Termination Voltage ; Far Differential R ; EBD File Name ; EBD Signal Name ; EBD Far-end ;
+---------------+--------------+-------------------+-------------------------+-------------------------+---------------+---------------------+----------------+------------------+--------+------------------+------------------------+------------------------+--------------+---------------+-----------------+-------+---------------------+--------------------+---------------+-----------------+-------------+
; led_out       ; 2.5 V        ; 0 in              ; 0 H/in                  ; 0 F/in                  ; short         ; -                   ; open           ; open             ; open   ; 0 in             ; 0 H/in                 ; 0 F/in                 ; short        ; open          ; open            ; open  ; 0 V                 ; -                  ; n/a           ; n/a             ; n/a         ;
; ~ALTERA_DCLK~ ; 2.5 V        ; 0 in              ; 0 H/in                  ; 0 F/in                  ; short         ; -                   ; open           ; open             ; open   ; 0 in             ; 0 H/in                 ; 0 F/in                 ; short        ; open          ; open            ; open  ; 0 V                 ; -                  ; n/a           ; n/a             ; n/a         ;
; ~ALTERA_nCEO~ ; 2.5 V        ; 0 in              ; 0 H/in                  ; 0 F/in                  ; short         ; -                   ; open           ; open             ; open   ; 0 in             ; 0 H/in                 ; 0 F/in                 ; short        ; open          ; open            ; open  ; 0 V                 ; -                  ; n/a           ; n/a             ; n/a         ;
+---------------+--------------+-------------------+-------------------------+-------------------------+---------------+---------------------+----------------+------------------+--------+------------------+------------------------+------------------------+--------------+---------------+-----------------+-------+---------------------+--------------------+---------------+-----------------+-------------+


+----------------------------------------------------------------------------+
; Input Transition Times                                                     ;
+-------------------------+--------------+-----------------+-----------------+
; Pin                     ; I/O Standard ; 10-90 Rise Time ; 90-10 Fall Time ;
+-------------------------+--------------+-----------------+-----------------+
; sys_rst_n               ; 2.5 V        ; 2000 ps         ; 2000 ps         ;
; touch_in                ; 2.5 V        ; 2000 ps         ; 2000 ps         ;
; sys_clk                 ; 2.5 V        ; 2000 ps         ; 2000 ps         ;
; ~ALTERA_ASDO_DATA1~     ; 2.5 V        ; 2000 ps         ; 2000 ps         ;
; ~ALTERA_FLASH_nCE_nCSO~ ; 2.5 V        ; 2000 ps         ; 2000 ps         ;
; ~ALTERA_DATA0~          ; 2.5 V        ; 2000 ps         ; 2000 ps         ;
+-------------------------+--------------+-----------------+-----------------+


+--------------------------------------------------------------------------------------------------------------------------------------------------------------------------------------------------------------------------------------------------------------------------------------------------------------------------------------------------------------------------------------------------------------------------------------------------------------------------------------------------------------------------------------------------------------------------------------------------------------------------------------------------------------------------------------------+
; Signal Integrity Metrics (Slow 1200mv 0c Model)                                                                                                                                                                                                                                                                                                                                                                                                                                                                                                                                                                                                                                            ;
+---------------+--------------+---------------------+---------------------+------------------------------+------------------------------+---------------------+---------------------+--------------------------------------+--------------------------------------+-----------------------------+-----------------------------+----------------------------+----------------------------+-----------------------------+-----------------------------+--------------------+--------------------+-------------------------------------+-------------------------------------+----------------------------+----------------------------+---------------------------+---------------------------+
; Pin           ; I/O Standard ; Board Delay on Rise ; Board Delay on Fall ; Steady State Voh at FPGA Pin ; Steady State Vol at FPGA Pin ; Voh Max at FPGA Pin ; Vol Min at FPGA Pin ; Ringback Voltage on Rise at FPGA Pin ; Ringback Voltage on Fall at FPGA Pin ; 10-90 Rise Time at FPGA Pin ; 90-10 Fall Time at FPGA Pin ; Monotonic Rise at FPGA Pin ; Monotonic Fall at FPGA Pin ; Steady State Voh at Far-end ; Steady State Vol at Far-end ; Voh Max at Far-end ; Vol Min at Far-end ; Ringback Voltage on Rise at Far-end ; Ringback Voltage on Fall at Far-end ; 10-90 Rise Time at Far-end ; 90-10 Fall Time at Far-end ; Monotonic Rise at Far-end ; Monotonic Fall at Far-end ;
+---------------+--------------+---------------------+---------------------+------------------------------+------------------------------+---------------------+---------------------+--------------------------------------+--------------------------------------+-----------------------------+-----------------------------+----------------------------+----------------------------+-----------------------------+-----------------------------+--------------------+--------------------+-------------------------------------+-------------------------------------+----------------------------+----------------------------+---------------------------+---------------------------+
; led_out       ; 2.5 V        ; 0 s                 ; 0 s                 ; 2.32 V                       ; 2.8e-09 V                    ; 2.37 V              ; -0.00373 V          ; 0.104 V                              ; 0.011 V                              ; 4.34e-10 s                  ; 3.82e-10 s                  ; Yes                        ; Yes                        ; 2.32 V                      ; 2.8e-09 V                   ; 2.37 V             ; -0.00373 V         ; 0.104 V                             ; 0.011 V                             ; 4.34e-10 s                 ; 3.82e-10 s                 ; Yes                       ; Yes                       ;
; ~ALTERA_DCLK~ ; 2.5 V        ; 0 s                 ; 0 s                 ; 2.32 V                       ; 1.74e-09 V                   ; 2.37 V              ; -0.0346 V           ; 0.198 V                              ; 0.094 V                              ; 3.14e-10 s                  ; 2.92e-10 s                  ; Yes                        ; Yes                        ; 2.32 V                      ; 1.74e-09 V                  ; 2.37 V             ; -0.0346 V          ; 0.198 V                             ; 0.094 V                             ; 3.14e-10 s                 ; 2.92e-10 s                 ; Yes                       ; Yes                       ;
; ~ALTERA_nCEO~ ; 2.5 V        ; 0 s                 ; 0 s                 ; 2.32 V                       ; 2.57e-09 V                   ; 2.37 V              ; -0.00683 V          ; 0.171 V                              ; 0.018 V                              ; 4.97e-10 s                  ; 6.66e-10 s                  ; Yes                        ; Yes                        ; 2.32 V                      ; 2.57e-09 V                  ; 2.37 V             ; -0.00683 V         ; 0.171 V                             ; 0.018 V                             ; 4.97e-10 s                 ; 6.66e-10 s                 ; Yes                       ; Yes                       ;
+---------------+--------------+---------------------+---------------------+------------------------------+------------------------------+---------------------+---------------------+--------------------------------------+--------------------------------------+-----------------------------+-----------------------------+----------------------------+----------------------------+-----------------------------+-----------------------------+--------------------+--------------------+-------------------------------------+-------------------------------------+----------------------------+----------------------------+---------------------------+---------------------------+


+--------------------------------------------------------------------------------------------------------------------------------------------------------------------------------------------------------------------------------------------------------------------------------------------------------------------------------------------------------------------------------------------------------------------------------------------------------------------------------------------------------------------------------------------------------------------------------------------------------------------------------------------------------------------------------------------+
; Signal Integrity Metrics (Slow 1200mv 85c Model)                                                                                                                                                                                                                                                                                                                                                                                                                                                                                                                                                                                                                                           ;
+---------------+--------------+---------------------+---------------------+------------------------------+------------------------------+---------------------+---------------------+--------------------------------------+--------------------------------------+-----------------------------+-----------------------------+----------------------------+----------------------------+-----------------------------+-----------------------------+--------------------+--------------------+-------------------------------------+-------------------------------------+----------------------------+----------------------------+---------------------------+---------------------------+
; Pin           ; I/O Standard ; Board Delay on Rise ; Board Delay on Fall ; Steady State Voh at FPGA Pin ; Steady State Vol at FPGA Pin ; Voh Max at FPGA Pin ; Vol Min at FPGA Pin ; Ringback Voltage on Rise at FPGA Pin ; Ringback Voltage on Fall at FPGA Pin ; 10-90 Rise Time at FPGA Pin ; 90-10 Fall Time at FPGA Pin ; Monotonic Rise at FPGA Pin ; Monotonic Fall at FPGA Pin ; Steady State Voh at Far-end ; Steady State Vol at Far-end ; Voh Max at Far-end ; Vol Min at Far-end ; Ringback Voltage on Rise at Far-end ; Ringback Voltage on Fall at Far-end ; 10-90 Rise Time at Far-end ; 90-10 Fall Time at Far-end ; Monotonic Rise at Far-end ; Monotonic Fall at Far-end ;
+---------------+--------------+---------------------+---------------------+------------------------------+------------------------------+---------------------+---------------------+--------------------------------------+--------------------------------------+-----------------------------+-----------------------------+----------------------------+----------------------------+-----------------------------+-----------------------------+--------------------+--------------------+-------------------------------------+-------------------------------------+----------------------------+----------------------------+---------------------------+---------------------------+
; led_out       ; 2.5 V        ; 0 s                 ; 0 s                 ; 2.32 V                       ; 2.85e-07 V                   ; 2.35 V              ; -0.0123 V           ; 0.144 V                              ; 0.042 V                              ; 4.81e-10 s                  ; 4.81e-10 s                  ; Yes                        ; Yes                        ; 2.32 V                      ; 2.85e-07 V                  ; 2.35 V             ; -0.0123 V          ; 0.144 V                             ; 0.042 V                             ; 4.81e-10 s                 ; 4.81e-10 s                 ; Yes                       ; Yes                       ;
; ~ALTERA_DCLK~ ; 2.5 V        ; 0 s                 ; 0 s                 ; 2.32 V                       ; 1.55e-07 V                   ; 2.35 V              ; -0.00221 V          ; 0.097 V                              ; 0.005 V                              ; 4.49e-10 s                  ; 3.85e-10 s                  ; Yes                        ; Yes                        ; 2.32 V                      ; 1.55e-07 V                  ; 2.35 V             ; -0.00221 V         ; 0.097 V                             ; 0.005 V                             ; 4.49e-10 s                 ; 3.85e-10 s                 ; Yes                       ; Yes                       ;
; ~ALTERA_nCEO~ ; 2.5 V        ; 0 s                 ; 0 s                 ; 2.32 V                       ; 2.54e-07 V                   ; 2.34 V              ; -0.00774 V          ; 0.109 V                              ; 0.026 V                              ; 6.58e-10 s                  ; 8.24e-10 s                  ; Yes                        ; Yes                        ; 2.32 V                      ; 2.54e-07 V                  ; 2.34 V             ; -0.00774 V         ; 0.109 V                             ; 0.026 V                             ; 6.58e-10 s                 ; 8.24e-10 s                 ; Yes                       ; Yes                       ;
+---------------+--------------+---------------------+---------------------+------------------------------+------------------------------+---------------------+---------------------+--------------------------------------+--------------------------------------+-----------------------------+-----------------------------+----------------------------+----------------------------+-----------------------------+-----------------------------+--------------------+--------------------+-------------------------------------+-------------------------------------+----------------------------+----------------------------+---------------------------+---------------------------+


+--------------------------------------------------------------------------------------------------------------------------------------------------------------------------------------------------------------------------------------------------------------------------------------------------------------------------------------------------------------------------------------------------------------------------------------------------------------------------------------------------------------------------------------------------------------------------------------------------------------------------------------------------------------------------------------------+
; Signal Integrity Metrics (Fast 1200mv 0c Model)                                                                                                                                                                                                                                                                                                                                                                                                                                                                                                                                                                                                                                            ;
+---------------+--------------+---------------------+---------------------+------------------------------+------------------------------+---------------------+---------------------+--------------------------------------+--------------------------------------+-----------------------------+-----------------------------+----------------------------+----------------------------+-----------------------------+-----------------------------+--------------------+--------------------+-------------------------------------+-------------------------------------+----------------------------+----------------------------+---------------------------+---------------------------+
; Pin           ; I/O Standard ; Board Delay on Rise ; Board Delay on Fall ; Steady State Voh at FPGA Pin ; Steady State Vol at FPGA Pin ; Voh Max at FPGA Pin ; Vol Min at FPGA Pin ; Ringback Voltage on Rise at FPGA Pin ; Ringback Voltage on Fall at FPGA Pin ; 10-90 Rise Time at FPGA Pin ; 90-10 Fall Time at FPGA Pin ; Monotonic Rise at FPGA Pin ; Monotonic Fall at FPGA Pin ; Steady State Voh at Far-end ; Steady State Vol at Far-end ; Voh Max at Far-end ; Vol Min at Far-end ; Ringback Voltage on Rise at Far-end ; Ringback Voltage on Fall at Far-end ; 10-90 Rise Time at Far-end ; 90-10 Fall Time at Far-end ; Monotonic Rise at Far-end ; Monotonic Fall at Far-end ;
+---------------+--------------+---------------------+---------------------+------------------------------+------------------------------+---------------------+---------------------+--------------------------------------+--------------------------------------+-----------------------------+-----------------------------+----------------------------+----------------------------+-----------------------------+-----------------------------+--------------------+--------------------+-------------------------------------+-------------------------------------+----------------------------+----------------------------+---------------------------+---------------------------+
; led_out       ; 2.5 V        ; 0 s                 ; 0 s                 ; 2.62 V                       ; 4.05e-08 V                   ; 2.72 V              ; -0.0349 V           ; 0.173 V                              ; 0.1 V                                ; 2.72e-10 s                  ; 2.69e-10 s                  ; Yes                        ; Yes                        ; 2.62 V                      ; 4.05e-08 V                  ; 2.72 V             ; -0.0349 V          ; 0.173 V                             ; 0.1 V                               ; 2.72e-10 s                 ; 2.69e-10 s                 ; Yes                       ; Yes                       ;
; ~ALTERA_DCLK~ ; 2.5 V        ; 0 s                 ; 0 s                 ; 2.62 V                       ; 2.22e-08 V                   ; 2.74 V              ; -0.06 V             ; 0.158 V                              ; 0.08 V                               ; 2.68e-10 s                  ; 2.19e-10 s                  ; Yes                        ; Yes                        ; 2.62 V                      ; 2.22e-08 V                  ; 2.74 V             ; -0.06 V            ; 0.158 V                             ; 0.08 V                              ; 2.68e-10 s                 ; 2.19e-10 s                 ; Yes                       ; Yes                       ;
; ~ALTERA_nCEO~ ; 2.5 V        ; 0 s                 ; 0 s                 ; 2.62 V                       ; 3.54e-08 V                   ; 2.7 V               ; -0.00943 V          ; 0.276 V                              ; 0.035 V                              ; 3.19e-10 s                  ; 4.99e-10 s                  ; No                         ; Yes                        ; 2.62 V                      ; 3.54e-08 V                  ; 2.7 V              ; -0.00943 V         ; 0.276 V                             ; 0.035 V                             ; 3.19e-10 s                 ; 4.99e-10 s                 ; No                        ; Yes                       ;
+---------------+--------------+---------------------+---------------------+------------------------------+------------------------------+---------------------+---------------------+--------------------------------------+--------------------------------------+-----------------------------+-----------------------------+----------------------------+----------------------------+-----------------------------+-----------------------------+--------------------+--------------------+-------------------------------------+-------------------------------------+----------------------------+----------------------------+---------------------------+---------------------------+


+-------------------------------------------------------------------+
; Setup Transfers                                                   ;
+------------+----------+----------+----------+----------+----------+
; From Clock ; To Clock ; RR Paths ; FR Paths ; RF Paths ; FF Paths ;
+------------+----------+----------+----------+----------+----------+
; touch_1    ; sys_clk  ; 1        ; 1        ; 0        ; 0        ;
; touch_1    ; touch_1  ; 1        ; 0        ; 0        ; 0        ;
+------------+----------+----------+----------+----------+----------+
Entries labeled "false path" only account for clock-to-clock false paths and not path-based false paths. As a result, actual path counts may be lower than reported.


+-------------------------------------------------------------------+
; Hold Transfers                                                    ;
+------------+----------+----------+----------+----------+----------+
; From Clock ; To Clock ; RR Paths ; FR Paths ; RF Paths ; FF Paths ;
+------------+----------+----------+----------+----------+----------+
; touch_1    ; sys_clk  ; 1        ; 1        ; 0        ; 0        ;
; touch_1    ; touch_1  ; 1        ; 0        ; 0        ; 0        ;
+------------+----------+----------+----------+----------+----------+
Entries labeled "false path" only account for clock-to-clock false paths and not path-based false paths. As a result, actual path counts may be lower than reported.


---------------
; Report TCCS ;
---------------
No dedicated SERDES Transmitter circuitry present in device or used in design


---------------
; Report RSKM ;
---------------
No dedicated SERDES Receiver circuitry present in device or used in design


+------------------------------------------------+
; Unconstrained Paths                            ;
+---------------------------------+-------+------+
; Property                        ; Setup ; Hold ;
+---------------------------------+-------+------+
; Illegal Clocks                  ; 0     ; 0    ;
; Unconstrained Clocks            ; 0     ; 0    ;
; Unconstrained Input Ports       ; 2     ; 2    ;
; Unconstrained Input Port Paths  ; 4     ; 4    ;
; Unconstrained Output Ports      ; 1     ; 1    ;
; Unconstrained Output Port Paths ; 1     ; 1    ;
+---------------------------------+-------+------+


+------------------------------------+
; TimeQuest Timing Analyzer Messages ;
+------------------------------------+
Info: *******************************************************************
Info: Running Quartus II 64-Bit TimeQuest Timing Analyzer
    Info: Version 13.0.1 Build 232 06/12/2013 Service Pack 1 SJ Full Version
    Info: Processing started: Sun Sep 22 15:56:43 2024
Info: Command: quartus_sta touch_led -c touch_led
Info: qsta_default_script.tcl version: #1
Info (20030): Parallel compilation is enabled and will use 16 of the 16 processors detected
Info (21077): Core supply voltage is 1.2V
Info (21077): Low junction temperature is 0 degrees C
Info (21077): High junction temperature is 85 degrees C
Critical Warning (332012): Synopsys Design Constraints File file not found: 'touch_led.sdc'. A Synopsys Design Constraints File is required by the TimeQuest Timing Analyzer to get proper timing constraints. Without it, the Compiler will not properly optimize the design.
Info (332142): No user constrained base clocks found in the design. Calling "derive_clocks -period 1.0"
Info (332105): Deriving Clocks
    Info (332105): create_clock -period 1.000 -name touch_1 touch_1
    Info (332105): create_clock -period 1.000 -name sys_clk sys_clk
Info (332143): No user constrained clock uncertainty found in the design. Calling "derive_clock_uncertainty"
Info (332123): Deriving Clock Uncertainty. Please refer to report_sdc in TimeQuest to see clock uncertainties.
Info: Found TIMEQUEST_REPORT_SCRIPT_INCLUDE_DEFAULT_ANALYSIS = ON
Info: Analyzing Slow 1200mV 85C Model
Info (332146): Worst-case setup slack is 0.071
    Info (332119):     Slack End Point TNS Clock 
    Info (332119): ========= ============= =====================
    Info (332119):     0.071         0.000 sys_clk 
    Info (332119):     0.114         0.000 touch_1 
Info (332146): Worst-case hold slack is 0.197
    Info (332119):     Slack End Point TNS Clock 
    Info (332119): ========= ============= =====================
    Info (332119):     0.197         0.000 sys_clk 
    Info (332119):     0.497         0.000 touch_1 
Info (332140): No Recovery paths to report
Info (332140): No Removal paths to report
Critical Warning (332148): Timing requirements not met
    Info (11105): For recommendations on closing timing, run Report Timing Closure Recommendations in the TimeQuest Timing Analyzer.
Info (332146): Worst-case minimum pulse width slack is -3.000
    Info (332119):     Slack End Point TNS Clock 
    Info (332119): ========= ============= =====================
    Info (332119):    -3.000        -5.974 sys_clk 
    Info (332119):    -1.487        -1.487 touch_1 
Info: Analyzing Slow 1200mV 0C Model
Info (334003): Started post-fitting delay annotation
Info (334004): Delay annotation completed successfully
Info (332123): Deriving Clock Uncertainty. Please refer to report_sdc in TimeQuest to see clock uncertainties.
Info (332146): Worst-case setup slack is 0.177
    Info (332119):     Slack End Point TNS Clock 
    Info (332119): ========= ============= =====================
    Info (332119):     0.177         0.000 sys_clk 
    Info (332119):     0.208         0.000 touch_1 
Info (332146): Worst-case hold slack is 0.244
    Info (332119):     Slack End Point TNS Clock 
    Info (332119): ========= ============= =====================
    Info (332119):     0.244         0.000 sys_clk 
    Info (332119):     0.445         0.000 touch_1 
Info (332140): No Recovery paths to report
Info (332140): No Removal paths to report
Critical Warning (332148): Timing requirements not met
    Info (11105): For recommendations on closing timing, run Report Timing Closure Recommendations in the TimeQuest Timing Analyzer.
Info (332146): Worst-case minimum pulse width slack is -3.000
    Info (332119):     Slack End Point TNS Clock 
    Info (332119): ========= ============= =====================
    Info (332119):    -3.000        -5.974 sys_clk 
    Info (332119):    -1.487        -1.487 touch_1 
Info: Analyzing Fast 1200mV 0C Model
Info (332123): Deriving Clock Uncertainty. Please refer to report_sdc in TimeQuest to see clock uncertainties.
Info (332146): Worst-case setup slack is 0.231
    Info (332119):     Slack End Point TNS Clock 
    Info (332119): ========= ============= =====================
    Info (332119):     0.231         0.000 sys_clk 
    Info (332119):     0.626         0.000 touch_1 
Critical Warning (332148): Timing requirements not met
    Info (11105): For recommendations on closing timing, run Report Timing Closure Recommendations in the TimeQuest Timing Analyzer.
Info (332146): Worst-case hold slack is -0.029
    Info (332119):     Slack End Point TNS Clock 
    Info (332119): ========= ============= =====================
    Info (332119):    -0.029        -0.029 sys_clk 
    Info (332119):     0.208         0.000 touch_1 
Info (332140): No Recovery paths to report
Info (332140): No Removal paths to report
Info (332146): Worst-case minimum pulse width slack is -3.000
    Info (332119):     Slack End Point TNS Clock 
    Info (332119): ========= ============= =====================
    Info (332119):    -3.000        -5.110 sys_clk 
    Info (332119):    -1.000        -1.000 touch_1 
Info (332102): Design is not fully constrained for setup requirements
Info (332102): Design is not fully constrained for hold requirements
Info: Quartus II 64-Bit TimeQuest Timing Analyzer was successful. 0 errors, 4 warnings
    Info: Peak virtual memory: 4711 megabytes
    Info: Processing ended: Sun Sep 22 15:56:44 2024
    Info: Elapsed time: 00:00:01
    Info: Total CPU time (on all processors): 00:00:01


