Flow report for hc595_caseg
Fri Nov 22 23:10:17 2024
Quartus II 64-Bit Version 13.0.1 Build 232 06/12/2013 Service Pack 1 SJ Full Version


---------------------
; Table of Contents ;
---------------------
  1. Legal Notice
  2. Flow Summary
  3. Flow Settings
  4. Flow Non-Default Global Settings
  5. Flow Elapsed Time
  6. Flow OS Summary
  7. Flow Log
  8. Flow Messages
  9. Flow Suppressed Messages



----------------
; Legal Notice ;
----------------
Copyright (C) 1991-2013 Altera Corporation
Your use of Altera Corporation's design tools, logic functions 
and other software and tools, and its AMPP partner logic 
functions, and any output files from any of the foregoing 
(including device programming or simulation files), and any 
associated documentation or information are expressly subject 
to the terms and conditions of the Altera Program License 
Subscription Agreement, Altera MegaCore Function License 
Agreement, or other applicable license agreement, including, 
without limitation, that your use is for the sole purpose of 
programming logic devices manufactured by Altera and sold by 
Altera or its authorized distributors.  Please refer to the 
applicable agreement for further details.



+---------------------------------------------------------------------------------------+
; Flow Summary                                                                          ;
+------------------------------------+--------------------------------------------------+
; Flow Status                        ; Successful - Fri Nov 22 23:10:17 2024            ;
; Quartus II 64-Bit Version          ; 13.0.1 Build 232 06/12/2013 SP 1 SJ Full Version ;
; Revision Name                      ; hc595_caseg                                      ;
; Top-level Entity Name              ; top_caseg_disp                                   ;
; Family                             ; Cyclone IV E                                     ;
; Device                             ; EP4CE10F17C8                                     ;
; Timing Models                      ; Final                                            ;
; Total logic elements               ; 370 / 10,320 ( 4 % )                             ;
;     Total combinational functions  ; 340 / 10,320 ( 3 % )                             ;
;     Dedicated logic registers      ; 229 / 10,320 ( 2 % )                             ;
; Total registers                    ; 229                                              ;
; Total pins                         ; 6 / 180 ( 3 % )                                  ;
; Total virtual pins                 ; 0                                                ;
; Total memory bits                  ; 0 / 423,936 ( 0 % )                              ;
; Embedded Multiplier 9-bit elements ; 0 / 46 ( 0 % )                                   ;
; Total PLLs                         ; 0 / 2 ( 0 % )                                    ;
+------------------------------------+--------------------------------------------------+


+-----------------------------------------+
; Flow Settings                           ;
+-------------------+---------------------+
; Option            ; Setting             ;
+-------------------+---------------------+
; Start date & time ; 11/22/2024 23:10:08 ;
; Main task         ; Compilation         ;
; Revision Name     ; hc595_caseg         ;
+-------------------+---------------------+


+------------------------------------------------------------------------------------------------------------------------+
; Flow Non-Default Global Settings                                                                                       ;
+-------------------------------------+--------------------------------+---------------+----------------+----------------+
; Assignment Name                     ; Value                          ; Default Value ; Entity Name    ; Section Id     ;
+-------------------------------------+--------------------------------+---------------+----------------+----------------+
; COMPILER_SIGNATURE_ID               ; 62489540911236.173228820800700 ; --            ; --             ; --             ;
; EDA_OUTPUT_DATA_FORMAT              ; Verilog Hdl                    ; --            ; --             ; eda_simulation ;
; EDA_SIMULATION_TOOL                 ; ModelSim (Verilog)             ; <None>        ; --             ; --             ;
; EDA_TIME_SCALE                      ; 1 ps                           ; --            ; --             ; eda_simulation ;
; MAX_CORE_JUNCTION_TEMP              ; 85                             ; --            ; --             ; --             ;
; MIN_CORE_JUNCTION_TEMP              ; 0                              ; --            ; --             ; --             ;
; NOMINAL_CORE_SUPPLY_VOLTAGE         ; 1.2V                           ; --            ; --             ; --             ;
; PARTITION_COLOR                     ; 16764057                       ; --            ; top_caseg_disp ; Top            ;
; PARTITION_FITTER_PRESERVATION_LEVEL ; PLACEMENT_AND_ROUTING          ; --            ; top_caseg_disp ; Top            ;
; PARTITION_NETLIST_TYPE              ; SOURCE                         ; --            ; top_caseg_disp ; Top            ;
; PROJECT_OUTPUT_DIRECTORY            ; output_files                   ; --            ; --             ; --             ;
; TOP_LEVEL_ENTITY                    ; top_caseg_disp                 ; hc595_caseg   ; --             ; --             ;
+-------------------------------------+--------------------------------+---------------+----------------+----------------+


+-------------------------------------------------------------------------------------------------------------------------------+
; Flow Elapsed Time                                                                                                             ;
+---------------------------+--------------+-------------------------+---------------------+------------------------------------+
; Module Name               ; Elapsed Time ; Average Processors Used ; Peak Virtual Memory ; Total CPU Time (on all processors) ;
+---------------------------+--------------+-------------------------+---------------------+------------------------------------+
; Analysis & Synthesis      ; 00:00:01     ; 1.0                     ; 4624 MB             ; 00:00:01                           ;
; Fitter                    ; 00:00:03     ; 1.0                     ; 5997 MB             ; 00:00:05                           ;
; Assembler                 ; 00:00:01     ; 1.0                     ; 4540 MB             ; 00:00:01                           ;
; TimeQuest Timing Analyzer ; 00:00:01     ; 1.0                     ; 4737 MB             ; 00:00:01                           ;
; EDA Netlist Writer        ; 00:00:01     ; 1.0                     ; 4515 MB             ; 00:00:01                           ;
; Total                     ; 00:00:07     ; --                      ; --                  ; 00:00:09                           ;
+---------------------------+--------------+-------------------------+---------------------+------------------------------------+


+----------------------------------------------------------------------------------------+
; Flow OS Summary                                                                        ;
+---------------------------+------------------+-----------+------------+----------------+
; Module Name               ; Machine Hostname ; OS Name   ; OS Version ; Processor type ;
+---------------------------+------------------+-----------+------------+----------------+
; Analysis & Synthesis      ; DESKTOP-F40ND3F  ; Windows 7 ; 6.2        ; x86_64         ;
; Fitter                    ; DESKTOP-F40ND3F  ; Windows 7 ; 6.2        ; x86_64         ;
; Assembler                 ; DESKTOP-F40ND3F  ; Windows 7 ; 6.2        ; x86_64         ;
; TimeQuest Timing Analyzer ; DESKTOP-F40ND3F  ; Windows 7 ; 6.2        ; x86_64         ;
; EDA Netlist Writer        ; DESKTOP-F40ND3F  ; Windows 7 ; 6.2        ; x86_64         ;
+---------------------------+------------------+-----------+------------+----------------+


------------
; Flow Log ;
------------
quartus_map --read_settings_files=on --write_settings_files=off hc595_caseg -c hc595_caseg
quartus_fit --read_settings_files=off --write_settings_files=off hc595_caseg -c hc595_caseg
quartus_asm --read_settings_files=off --write_settings_files=off hc595_caseg -c hc595_caseg
quartus_sta hc595_caseg -c hc595_caseg
quartus_eda --read_settings_files=off --write_settings_files=off hc595_caseg -c hc595_caseg



