Analysis & Synthesis report for lanqiao_15_mocks_2
Mon Apr  7 20:04:32 2025
Quartus Prime Version 23.1std.1 Build 993 05/14/2024 SC Lite Edition


---------------------
; Table of Contents ;
---------------------
  1. Legal Notice
  2. Analysis & Synthesis Summary
  3. Analysis & Synthesis Settings
  4. Parallel Compilation
  5. Analysis & Synthesis Source Files Read
  6. Analysis & Synthesis Resource Usage Summary
  7. Analysis & Synthesis Resource Utilization by Entity
  8. Registers Removed During Synthesis
  9. General Register Statistics
 10. Inverted Register Statistics
 11. Multiplexer Restructuring Statistics (Restructuring Performed)
 12. Parameter Settings for User Entity Instance: Top-level Entity: |top_module
 13. Parameter Settings for User Entity Instance: key:key1_inst
 14. Parameter Settings for User Entity Instance: key:key2_inst
 15. Parameter Settings for User Entity Instance: eeprom_3bytes_rw:eeprom_3bytes_rw_inst
 16. Parameter Settings for User Entity Instance: eeprom_3bytes_rw:eeprom_3bytes_rw_inst|i2c_ctrler:i2c_ctrler_inst
 17. Parameter Settings for User Entity Instance: time_cnt:time_cnt_inst
 18. Parameter Settings for User Entity Instance: bit_to_caseg:bit_to_caseg_inst
 19. Parameter Settings for User Entity Instance: caseg_to_hc595:caseg_to_hc595_inst
 20. Parameter Settings for Inferred Entity Instance: lpm_divide:Mod1
 21. Parameter Settings for Inferred Entity Instance: lpm_divide:Div1
 22. Parameter Settings for Inferred Entity Instance: lpm_divide:Div0
 23. Parameter Settings for Inferred Entity Instance: lpm_divide:Mod0
 24. Port Connectivity Checks: "bit_to_caseg:bit_to_caseg_inst"
 25. Port Connectivity Checks: "time_cnt:time_cnt_inst"
 26. Port Connectivity Checks: "eeprom_3bytes_rw:eeprom_3bytes_rw_inst|i2c_ctrler:i2c_ctrler_inst"
 27. Port Connectivity Checks: "eeprom_3bytes_rw:eeprom_3bytes_rw_inst"
 28. Post-Synthesis Netlist Statistics for Top Partition
 29. Elapsed Time Per Partition
 30. Analysis & Synthesis Messages
 31. Analysis & Synthesis Suppressed Messages



----------------
; Legal Notice ;
----------------
Copyright (C) 2024  Intel Corporation. All rights reserved.
Your use of Intel Corporation's design tools, logic functions 
and other software and tools, and any partner logic 
functions, and any output files from any of the foregoing 
(including device programming or simulation files), and any 
associated documentation or information are expressly subject 
to the terms and conditions of the Intel Program License 
Subscription Agreement, the Intel Quartus Prime License Agreement,
the Intel FPGA IP License Agreement, or other applicable license
agreement, including, without limitation, that your use is for
the sole purpose of programming logic devices manufactured by
Intel and sold by Intel or its authorized distributors.  Please
refer to the applicable agreement for further details, at
https://fpgasoftware.intel.com/eula.



+-------------------------------------------------------------------------------------+
; Analysis & Synthesis Summary                                                        ;
+------------------------------------+------------------------------------------------+
; Analysis & Synthesis Status        ; Successful - Mon Apr  7 20:04:32 2025          ;
; Quartus Prime Version              ; 23.1std.1 Build 993 05/14/2024 SC Lite Edition ;
; Revision Name                      ; lanqiao_15_mocks_2                             ;
; Top-level Entity Name              ; top_module                                     ;
; Family                             ; Cyclone IV E                                   ;
; Total logic elements               ; 1,220                                          ;
;     Total combinational functions  ; 1,176                                          ;
;     Dedicated logic registers      ; 490                                            ;
; Total registers                    ; 490                                            ;
; Total pins                         ; 11                                             ;
; Total virtual pins                 ; 0                                              ;
; Total memory bits                  ; 0                                              ;
; Embedded Multiplier 9-bit elements ; 0                                              ;
; Total PLLs                         ; 0                                              ;
+------------------------------------+------------------------------------------------+


+------------------------------------------------------------------------------------------------------------+
; Analysis & Synthesis Settings                                                                              ;
+------------------------------------------------------------------+--------------------+--------------------+
; Option                                                           ; Setting            ; Default Value      ;
+------------------------------------------------------------------+--------------------+--------------------+
; Device                                                           ; EP4CE10F17C8       ;                    ;
; Top-level entity name                                            ; top_module         ; lanqiao_15_mocks_2 ;
; Family name                                                      ; Cyclone IV E       ; Cyclone V          ;
; Use smart compilation                                            ; Off                ; Off                ;
; Enable parallel Assembler and Timing Analyzer during compilation ; On                 ; On                 ;
; Enable compact report table                                      ; Off                ; Off                ;
; Restructure Multiplexers                                         ; Auto               ; Auto               ;
; Create Debugging Nodes for IP Cores                              ; Off                ; Off                ;
; Preserve fewer node names                                        ; On                 ; On                 ;
; Intel FPGA IP Evaluation Mode                                    ; Enable             ; Enable             ;
; Verilog Version                                                  ; Verilog_2001       ; Verilog_2001       ;
; VHDL Version                                                     ; VHDL_1993          ; VHDL_1993          ;
; State Machine Processing                                         ; Auto               ; Auto               ;
; Safe State Machine                                               ; Off                ; Off                ;
; Extract Verilog State Machines                                   ; On                 ; On                 ;
; Extract VHDL State Machines                                      ; On                 ; On                 ;
; Ignore Verilog initial constructs                                ; Off                ; Off                ;
; Iteration limit for constant Verilog loops                       ; 5000               ; 5000               ;
; Iteration limit for non-constant Verilog loops                   ; 250                ; 250                ;
; Add Pass-Through Logic to Inferred RAMs                          ; On                 ; On                 ;
; Infer RAMs from Raw Logic                                        ; On                 ; On                 ;
; Parallel Synthesis                                               ; On                 ; On                 ;
; DSP Block Balancing                                              ; Auto               ; Auto               ;
; NOT Gate Push-Back                                               ; On                 ; On                 ;
; Power-Up Don't Care                                              ; On                 ; On                 ;
; Remove Redundant Logic Cells                                     ; Off                ; Off                ;
; Remove Duplicate Registers                                       ; On                 ; On                 ;
; Ignore CARRY Buffers                                             ; Off                ; Off                ;
; Ignore CASCADE Buffers                                           ; Off                ; Off                ;
; Ignore GLOBAL Buffers                                            ; Off                ; Off                ;
; Ignore ROW GLOBAL Buffers                                        ; Off                ; Off                ;
; Ignore LCELL Buffers                                             ; Off                ; Off                ;
; Ignore SOFT Buffers                                              ; On                 ; On                 ;
; Limit AHDL Integers to 32 Bits                                   ; Off                ; Off                ;
; Optimization Technique                                           ; Balanced           ; Balanced           ;
; Carry Chain Length                                               ; 70                 ; 70                 ;
; Auto Carry Chains                                                ; On                 ; On                 ;
; Auto Open-Drain Pins                                             ; On                 ; On                 ;
; Perform WYSIWYG Primitive Resynthesis                            ; Off                ; Off                ;
; Auto ROM Replacement                                             ; On                 ; On                 ;
; Auto RAM Replacement                                             ; On                 ; On                 ;
; Auto DSP Block Replacement                                       ; On                 ; On                 ;
; Auto Shift Register Replacement                                  ; Auto               ; Auto               ;
; Allow Shift Register Merging across Hierarchies                  ; Auto               ; Auto               ;
; Auto Clock Enable Replacement                                    ; On                 ; On                 ;
; Strict RAM Replacement                                           ; Off                ; Off                ;
; Allow Synchronous Control Signals                                ; On                 ; On                 ;
; Force Use of Synchronous Clear Signals                           ; Off                ; Off                ;
; Auto RAM Block Balancing                                         ; On                 ; On                 ;
; Auto RAM to Logic Cell Conversion                                ; Off                ; Off                ;
; Auto Resource Sharing                                            ; Off                ; Off                ;
; Allow Any RAM Size For Recognition                               ; Off                ; Off                ;
; Allow Any ROM Size For Recognition                               ; Off                ; Off                ;
; Allow Any Shift Register Size For Recognition                    ; Off                ; Off                ;
; Use LogicLock Constraints during Resource Balancing              ; On                 ; On                 ;
; Ignore translate_off and synthesis_off directives                ; Off                ; Off                ;
; Timing-Driven Synthesis                                          ; On                 ; On                 ;
; Report Parameter Settings                                        ; On                 ; On                 ;
; Report Source Assignments                                        ; On                 ; On                 ;
; Report Connectivity Checks                                       ; On                 ; On                 ;
; Ignore Maximum Fan-Out Assignments                               ; Off                ; Off                ;
; Synchronization Register Chain Length                            ; 2                  ; 2                  ;
; Power Optimization During Synthesis                              ; Normal compilation ; Normal compilation ;
; HDL message level                                                ; Level2             ; Level2             ;
; Suppress Register Optimization Related Messages                  ; Off                ; Off                ;
; Number of Removed Registers Reported in Synthesis Report         ; 5000               ; 5000               ;
; Number of Swept Nodes Reported in Synthesis Report               ; 5000               ; 5000               ;
; Number of Inverted Registers Reported in Synthesis Report        ; 100                ; 100                ;
; Clock MUX Protection                                             ; On                 ; On                 ;
; Auto Gated Clock Conversion                                      ; Off                ; Off                ;
; Block Design Naming                                              ; Auto               ; Auto               ;
; SDC constraint protection                                        ; Off                ; Off                ;
; Synthesis Effort                                                 ; Auto               ; Auto               ;
; Shift Register Replacement - Allow Asynchronous Clear Signal     ; On                 ; On                 ;
; Pre-Mapping Resynthesis Optimization                             ; Off                ; Off                ;
; Analysis & Synthesis Message Level                               ; Medium             ; Medium             ;
; Disable Register Merging Across Hierarchies                      ; Auto               ; Auto               ;
; Resource Aware Inference For Block RAM                           ; On                 ; On                 ;
+------------------------------------------------------------------+--------------------+--------------------+


+------------------------------------------+
; Parallel Compilation                     ;
+----------------------------+-------------+
; Processors                 ; Number      ;
+----------------------------+-------------+
; Number detected on machine ; 16          ;
; Maximum allowed            ; 16          ;
;                            ;             ;
; Average used               ; 1.00        ;
; Maximum used               ; 16          ;
;                            ;             ;
; Usage by Processor         ; % Time Used ;
;     Processor 1            ; 100.0%      ;
;     Processor 2            ;   0.0%      ;
;     Processor 3            ;   0.0%      ;
;     Processor 4            ;   0.0%      ;
;     Processor 5            ;   0.0%      ;
;     Processor 6            ;   0.0%      ;
;     Processor 7            ;   0.0%      ;
;     Processors 8-16        ;   0.0%      ;
+----------------------------+-------------+


+---------------------------------------------------------------------------------------------------------------------------------------------------------------------------------------------+
; Analysis & Synthesis Source Files Read                                                                                                                                                      ;
+----------------------------------+-----------------+------------------------------+-----------------------------------------------------------------------------------------------+---------+
; File Name with User-Entered Path ; Used in Netlist ; File Type                    ; File Name with Absolute Path                                                                  ; Library ;
+----------------------------------+-----------------+------------------------------+-----------------------------------------------------------------------------------------------+---------+
; ../rtl/top_module.v              ; yes             ; User Verilog HDL File        ; D:/DATAFiles/QuartusII/project_23_1/lanqiao_15_mocks_2/rtl/top_module.v                       ;         ;
; ../rtl/time_cnt.v                ; yes             ; User Verilog HDL File        ; D:/DATAFiles/QuartusII/project_23_1/lanqiao_15_mocks_2/rtl/time_cnt.v                         ;         ;
; ../rtl/key.v                     ; yes             ; User Verilog HDL File        ; D:/DATAFiles/QuartusII/project_23_1/lanqiao_15_mocks_2/rtl/key.v                              ;         ;
; ../rtl/i2c_ctrler.v              ; yes             ; User Verilog HDL File        ; D:/DATAFiles/QuartusII/project_23_1/lanqiao_15_mocks_2/rtl/i2c_ctrler.v                       ;         ;
; ../rtl/eeprom_3bytes_rw.v        ; yes             ; User Verilog HDL File        ; D:/DATAFiles/QuartusII/project_23_1/lanqiao_15_mocks_2/rtl/eeprom_3bytes_rw.v                 ;         ;
; ../rtl/caseg_to_hc595.v          ; yes             ; User Verilog HDL File        ; D:/DATAFiles/QuartusII/project_23_1/lanqiao_15_mocks_2/rtl/caseg_to_hc595.v                   ;         ;
; ../rtl/bit_to_caseg.v            ; yes             ; User Verilog HDL File        ; D:/DATAFiles/QuartusII/project_23_1/lanqiao_15_mocks_2/rtl/bit_to_caseg.v                     ;         ;
; lpm_divide.tdf                   ; yes             ; Megafunction                 ; d:/fpga_software/intelfpga_lite/23.1std/quartus/libraries/megafunctions/lpm_divide.tdf        ;         ;
; abs_divider.inc                  ; yes             ; Megafunction                 ; d:/fpga_software/intelfpga_lite/23.1std/quartus/libraries/megafunctions/abs_divider.inc       ;         ;
; sign_div_unsign.inc              ; yes             ; Megafunction                 ; d:/fpga_software/intelfpga_lite/23.1std/quartus/libraries/megafunctions/sign_div_unsign.inc   ;         ;
; aglobal231.inc                   ; yes             ; Megafunction                 ; d:/fpga_software/intelfpga_lite/23.1std/quartus/libraries/megafunctions/aglobal231.inc        ;         ;
; db/lpm_divide_m9m.tdf            ; yes             ; Auto-Generated Megafunction  ; D:/DATAFiles/QuartusII/project_23_1/lanqiao_15_mocks_2/quartus_prj/db/lpm_divide_m9m.tdf      ;         ;
; db/sign_div_unsign_bkh.tdf       ; yes             ; Auto-Generated Megafunction  ; D:/DATAFiles/QuartusII/project_23_1/lanqiao_15_mocks_2/quartus_prj/db/sign_div_unsign_bkh.tdf ;         ;
; db/alt_u_div_a4f.tdf             ; yes             ; Auto-Generated Megafunction  ; D:/DATAFiles/QuartusII/project_23_1/lanqiao_15_mocks_2/quartus_prj/db/alt_u_div_a4f.tdf       ;         ;
; db/add_sub_7pc.tdf               ; yes             ; Auto-Generated Megafunction  ; D:/DATAFiles/QuartusII/project_23_1/lanqiao_15_mocks_2/quartus_prj/db/add_sub_7pc.tdf         ;         ;
; db/add_sub_8pc.tdf               ; yes             ; Auto-Generated Megafunction  ; D:/DATAFiles/QuartusII/project_23_1/lanqiao_15_mocks_2/quartus_prj/db/add_sub_8pc.tdf         ;         ;
; db/lpm_divide_jhm.tdf            ; yes             ; Auto-Generated Megafunction  ; D:/DATAFiles/QuartusII/project_23_1/lanqiao_15_mocks_2/quartus_prj/db/lpm_divide_jhm.tdf      ;         ;
+----------------------------------+-----------------+------------------------------+-----------------------------------------------------------------------------------------------+---------+


+----------------------------------------------------------+
; Analysis & Synthesis Resource Usage Summary              ;
+---------------------------------------------+------------+
; Resource                                    ; Usage      ;
+---------------------------------------------+------------+
; Estimated Total logic elements              ; 1,220      ;
;                                             ;            ;
; Total combinational functions               ; 1176       ;
; Logic element usage by number of LUT inputs ;            ;
;     -- 4 input functions                    ; 417        ;
;     -- 3 input functions                    ; 168        ;
;     -- <=2 input functions                  ; 591        ;
;                                             ;            ;
; Logic elements by mode                      ;            ;
;     -- normal mode                          ; 805        ;
;     -- arithmetic mode                      ; 371        ;
;                                             ;            ;
; Total registers                             ; 490        ;
;     -- Dedicated logic registers            ; 490        ;
;     -- I/O registers                        ; 0          ;
;                                             ;            ;
; I/O pins                                    ; 11         ;
;                                             ;            ;
; Embedded Multiplier 9-bit elements          ; 0          ;
;                                             ;            ;
; Maximum fan-out node                        ; sclk~input ;
; Maximum fan-out                             ; 490        ;
; Total fan-out                               ; 5293       ;
; Average fan-out                             ; 3.13       ;
+---------------------------------------------+------------+


+---------------------------------------------------------------------------------------------------------------------------------------------------------------------------------------------------------------------------------------------------------------------------------------------------------------------------+
; Analysis & Synthesis Resource Utilization by Entity                                                                                                                                                                                                                                                                       ;
+---------------------------------------------+---------------------+---------------------------+-------------+--------------+---------+-----------+------+--------------+-------------------------------------------------------------------------------------------------------------+---------------------+--------------+
; Compilation Hierarchy Node                  ; Combinational ALUTs ; Dedicated Logic Registers ; Memory Bits ; DSP Elements ; DSP 9x9 ; DSP 18x18 ; Pins ; Virtual Pins ; Full Hierarchy Name                                                                                         ; Entity Name         ; Library Name ;
+---------------------------------------------+---------------------+---------------------------+-------------+--------------+---------+-----------+------+--------------+-------------------------------------------------------------------------------------------------------------+---------------------+--------------+
; |top_module                                 ; 1176 (30)           ; 490 (53)                  ; 0           ; 0            ; 0       ; 0         ; 11   ; 0            ; |top_module                                                                                                 ; top_module          ; work         ;
;    |bit_to_caseg:bit_to_caseg_inst|         ; 80 (80)             ; 46 (46)                   ; 0           ; 0            ; 0       ; 0         ; 0    ; 0            ; |top_module|bit_to_caseg:bit_to_caseg_inst                                                                  ; bit_to_caseg        ; work         ;
;    |caseg_to_hc595:caseg_to_hc595_inst|     ; 22 (22)             ; 9 (9)                     ; 0           ; 0            ; 0       ; 0         ; 0    ; 0            ; |top_module|caseg_to_hc595:caseg_to_hc595_inst                                                              ; caseg_to_hc595      ; work         ;
;    |eeprom_3bytes_rw:eeprom_3bytes_rw_inst| ; 495 (138)           ; 189 (93)                  ; 0           ; 0            ; 0       ; 0         ; 0    ; 0            ; |top_module|eeprom_3bytes_rw:eeprom_3bytes_rw_inst                                                          ; eeprom_3bytes_rw    ; work         ;
;       |i2c_ctrler:i2c_ctrler_inst|          ; 357 (357)           ; 96 (96)                   ; 0           ; 0            ; 0       ; 0         ; 0    ; 0            ; |top_module|eeprom_3bytes_rw:eeprom_3bytes_rw_inst|i2c_ctrler:i2c_ctrler_inst                               ; i2c_ctrler          ; work         ;
;    |key:key1_inst|                          ; 109 (109)           ; 68 (68)                   ; 0           ; 0            ; 0       ; 0         ; 0    ; 0            ; |top_module|key:key1_inst                                                                                   ; key                 ; work         ;
;    |key:key2_inst|                          ; 109 (109)           ; 68 (68)                   ; 0           ; 0            ; 0       ; 0         ; 0    ; 0            ; |top_module|key:key2_inst                                                                                   ; key                 ; work         ;
;    |lpm_divide:Div0|                        ; 56 (0)              ; 0 (0)                     ; 0           ; 0            ; 0       ; 0         ; 0    ; 0            ; |top_module|lpm_divide:Div0                                                                                 ; lpm_divide          ; work         ;
;       |lpm_divide_jhm:auto_generated|       ; 56 (0)              ; 0 (0)                     ; 0           ; 0            ; 0       ; 0         ; 0    ; 0            ; |top_module|lpm_divide:Div0|lpm_divide_jhm:auto_generated                                                   ; lpm_divide_jhm      ; work         ;
;          |sign_div_unsign_bkh:divider|      ; 56 (0)              ; 0 (0)                     ; 0           ; 0            ; 0       ; 0         ; 0    ; 0            ; |top_module|lpm_divide:Div0|lpm_divide_jhm:auto_generated|sign_div_unsign_bkh:divider                       ; sign_div_unsign_bkh ; work         ;
;             |alt_u_div_a4f:divider|         ; 56 (56)             ; 0 (0)                     ; 0           ; 0            ; 0       ; 0         ; 0    ; 0            ; |top_module|lpm_divide:Div0|lpm_divide_jhm:auto_generated|sign_div_unsign_bkh:divider|alt_u_div_a4f:divider ; alt_u_div_a4f       ; work         ;
;    |lpm_divide:Div1|                        ; 56 (0)              ; 0 (0)                     ; 0           ; 0            ; 0       ; 0         ; 0    ; 0            ; |top_module|lpm_divide:Div1                                                                                 ; lpm_divide          ; work         ;
;       |lpm_divide_jhm:auto_generated|       ; 56 (0)              ; 0 (0)                     ; 0           ; 0            ; 0       ; 0         ; 0    ; 0            ; |top_module|lpm_divide:Div1|lpm_divide_jhm:auto_generated                                                   ; lpm_divide_jhm      ; work         ;
;          |sign_div_unsign_bkh:divider|      ; 56 (0)              ; 0 (0)                     ; 0           ; 0            ; 0       ; 0         ; 0    ; 0            ; |top_module|lpm_divide:Div1|lpm_divide_jhm:auto_generated|sign_div_unsign_bkh:divider                       ; sign_div_unsign_bkh ; work         ;
;             |alt_u_div_a4f:divider|         ; 56 (56)             ; 0 (0)                     ; 0           ; 0            ; 0       ; 0         ; 0    ; 0            ; |top_module|lpm_divide:Div1|lpm_divide_jhm:auto_generated|sign_div_unsign_bkh:divider|alt_u_div_a4f:divider ; alt_u_div_a4f       ; work         ;
;    |lpm_divide:Mod0|                        ; 56 (0)              ; 0 (0)                     ; 0           ; 0            ; 0       ; 0         ; 0    ; 0            ; |top_module|lpm_divide:Mod0                                                                                 ; lpm_divide          ; work         ;
;       |lpm_divide_m9m:auto_generated|       ; 56 (0)              ; 0 (0)                     ; 0           ; 0            ; 0       ; 0         ; 0    ; 0            ; |top_module|lpm_divide:Mod0|lpm_divide_m9m:auto_generated                                                   ; lpm_divide_m9m      ; work         ;
;          |sign_div_unsign_bkh:divider|      ; 56 (0)              ; 0 (0)                     ; 0           ; 0            ; 0       ; 0         ; 0    ; 0            ; |top_module|lpm_divide:Mod0|lpm_divide_m9m:auto_generated|sign_div_unsign_bkh:divider                       ; sign_div_unsign_bkh ; work         ;
;             |alt_u_div_a4f:divider|         ; 56 (56)             ; 0 (0)                     ; 0           ; 0            ; 0       ; 0         ; 0    ; 0            ; |top_module|lpm_divide:Mod0|lpm_divide_m9m:auto_generated|sign_div_unsign_bkh:divider|alt_u_div_a4f:divider ; alt_u_div_a4f       ; work         ;
;    |lpm_divide:Mod1|                        ; 56 (0)              ; 0 (0)                     ; 0           ; 0            ; 0       ; 0         ; 0    ; 0            ; |top_module|lpm_divide:Mod1                                                                                 ; lpm_divide          ; work         ;
;       |lpm_divide_m9m:auto_generated|       ; 56 (0)              ; 0 (0)                     ; 0           ; 0            ; 0       ; 0         ; 0    ; 0            ; |top_module|lpm_divide:Mod1|lpm_divide_m9m:auto_generated                                                   ; lpm_divide_m9m      ; work         ;
;          |sign_div_unsign_bkh:divider|      ; 56 (0)              ; 0 (0)                     ; 0           ; 0            ; 0       ; 0         ; 0    ; 0            ; |top_module|lpm_divide:Mod1|lpm_divide_m9m:auto_generated|sign_div_unsign_bkh:divider                       ; sign_div_unsign_bkh ; work         ;
;             |alt_u_div_a4f:divider|         ; 56 (56)             ; 0 (0)                     ; 0           ; 0            ; 0       ; 0         ; 0    ; 0            ; |top_module|lpm_divide:Mod1|lpm_divide_m9m:auto_generated|sign_div_unsign_bkh:divider|alt_u_div_a4f:divider ; alt_u_div_a4f       ; work         ;
;    |time_cnt:time_cnt_inst|                 ; 107 (107)           ; 57 (57)                   ; 0           ; 0            ; 0       ; 0         ; 0    ; 0            ; |top_module|time_cnt:time_cnt_inst                                                                          ; time_cnt            ; work         ;
+---------------------------------------------+---------------------+---------------------------+-------------+--------------+---------+-----------+------+--------------+-------------------------------------------------------------------------------------------------------------+---------------------+--------------+
Note: For table entries with two numbers listed, the numbers in parentheses indicate the number of resources of the given type used by the specific entity alone. The numbers listed outside of parentheses indicate the total resources of the given type used by the specific entity and all of its sub-entities in the hierarchy.


+------------------------------------------------------------------------------------------------------------------------+
; Registers Removed During Synthesis                                                                                     ;
+-------------------------------------------------------+----------------------------------------------------------------+
; Register name                                         ; Reason for Removal                                             ;
+-------------------------------------------------------+----------------------------------------------------------------+
; cnt_jdj                                               ; Merged with bit_to_caseg:bit_to_caseg_inst|seg[7]              ;
; eeprom_3bytes_rw:eeprom_3bytes_rw_inst|reg_addr[5..7] ; Merged with eeprom_3bytes_rw:eeprom_3bytes_rw_inst|reg_addr[4] ;
; eeprom_3bytes_rw:eeprom_3bytes_rw_inst|reg_addr[4]    ; Stuck at GND due to stuck port data_in                         ;
; bit_to_caseg:bit_to_caseg_inst|cnt_1ms[0]             ; Merged with caseg_to_hc595:caseg_to_hc595_inst|cnt[0]          ;
; bit_to_caseg:bit_to_caseg_inst|cnt_1ms[1]             ; Merged with caseg_to_hc595:caseg_to_hc595_inst|cnt[1]          ;
; Total Number of Removed Registers = 7                 ;                                                                ;
+-------------------------------------------------------+----------------------------------------------------------------+


+------------------------------------------------------+
; General Register Statistics                          ;
+----------------------------------------------+-------+
; Statistic                                    ; Value ;
+----------------------------------------------+-------+
; Total registers                              ; 490   ;
; Number of registers using Synchronous Clear  ; 217   ;
; Number of registers using Synchronous Load   ; 8     ;
; Number of registers using Asynchronous Clear ; 466   ;
; Number of registers using Asynchronous Load  ; 0     ;
; Number of registers using Clock Enable       ; 324   ;
; Number of registers using Preset             ; 0     ;
+----------------------------------------------+-------+


+----------------------------------------------------------------------------------------------+
; Inverted Register Statistics                                                                 ;
+------------------------------------------------------------------------------------+---------+
; Inverted Register                                                                  ; Fan out ;
+------------------------------------------------------------------------------------+---------+
; eeprom_3bytes_rw:eeprom_3bytes_rw_inst|i2c_ctrler:i2c_ctrler_inst|scl_out_reg      ; 4       ;
; eeprom_3bytes_rw:eeprom_3bytes_rw_inst|i2c_ctrler:i2c_ctrler_inst|sda_out_reg      ; 3       ;
; eeprom_3bytes_rw:eeprom_3bytes_rw_inst|i2c_ctrler:i2c_ctrler_inst|sda_ctrl         ; 3       ;
; eeprom_3bytes_rw:eeprom_3bytes_rw_inst|i2c_ctrler:i2c_ctrler_inst|reg_send_byte[1] ; 3       ;
; eeprom_3bytes_rw:eeprom_3bytes_rw_inst|i2c_ctrler:i2c_ctrler_inst|reg_send_byte[2] ; 3       ;
; eeprom_3bytes_rw:eeprom_3bytes_rw_inst|i2c_ctrler:i2c_ctrler_inst|reg_send_byte[7] ; 2       ;
; eeprom_3bytes_rw:eeprom_3bytes_rw_inst|i2c_ctrler:i2c_ctrler_inst|reg_send_byte[6] ; 2       ;
; eeprom_3bytes_rw:eeprom_3bytes_rw_inst|i2c_ctrler:i2c_ctrler_inst|reg_send_byte[3] ; 3       ;
; eeprom_3bytes_rw:eeprom_3bytes_rw_inst|i2c_ctrler:i2c_ctrler_inst|reg_send_byte[0] ; 2       ;
; eeprom_3bytes_rw:eeprom_3bytes_rw_inst|i2c_ctrler:i2c_ctrler_inst|reg_send_byte[4] ; 2       ;
; eeprom_3bytes_rw:eeprom_3bytes_rw_inst|i2c_ctrler:i2c_ctrler_inst|reg_send_byte[5] ; 2       ;
; eeprom_3bytes_rw:eeprom_3bytes_rw_inst|i2c_ctrler:i2c_ctrler_inst|read_byte[0]     ; 3       ;
; eeprom_3bytes_rw:eeprom_3bytes_rw_inst|i2c_ctrler:i2c_ctrler_inst|read_byte[7]     ; 3       ;
; eeprom_3bytes_rw:eeprom_3bytes_rw_inst|i2c_ctrler:i2c_ctrler_inst|read_byte[6]     ; 3       ;
; eeprom_3bytes_rw:eeprom_3bytes_rw_inst|i2c_ctrler:i2c_ctrler_inst|read_byte[5]     ; 3       ;
; eeprom_3bytes_rw:eeprom_3bytes_rw_inst|i2c_ctrler:i2c_ctrler_inst|read_byte[4]     ; 3       ;
; eeprom_3bytes_rw:eeprom_3bytes_rw_inst|i2c_ctrler:i2c_ctrler_inst|read_byte[3]     ; 3       ;
; eeprom_3bytes_rw:eeprom_3bytes_rw_inst|i2c_ctrler:i2c_ctrler_inst|read_byte[2]     ; 3       ;
; eeprom_3bytes_rw:eeprom_3bytes_rw_inst|i2c_ctrler:i2c_ctrler_inst|reg_recv_byte[0] ; 2       ;
; eeprom_3bytes_rw:eeprom_3bytes_rw_inst|i2c_ctrler:i2c_ctrler_inst|reg_recv_byte[7] ; 2       ;
; eeprom_3bytes_rw:eeprom_3bytes_rw_inst|i2c_ctrler:i2c_ctrler_inst|reg_recv_byte[6] ; 2       ;
; eeprom_3bytes_rw:eeprom_3bytes_rw_inst|i2c_ctrler:i2c_ctrler_inst|reg_recv_byte[5] ; 2       ;
; eeprom_3bytes_rw:eeprom_3bytes_rw_inst|i2c_ctrler:i2c_ctrler_inst|reg_recv_byte[4] ; 2       ;
; eeprom_3bytes_rw:eeprom_3bytes_rw_inst|i2c_ctrler:i2c_ctrler_inst|reg_recv_byte[3] ; 2       ;
; eeprom_3bytes_rw:eeprom_3bytes_rw_inst|i2c_ctrler:i2c_ctrler_inst|reg_recv_byte[2] ; 2       ;
; Total number of inverted registers = 25                                            ;         ;
+------------------------------------------------------------------------------------+---------+


+--------------------------------------------------------------------------------------------------------------------------------------------------------------------------------------------------------------+
; Multiplexer Restructuring Statistics (Restructuring Performed)                                                                                                                                               ;
+--------------------+-----------+---------------+----------------------+------------------------+------------+------------------------------------------------------------------------------------------------+
; Multiplexer Inputs ; Bus Width ; Baseline Area ; Area if Restructured ; Saving if Restructured ; Registered ; Example Multiplexer Output                                                                     ;
+--------------------+-----------+---------------+----------------------+------------------------+------------+------------------------------------------------------------------------------------------------+
; 3:1                ; 4 bits    ; 8 LEs         ; 4 LEs                ; 4 LEs                  ; Yes        ; |top_module|caseg_to_hc595:caseg_to_hc595_inst|bit[0]                                          ;
; 3:1                ; 16 bits   ; 32 LEs        ; 16 LEs               ; 16 LEs                 ; Yes        ; |top_module|key:key1_inst|cnt_1ms[10]                                                          ;
; 3:1                ; 16 bits   ; 32 LEs        ; 16 LEs               ; 16 LEs                 ; Yes        ; |top_module|key:key1_inst|cnt_20ms[13]                                                         ;
; 3:1                ; 4 bits    ; 8 LEs         ; 4 LEs                ; 4 LEs                  ; Yes        ; |top_module|eeprom_3bytes_rw:eeprom_3bytes_rw_inst|reg_addr[2]                                 ;
; 3:1                ; 16 bits   ; 32 LEs        ; 16 LEs               ; 16 LEs                 ; Yes        ; |top_module|key:key1_inst|cnt_long_press[1]                                                    ;
; 3:1                ; 24 bits   ; 48 LEs        ; 24 LEs               ; 24 LEs                 ; Yes        ; |top_module|update[1]                                                                          ;
; 3:1                ; 16 bits   ; 32 LEs        ; 16 LEs               ; 16 LEs                 ; Yes        ; |top_module|key:key2_inst|cnt_1ms[15]                                                          ;
; 3:1                ; 16 bits   ; 32 LEs        ; 16 LEs               ; 16 LEs                 ; Yes        ; |top_module|key:key2_inst|cnt_20ms[7]                                                          ;
; 3:1                ; 16 bits   ; 32 LEs        ; 16 LEs               ; 16 LEs                 ; Yes        ; |top_module|key:key2_inst|cnt_long_press[7]                                                    ;
; 4:1                ; 16 bits   ; 32 LEs        ; 16 LEs               ; 16 LEs                 ; Yes        ; |top_module|key:key1_inst|cnt_signal_interval[7]                                               ;
; 8:1                ; 4 bits    ; 20 LEs        ; 16 LEs               ; 4 LEs                  ; Yes        ; |top_module|bit_to_caseg:bit_to_caseg_inst|seg_disp[3]                                         ;
; 4:1                ; 8 bits    ; 16 LEs        ; 16 LEs               ; 0 LEs                  ; Yes        ; |top_module|time_cnt:time_cnt_inst|all_time_data[1]                                            ;
; 4:1                ; 32 bits   ; 64 LEs        ; 32 LEs               ; 32 LEs                 ; Yes        ; |top_module|time_cnt:time_cnt_inst|cnt_100ms[30]                                               ;
; 4:1                ; 16 bits   ; 32 LEs        ; 16 LEs               ; 16 LEs                 ; Yes        ; |top_module|key:key2_inst|cnt_signal_interval[12]                                              ;
; 5:1                ; 8 bits    ; 24 LEs        ; 16 LEs               ; 8 LEs                  ; Yes        ; |top_module|time_cnt:time_cnt_inst|all_time_data[14]                                           ;
; 5:1                ; 8 bits    ; 24 LEs        ; 16 LEs               ; 8 LEs                  ; Yes        ; |top_module|time_cnt:time_cnt_inst|all_time_data[21]                                           ;
; 4:1                ; 8 bits    ; 16 LEs        ; 16 LEs               ; 0 LEs                  ; Yes        ; |top_module|eeprom_3bytes_rw:eeprom_3bytes_rw_inst|write_byte[2]                               ;
; 7:1                ; 32 bits   ; 128 LEs       ; 32 LEs               ; 96 LEs                 ; Yes        ; |top_module|eeprom_3bytes_rw:eeprom_3bytes_rw_inst|i2c_ctrler:i2c_ctrler_inst|i2c_time_cnt[7]  ;
; 7:1                ; 17 bits   ; 68 LEs        ; 17 LEs               ; 51 LEs                 ; Yes        ; |top_module|eeprom_3bytes_rw:eeprom_3bytes_rw_inst|rw_step_cnt[7]                              ;
; 3:1                ; 2 bits    ; 4 LEs         ; 4 LEs                ; 0 LEs                  ; Yes        ; |top_module|eeprom_3bytes_rw:eeprom_3bytes_rw_inst|i2c_ctrler:i2c_ctrler_inst|sda_ctrl         ;
; 6:1                ; 5 bits    ; 20 LEs        ; 10 LEs               ; 10 LEs                 ; Yes        ; |top_module|eeprom_3bytes_rw:eeprom_3bytes_rw_inst|i2c_ctrler:i2c_ctrler_inst|reg_send_byte[3] ;
; 9:1                ; 3 bits    ; 18 LEs        ; 9 LEs                ; 9 LEs                  ; Yes        ; |top_module|eeprom_3bytes_rw:eeprom_3bytes_rw_inst|i2c_ctrler:i2c_ctrler_inst|reg_send_byte[0] ;
+--------------------+-----------+---------------+----------------------+------------------------+------------+------------------------------------------------------------------------------------------------+


+----------------------------------------------------------------------------+
; Parameter Settings for User Entity Instance: Top-level Entity: |top_module ;
+----------------+-------+---------------------------------------------------+
; Parameter Name ; Value ; Type                                              ;
+----------------+-------+---------------------------------------------------+
; default_bit_7  ; 15    ; Signed Integer                                    ;
; default_bit_6  ; 0     ; Signed Integer                                    ;
; default_bit_5  ; 0     ; Signed Integer                                    ;
; default_bit_4  ; 11    ; Signed Integer                                    ;
; default_bit_3  ; 0     ; Signed Integer                                    ;
; default_bit_2  ; 0     ; Signed Integer                                    ;
; default_bit_1  ; 11    ; Signed Integer                                    ;
; default_bit_0  ; 0     ; Signed Integer                                    ;
+----------------+-------+---------------------------------------------------+
Note: In order to hide this table in the UI and the text report file, please set the "Show Parameter Settings in Synthesis Report" option in "Analysis and Synthesis Settings -> More Settings" to "Off".


+------------------------------------------------------------+
; Parameter Settings for User Entity Instance: key:key1_inst ;
+-----------------+----------+-------------------------------+
; Parameter Name  ; Value    ; Type                          ;
+-----------------+----------+-------------------------------+
; sclk_freq       ; 50000000 ; Signed Integer                ;
; press_vol       ; 0        ; Signed Integer                ;
; long_press      ; 500      ; Signed Integer                ;
; signal_interval ; 100      ; Signed Integer                ;
+-----------------+----------+-------------------------------+
Note: In order to hide this table in the UI and the text report file, please set the "Show Parameter Settings in Synthesis Report" option in "Analysis and Synthesis Settings -> More Settings" to "Off".


+------------------------------------------------------------+
; Parameter Settings for User Entity Instance: key:key2_inst ;
+-----------------+----------+-------------------------------+
; Parameter Name  ; Value    ; Type                          ;
+-----------------+----------+-------------------------------+
; sclk_freq       ; 50000000 ; Signed Integer                ;
; press_vol       ; 0        ; Signed Integer                ;
; long_press      ; 500      ; Signed Integer                ;
; signal_interval ; 100      ; Signed Integer                ;
+-----------------+----------+-------------------------------+
Note: In order to hide this table in the UI and the text report file, please set the "Show Parameter Settings in Synthesis Report" option in "Analysis and Synthesis Settings -> More Settings" to "Off".


+-------------------------------------------------------------------------------------+
; Parameter Settings for User Entity Instance: eeprom_3bytes_rw:eeprom_3bytes_rw_inst ;
+----------------+---------+----------------------------------------------------------+
; Parameter Name ; Value   ; Type                                                     ;
+----------------+---------+----------------------------------------------------------+
; equi_addr      ; 1010000 ; Unsigned Binary                                          ;
+----------------+---------+----------------------------------------------------------+
Note: In order to hide this table in the UI and the text report file, please set the "Show Parameter Settings in Synthesis Report" option in "Analysis and Synthesis Settings -> More Settings" to "Off".


+----------------------------------------------------------------------------------------------------------------+
; Parameter Settings for User Entity Instance: eeprom_3bytes_rw:eeprom_3bytes_rw_inst|i2c_ctrler:i2c_ctrler_inst ;
+----------------+----------+------------------------------------------------------------------------------------+
; Parameter Name ; Value    ; Type                                                                               ;
+----------------+----------+------------------------------------------------------------------------------------+
; sys_clk_freq   ; 50000000 ; Signed Integer                                                                     ;
; i2c_clk_speed  ; 400000   ; Signed Integer                                                                     ;
+----------------+----------+------------------------------------------------------------------------------------+
Note: In order to hide this table in the UI and the text report file, please set the "Show Parameter Settings in Synthesis Report" option in "Analysis and Synthesis Settings -> More Settings" to "Off".


+---------------------------------------------------------------------+
; Parameter Settings for User Entity Instance: time_cnt:time_cnt_inst ;
+----------------+-------+--------------------------------------------+
; Parameter Name ; Value ; Type                                       ;
+----------------+-------+--------------------------------------------+
; min_start      ; 0     ; Signed Integer                             ;
; min_MAX        ; 59    ; Signed Integer                             ;
; sec_start      ; 0     ; Signed Integer                             ;
; sec_MAX        ; 59    ; Signed Integer                             ;
; deci_sec_start ; 0     ; Signed Integer                             ;
; deci_sec_MAX   ; 9     ; Signed Integer                             ;
+----------------+-------+--------------------------------------------+
Note: In order to hide this table in the UI and the text report file, please set the "Show Parameter Settings in Synthesis Report" option in "Analysis and Synthesis Settings -> More Settings" to "Off".


+-----------------------------------------------------------------------------+
; Parameter Settings for User Entity Instance: bit_to_caseg:bit_to_caseg_inst ;
+----------------+------------------+-----------------------------------------+
; Parameter Name ; Value            ; Type                                    ;
+----------------+------------------+-----------------------------------------+
; cnt_1ms_MAX    ; 1100001101001111 ; Unsigned Binary                         ;
; cnt_bit_MAX    ; 111              ; Unsigned Binary                         ;
+----------------+------------------+-----------------------------------------+
Note: In order to hide this table in the UI and the text report file, please set the "Show Parameter Settings in Synthesis Report" option in "Analysis and Synthesis Settings -> More Settings" to "Off".


+---------------------------------------------------------------------------------+
; Parameter Settings for User Entity Instance: caseg_to_hc595:caseg_to_hc595_inst ;
+----------------+-------+--------------------------------------------------------+
; Parameter Name ; Value ; Type                                                   ;
+----------------+-------+--------------------------------------------------------+
; cnt_MAX        ; 11    ; Unsigned Binary                                        ;
; bit_MAX        ; 1111  ; Unsigned Binary                                        ;
+----------------+-------+--------------------------------------------------------+
Note: In order to hide this table in the UI and the text report file, please set the "Show Parameter Settings in Synthesis Report" option in "Analysis and Synthesis Settings -> More Settings" to "Off".


+------------------------------------------------------------------+
; Parameter Settings for Inferred Entity Instance: lpm_divide:Mod1 ;
+------------------------+----------------+------------------------+
; Parameter Name         ; Value          ; Type                   ;
+------------------------+----------------+------------------------+
; LPM_WIDTHN             ; 8              ; Untyped                ;
; LPM_WIDTHD             ; 4              ; Untyped                ;
; LPM_NREPRESENTATION    ; UNSIGNED       ; Untyped                ;
; LPM_DREPRESENTATION    ; UNSIGNED       ; Untyped                ;
; LPM_PIPELINE           ; 0              ; Untyped                ;
; LPM_REMAINDERPOSITIVE  ; TRUE           ; Untyped                ;
; MAXIMIZE_SPEED         ; 5              ; Untyped                ;
; CBXI_PARAMETER         ; lpm_divide_m9m ; Untyped                ;
; CARRY_CHAIN            ; MANUAL         ; Untyped                ;
; OPTIMIZE_FOR_SPEED     ; 5              ; Untyped                ;
; AUTO_CARRY_CHAINS      ; ON             ; AUTO_CARRY             ;
; IGNORE_CARRY_BUFFERS   ; OFF            ; IGNORE_CARRY           ;
; AUTO_CASCADE_CHAINS    ; ON             ; AUTO_CASCADE           ;
; IGNORE_CASCADE_BUFFERS ; OFF            ; IGNORE_CASCADE         ;
+------------------------+----------------+------------------------+
Note: In order to hide this table in the UI and the text report file, please set the "Show Parameter Settings in Synthesis Report" option in "Analysis and Synthesis Settings -> More Settings" to "Off".


+------------------------------------------------------------------+
; Parameter Settings for Inferred Entity Instance: lpm_divide:Div1 ;
+------------------------+----------------+------------------------+
; Parameter Name         ; Value          ; Type                   ;
+------------------------+----------------+------------------------+
; LPM_WIDTHN             ; 8              ; Untyped                ;
; LPM_WIDTHD             ; 4              ; Untyped                ;
; LPM_NREPRESENTATION    ; UNSIGNED       ; Untyped                ;
; LPM_DREPRESENTATION    ; UNSIGNED       ; Untyped                ;
; LPM_PIPELINE           ; 0              ; Untyped                ;
; LPM_REMAINDERPOSITIVE  ; TRUE           ; Untyped                ;
; MAXIMIZE_SPEED         ; 5              ; Untyped                ;
; CBXI_PARAMETER         ; lpm_divide_jhm ; Untyped                ;
; CARRY_CHAIN            ; MANUAL         ; Untyped                ;
; OPTIMIZE_FOR_SPEED     ; 5              ; Untyped                ;
; AUTO_CARRY_CHAINS      ; ON             ; AUTO_CARRY             ;
; IGNORE_CARRY_BUFFERS   ; OFF            ; IGNORE_CARRY           ;
; AUTO_CASCADE_CHAINS    ; ON             ; AUTO_CASCADE           ;
; IGNORE_CASCADE_BUFFERS ; OFF            ; IGNORE_CASCADE         ;
+------------------------+----------------+------------------------+
Note: In order to hide this table in the UI and the text report file, please set the "Show Parameter Settings in Synthesis Report" option in "Analysis and Synthesis Settings -> More Settings" to "Off".


+------------------------------------------------------------------+
; Parameter Settings for Inferred Entity Instance: lpm_divide:Div0 ;
+------------------------+----------------+------------------------+
; Parameter Name         ; Value          ; Type                   ;
+------------------------+----------------+------------------------+
; LPM_WIDTHN             ; 8              ; Untyped                ;
; LPM_WIDTHD             ; 4              ; Untyped                ;
; LPM_NREPRESENTATION    ; UNSIGNED       ; Untyped                ;
; LPM_DREPRESENTATION    ; UNSIGNED       ; Untyped                ;
; LPM_PIPELINE           ; 0              ; Untyped                ;
; LPM_REMAINDERPOSITIVE  ; TRUE           ; Untyped                ;
; MAXIMIZE_SPEED         ; 5              ; Untyped                ;
; CBXI_PARAMETER         ; lpm_divide_jhm ; Untyped                ;
; CARRY_CHAIN            ; MANUAL         ; Untyped                ;
; OPTIMIZE_FOR_SPEED     ; 5              ; Untyped                ;
; AUTO_CARRY_CHAINS      ; ON             ; AUTO_CARRY             ;
; IGNORE_CARRY_BUFFERS   ; OFF            ; IGNORE_CARRY           ;
; AUTO_CASCADE_CHAINS    ; ON             ; AUTO_CASCADE           ;
; IGNORE_CASCADE_BUFFERS ; OFF            ; IGNORE_CASCADE         ;
+------------------------+----------------+------------------------+
Note: In order to hide this table in the UI and the text report file, please set the "Show Parameter Settings in Synthesis Report" option in "Analysis and Synthesis Settings -> More Settings" to "Off".


+------------------------------------------------------------------+
; Parameter Settings for Inferred Entity Instance: lpm_divide:Mod0 ;
+------------------------+----------------+------------------------+
; Parameter Name         ; Value          ; Type                   ;
+------------------------+----------------+------------------------+
; LPM_WIDTHN             ; 8              ; Untyped                ;
; LPM_WIDTHD             ; 4              ; Untyped                ;
; LPM_NREPRESENTATION    ; UNSIGNED       ; Untyped                ;
; LPM_DREPRESENTATION    ; UNSIGNED       ; Untyped                ;
; LPM_PIPELINE           ; 0              ; Untyped                ;
; LPM_REMAINDERPOSITIVE  ; TRUE           ; Untyped                ;
; MAXIMIZE_SPEED         ; 5              ; Untyped                ;
; CBXI_PARAMETER         ; lpm_divide_m9m ; Untyped                ;
; CARRY_CHAIN            ; MANUAL         ; Untyped                ;
; OPTIMIZE_FOR_SPEED     ; 5              ; Untyped                ;
; AUTO_CARRY_CHAINS      ; ON             ; AUTO_CARRY             ;
; IGNORE_CARRY_BUFFERS   ; OFF            ; IGNORE_CARRY           ;
; AUTO_CASCADE_CHAINS    ; ON             ; AUTO_CASCADE           ;
; IGNORE_CASCADE_BUFFERS ; OFF            ; IGNORE_CASCADE         ;
+------------------------+----------------+------------------------+
Note: In order to hide this table in the UI and the text report file, please set the "Show Parameter Settings in Synthesis Report" option in "Analysis and Synthesis Settings -> More Settings" to "Off".


+------------------------------------------------------------+
; Port Connectivity Checks: "bit_to_caseg:bit_to_caseg_inst" ;
+-------------+-------+----------+---------------------------+
; Port        ; Type  ; Severity ; Details                   ;
+-------------+-------+----------+---------------------------+
; bit_7       ; Input ; Info     ; Stuck at VCC              ;
; bit_4[1..0] ; Input ; Info     ; Stuck at VCC              ;
; bit_4[3]    ; Input ; Info     ; Stuck at VCC              ;
; bit_4[2]    ; Input ; Info     ; Stuck at GND              ;
; bit_1[1..0] ; Input ; Info     ; Stuck at VCC              ;
; bit_1[3]    ; Input ; Info     ; Stuck at VCC              ;
; bit_1[2]    ; Input ; Info     ; Stuck at GND              ;
+-------------+-------+----------+---------------------------+


+--------------------------------------------------------------------------------------------------------------------------+
; Port Connectivity Checks: "time_cnt:time_cnt_inst"                                                                       ;
+----------------+--------+----------+-------------------------------------------------------------------------------------+
; Port           ; Type   ; Severity ; Details                                                                             ;
+----------------+--------+----------+-------------------------------------------------------------------------------------+
; deci_sec[7..4] ; Output ; Info     ; Connected to dangling logic. Logic that only feeds a dangling port will be removed. ;
+----------------+--------+----------+-------------------------------------------------------------------------------------+


+-----------------------------------------------------------------------------------------------+
; Port Connectivity Checks: "eeprom_3bytes_rw:eeprom_3bytes_rw_inst|i2c_ctrler:i2c_ctrler_inst" ;
+-----------------+-------+----------+----------------------------------------------------------+
; Port            ; Type  ; Severity ; Details                                                  ;
+-----------------+-------+----------+----------------------------------------------------------+
; equi_addr[3..0] ; Input ; Info     ; Stuck at GND                                             ;
; equi_addr[6]    ; Input ; Info     ; Stuck at VCC                                             ;
; equi_addr[5]    ; Input ; Info     ; Stuck at GND                                             ;
; equi_addr[4]    ; Input ; Info     ; Stuck at VCC                                             ;
+-----------------+-------+----------+----------------------------------------------------------+


+--------------------------------------------------------------------+
; Port Connectivity Checks: "eeprom_3bytes_rw:eeprom_3bytes_rw_inst" ;
+----------------------+-------+----------+--------------------------+
; Port                 ; Type  ; Severity ; Details                  ;
+----------------------+-------+----------+--------------------------+
; start_reg_addr[7..4] ; Input ; Info     ; Stuck at GND             ;
; start_reg_addr[3]    ; Input ; Info     ; Stuck at VCC             ;
; start_reg_addr[2]    ; Input ; Info     ; Stuck at GND             ;
; start_reg_addr[1]    ; Input ; Info     ; Stuck at VCC             ;
; start_reg_addr[0]    ; Input ; Info     ; Stuck at GND             ;
+----------------------+-------+----------+--------------------------+


+-----------------------------------------------------+
; Post-Synthesis Netlist Statistics for Top Partition ;
+-----------------------+-----------------------------+
; Type                  ; Count                       ;
+-----------------------+-----------------------------+
; boundary_port         ; 11                          ;
; cycloneiii_ff         ; 490                         ;
;     CLR               ; 94                          ;
;     CLR SCLR          ; 72                          ;
;     ENA               ; 24                          ;
;     ENA CLR           ; 147                         ;
;     ENA CLR SCLR      ; 145                         ;
;     ENA CLR SLD       ; 8                           ;
; cycloneiii_io_obuf    ; 2                           ;
; cycloneiii_lcell_comb ; 1177                        ;
;     arith             ; 371                         ;
;         2 data inputs ; 303                         ;
;         3 data inputs ; 68                          ;
;     normal            ; 806                         ;
;         0 data inputs ; 21                          ;
;         1 data inputs ; 41                          ;
;         2 data inputs ; 227                         ;
;         3 data inputs ; 100                         ;
;         4 data inputs ; 417                         ;
;                       ;                             ;
; Max LUT depth         ; 14.00                       ;
; Average LUT depth     ; 5.86                        ;
+-----------------------+-----------------------------+


+-------------------------------+
; Elapsed Time Per Partition    ;
+----------------+--------------+
; Partition Name ; Elapsed Time ;
+----------------+--------------+
; Top            ; 00:00:02     ;
+----------------+--------------+


+-------------------------------+
; Analysis & Synthesis Messages ;
+-------------------------------+
Info: *******************************************************************
Info: Running Quartus Prime Analysis & Synthesis
    Info: Version 23.1std.1 Build 993 05/14/2024 SC Lite Edition
    Info: Processing started: Mon Apr  7 20:04:21 2025
Info: Command: quartus_map --read_settings_files=on --write_settings_files=off lanqiao_15_mocks_2 -c lanqiao_15_mocks_2
Warning (18236): Number of processors has not been specified which may cause overloading on shared machines.  Set the global assignment NUM_PARALLEL_PROCESSORS in your QSF to an appropriate value for best performance.
Info (20030): Parallel compilation is enabled and will use 16 of the 16 processors detected
Info (12021): Found 1 design units, including 1 entities, in source file /datafiles/quartusii/project_23_1/lanqiao_15_mocks_2/rtl/top_module.v
    Info (12023): Found entity 1: top_module File: D:/DATAFiles/QuartusII/project_23_1/lanqiao_15_mocks_2/rtl/top_module.v Line: 1
Info (12021): Found 1 design units, including 1 entities, in source file /datafiles/quartusii/project_23_1/lanqiao_15_mocks_2/rtl/time_cnt.v
    Info (12023): Found entity 1: time_cnt File: D:/DATAFiles/QuartusII/project_23_1/lanqiao_15_mocks_2/rtl/time_cnt.v Line: 1
Info (12021): Found 1 design units, including 1 entities, in source file /datafiles/quartusii/project_23_1/lanqiao_15_mocks_2/rtl/key.v
    Info (12023): Found entity 1: key File: D:/DATAFiles/QuartusII/project_23_1/lanqiao_15_mocks_2/rtl/key.v Line: 2
Info (12021): Found 1 design units, including 1 entities, in source file /datafiles/quartusii/project_23_1/lanqiao_15_mocks_2/rtl/i2c_ctrler.v
    Info (12023): Found entity 1: i2c_ctrler File: D:/DATAFiles/QuartusII/project_23_1/lanqiao_15_mocks_2/rtl/i2c_ctrler.v Line: 2
Info (12021): Found 1 design units, including 1 entities, in source file /datafiles/quartusii/project_23_1/lanqiao_15_mocks_2/rtl/eeprom_3bytes_rw.v
    Info (12023): Found entity 1: eeprom_3bytes_rw File: D:/DATAFiles/QuartusII/project_23_1/lanqiao_15_mocks_2/rtl/eeprom_3bytes_rw.v Line: 1
Warning (10463): Verilog HDL Declaration warning at caseg_to_hc595.v(20): "bit" is SystemVerilog-2005 keyword File: D:/DATAFiles/QuartusII/project_23_1/lanqiao_15_mocks_2/rtl/caseg_to_hc595.v Line: 20
Info (12021): Found 1 design units, including 1 entities, in source file /datafiles/quartusii/project_23_1/lanqiao_15_mocks_2/rtl/caseg_to_hc595.v
    Info (12023): Found entity 1: caseg_to_hc595 File: D:/DATAFiles/QuartusII/project_23_1/lanqiao_15_mocks_2/rtl/caseg_to_hc595.v Line: 4
Info (12021): Found 1 design units, including 1 entities, in source file /datafiles/quartusii/project_23_1/lanqiao_15_mocks_2/rtl/bit_to_caseg.v
    Info (12023): Found entity 1: bit_to_caseg File: D:/DATAFiles/QuartusII/project_23_1/lanqiao_15_mocks_2/rtl/bit_to_caseg.v Line: 4
Warning (10222): Verilog HDL Parameter Declaration warning at key.v(16): Parameter Declaration in module "key" behaves as a Local Parameter Declaration because the module has a Module Parameter Port List File: D:/DATAFiles/QuartusII/project_23_1/lanqiao_15_mocks_2/rtl/key.v Line: 16
Warning (10222): Verilog HDL Parameter Declaration warning at key.v(27): Parameter Declaration in module "key" behaves as a Local Parameter Declaration because the module has a Module Parameter Port List File: D:/DATAFiles/QuartusII/project_23_1/lanqiao_15_mocks_2/rtl/key.v Line: 27
Warning (10222): Verilog HDL Parameter Declaration warning at key.v(38): Parameter Declaration in module "key" behaves as a Local Parameter Declaration because the module has a Module Parameter Port List File: D:/DATAFiles/QuartusII/project_23_1/lanqiao_15_mocks_2/rtl/key.v Line: 38
Warning (10222): Verilog HDL Parameter Declaration warning at key.v(39): Parameter Declaration in module "key" behaves as a Local Parameter Declaration because the module has a Module Parameter Port List File: D:/DATAFiles/QuartusII/project_23_1/lanqiao_15_mocks_2/rtl/key.v Line: 39
Warning (10222): Verilog HDL Parameter Declaration warning at key.v(61): Parameter Declaration in module "key" behaves as a Local Parameter Declaration because the module has a Module Parameter Port List File: D:/DATAFiles/QuartusII/project_23_1/lanqiao_15_mocks_2/rtl/key.v Line: 61
Warning (10222): Verilog HDL Parameter Declaration warning at key.v(85): Parameter Declaration in module "key" behaves as a Local Parameter Declaration because the module has a Module Parameter Port List File: D:/DATAFiles/QuartusII/project_23_1/lanqiao_15_mocks_2/rtl/key.v Line: 85
Warning (10222): Verilog HDL Parameter Declaration warning at eeprom_3bytes_rw.v(21): Parameter Declaration in module "eeprom_3bytes_rw" behaves as a Local Parameter Declaration because the module has a Module Parameter Port List File: D:/DATAFiles/QuartusII/project_23_1/lanqiao_15_mocks_2/rtl/eeprom_3bytes_rw.v Line: 21
Warning (10222): Verilog HDL Parameter Declaration warning at eeprom_3bytes_rw.v(22): Parameter Declaration in module "eeprom_3bytes_rw" behaves as a Local Parameter Declaration because the module has a Module Parameter Port List File: D:/DATAFiles/QuartusII/project_23_1/lanqiao_15_mocks_2/rtl/eeprom_3bytes_rw.v Line: 22
Warning (10222): Verilog HDL Parameter Declaration warning at eeprom_3bytes_rw.v(79): Parameter Declaration in module "eeprom_3bytes_rw" behaves as a Local Parameter Declaration because the module has a Module Parameter Port List File: D:/DATAFiles/QuartusII/project_23_1/lanqiao_15_mocks_2/rtl/eeprom_3bytes_rw.v Line: 79
Warning (10222): Verilog HDL Parameter Declaration warning at eeprom_3bytes_rw.v(80): Parameter Declaration in module "eeprom_3bytes_rw" behaves as a Local Parameter Declaration because the module has a Module Parameter Port List File: D:/DATAFiles/QuartusII/project_23_1/lanqiao_15_mocks_2/rtl/eeprom_3bytes_rw.v Line: 80
Warning (10222): Verilog HDL Parameter Declaration warning at i2c_ctrler.v(53): Parameter Declaration in module "i2c_ctrler" behaves as a Local Parameter Declaration because the module has a Module Parameter Port List File: D:/DATAFiles/QuartusII/project_23_1/lanqiao_15_mocks_2/rtl/i2c_ctrler.v Line: 53
Warning (10222): Verilog HDL Parameter Declaration warning at i2c_ctrler.v(63): Parameter Declaration in module "i2c_ctrler" behaves as a Local Parameter Declaration because the module has a Module Parameter Port List File: D:/DATAFiles/QuartusII/project_23_1/lanqiao_15_mocks_2/rtl/i2c_ctrler.v Line: 63
Warning (10222): Verilog HDL Parameter Declaration warning at i2c_ctrler.v(73): Parameter Declaration in module "i2c_ctrler" behaves as a Local Parameter Declaration because the module has a Module Parameter Port List File: D:/DATAFiles/QuartusII/project_23_1/lanqiao_15_mocks_2/rtl/i2c_ctrler.v Line: 73
Warning (10222): Verilog HDL Parameter Declaration warning at i2c_ctrler.v(74): Parameter Declaration in module "i2c_ctrler" behaves as a Local Parameter Declaration because the module has a Module Parameter Port List File: D:/DATAFiles/QuartusII/project_23_1/lanqiao_15_mocks_2/rtl/i2c_ctrler.v Line: 74
Warning (10222): Verilog HDL Parameter Declaration warning at time_cnt.v(29): Parameter Declaration in module "time_cnt" behaves as a Local Parameter Declaration because the module has a Module Parameter Port List File: D:/DATAFiles/QuartusII/project_23_1/lanqiao_15_mocks_2/rtl/time_cnt.v Line: 29
Warning (10222): Verilog HDL Parameter Declaration warning at time_cnt.v(30): Parameter Declaration in module "time_cnt" behaves as a Local Parameter Declaration because the module has a Module Parameter Port List File: D:/DATAFiles/QuartusII/project_23_1/lanqiao_15_mocks_2/rtl/time_cnt.v Line: 30
Info (12127): Elaborating entity "top_module" for the top level hierarchy
Warning (10230): Verilog HDL assignment warning at top_module.v(82): truncated value with size 32 to match size of target (1) File: D:/DATAFiles/QuartusII/project_23_1/lanqiao_15_mocks_2/rtl/top_module.v Line: 82
Warning (10230): Verilog HDL assignment warning at top_module.v(83): truncated value with size 32 to match size of target (1) File: D:/DATAFiles/QuartusII/project_23_1/lanqiao_15_mocks_2/rtl/top_module.v Line: 83
Warning (10230): Verilog HDL assignment warning at top_module.v(84): truncated value with size 32 to match size of target (1) File: D:/DATAFiles/QuartusII/project_23_1/lanqiao_15_mocks_2/rtl/top_module.v Line: 84
Warning (10230): Verilog HDL assignment warning at top_module.v(94): truncated value with size 32 to match size of target (1) File: D:/DATAFiles/QuartusII/project_23_1/lanqiao_15_mocks_2/rtl/top_module.v Line: 94
Warning (10230): Verilog HDL assignment warning at top_module.v(183): truncated value with size 32 to match size of target (4) File: D:/DATAFiles/QuartusII/project_23_1/lanqiao_15_mocks_2/rtl/top_module.v Line: 183
Warning (10230): Verilog HDL assignment warning at top_module.v(184): truncated value with size 32 to match size of target (4) File: D:/DATAFiles/QuartusII/project_23_1/lanqiao_15_mocks_2/rtl/top_module.v Line: 184
Warning (10230): Verilog HDL assignment warning at top_module.v(186): truncated value with size 32 to match size of target (4) File: D:/DATAFiles/QuartusII/project_23_1/lanqiao_15_mocks_2/rtl/top_module.v Line: 186
Warning (10230): Verilog HDL assignment warning at top_module.v(187): truncated value with size 32 to match size of target (4) File: D:/DATAFiles/QuartusII/project_23_1/lanqiao_15_mocks_2/rtl/top_module.v Line: 187
Info (12128): Elaborating entity "key" for hierarchy "key:key1_inst" File: D:/DATAFiles/QuartusII/project_23_1/lanqiao_15_mocks_2/rtl/top_module.v Line: 39
Warning (10230): Verilog HDL assignment warning at key.v(23): truncated value with size 32 to match size of target (16) File: D:/DATAFiles/QuartusII/project_23_1/lanqiao_15_mocks_2/rtl/key.v Line: 23
Warning (10230): Verilog HDL assignment warning at key.v(46): truncated value with size 32 to match size of target (16) File: D:/DATAFiles/QuartusII/project_23_1/lanqiao_15_mocks_2/rtl/key.v Line: 46
Warning (10230): Verilog HDL assignment warning at key.v(70): truncated value with size 32 to match size of target (16) File: D:/DATAFiles/QuartusII/project_23_1/lanqiao_15_mocks_2/rtl/key.v Line: 70
Warning (10230): Verilog HDL assignment warning at key.v(94): truncated value with size 32 to match size of target (16) File: D:/DATAFiles/QuartusII/project_23_1/lanqiao_15_mocks_2/rtl/key.v Line: 94
Info (12128): Elaborating entity "eeprom_3bytes_rw" for hierarchy "eeprom_3bytes_rw:eeprom_3bytes_rw_inst" File: D:/DATAFiles/QuartusII/project_23_1/lanqiao_15_mocks_2/rtl/top_module.v Line: 73
Warning (10230): Verilog HDL assignment warning at eeprom_3bytes_rw.v(30): truncated value with size 32 to match size of target (17) File: D:/DATAFiles/QuartusII/project_23_1/lanqiao_15_mocks_2/rtl/eeprom_3bytes_rw.v Line: 30
Warning (10230): Verilog HDL assignment warning at eeprom_3bytes_rw.v(35): truncated value with size 32 to match size of target (17) File: D:/DATAFiles/QuartusII/project_23_1/lanqiao_15_mocks_2/rtl/eeprom_3bytes_rw.v Line: 35
Warning (10230): Verilog HDL assignment warning at eeprom_3bytes_rw.v(110): truncated value with size 32 to match size of target (8) File: D:/DATAFiles/QuartusII/project_23_1/lanqiao_15_mocks_2/rtl/eeprom_3bytes_rw.v Line: 110
Warning (10230): Verilog HDL assignment warning at eeprom_3bytes_rw.v(112): truncated value with size 32 to match size of target (8) File: D:/DATAFiles/QuartusII/project_23_1/lanqiao_15_mocks_2/rtl/eeprom_3bytes_rw.v Line: 112
Warning (10230): Verilog HDL assignment warning at eeprom_3bytes_rw.v(114): truncated value with size 32 to match size of target (8) File: D:/DATAFiles/QuartusII/project_23_1/lanqiao_15_mocks_2/rtl/eeprom_3bytes_rw.v Line: 114
Warning (10230): Verilog HDL assignment warning at eeprom_3bytes_rw.v(122): truncated value with size 32 to match size of target (8) File: D:/DATAFiles/QuartusII/project_23_1/lanqiao_15_mocks_2/rtl/eeprom_3bytes_rw.v Line: 122
Warning (10230): Verilog HDL assignment warning at eeprom_3bytes_rw.v(123): truncated value with size 32 to match size of target (8) File: D:/DATAFiles/QuartusII/project_23_1/lanqiao_15_mocks_2/rtl/eeprom_3bytes_rw.v Line: 123
Warning (10230): Verilog HDL assignment warning at eeprom_3bytes_rw.v(124): truncated value with size 32 to match size of target (8) File: D:/DATAFiles/QuartusII/project_23_1/lanqiao_15_mocks_2/rtl/eeprom_3bytes_rw.v Line: 124
Info (12128): Elaborating entity "i2c_ctrler" for hierarchy "eeprom_3bytes_rw:eeprom_3bytes_rw_inst|i2c_ctrler:i2c_ctrler_inst" File: D:/DATAFiles/QuartusII/project_23_1/lanqiao_15_mocks_2/rtl/eeprom_3bytes_rw.v Line: 180
Warning (10762): Verilog HDL Case Statement warning at i2c_ctrler.v(140): can't check case statement for completeness because the case expression has too many possible states File: D:/DATAFiles/QuartusII/project_23_1/lanqiao_15_mocks_2/rtl/i2c_ctrler.v Line: 140
Warning (10762): Verilog HDL Case Statement warning at i2c_ctrler.v(233): can't check case statement for completeness because the case expression has too many possible states File: D:/DATAFiles/QuartusII/project_23_1/lanqiao_15_mocks_2/rtl/i2c_ctrler.v Line: 233
Info (12128): Elaborating entity "time_cnt" for hierarchy "time_cnt:time_cnt_inst" File: D:/DATAFiles/QuartusII/project_23_1/lanqiao_15_mocks_2/rtl/top_module.v Line: 179
Warning (10230): Verilog HDL assignment warning at time_cnt.v(56): truncated value with size 32 to match size of target (8) File: D:/DATAFiles/QuartusII/project_23_1/lanqiao_15_mocks_2/rtl/time_cnt.v Line: 56
Warning (10230): Verilog HDL assignment warning at time_cnt.v(61): truncated value with size 32 to match size of target (8) File: D:/DATAFiles/QuartusII/project_23_1/lanqiao_15_mocks_2/rtl/time_cnt.v Line: 61
Warning (10230): Verilog HDL assignment warning at time_cnt.v(62): truncated value with size 32 to match size of target (8) File: D:/DATAFiles/QuartusII/project_23_1/lanqiao_15_mocks_2/rtl/time_cnt.v Line: 62
Warning (10230): Verilog HDL assignment warning at time_cnt.v(67): truncated value with size 32 to match size of target (8) File: D:/DATAFiles/QuartusII/project_23_1/lanqiao_15_mocks_2/rtl/time_cnt.v Line: 67
Warning (10230): Verilog HDL assignment warning at time_cnt.v(72): truncated value with size 32 to match size of target (8) File: D:/DATAFiles/QuartusII/project_23_1/lanqiao_15_mocks_2/rtl/time_cnt.v Line: 72
Warning (10230): Verilog HDL assignment warning at time_cnt.v(73): truncated value with size 32 to match size of target (8) File: D:/DATAFiles/QuartusII/project_23_1/lanqiao_15_mocks_2/rtl/time_cnt.v Line: 73
Warning (10230): Verilog HDL assignment warning at time_cnt.v(78): truncated value with size 32 to match size of target (8) File: D:/DATAFiles/QuartusII/project_23_1/lanqiao_15_mocks_2/rtl/time_cnt.v Line: 78
Warning (10230): Verilog HDL assignment warning at time_cnt.v(83): truncated value with size 32 to match size of target (8) File: D:/DATAFiles/QuartusII/project_23_1/lanqiao_15_mocks_2/rtl/time_cnt.v Line: 83
Warning (10230): Verilog HDL assignment warning at time_cnt.v(84): truncated value with size 32 to match size of target (8) File: D:/DATAFiles/QuartusII/project_23_1/lanqiao_15_mocks_2/rtl/time_cnt.v Line: 84
Info (12128): Elaborating entity "bit_to_caseg" for hierarchy "bit_to_caseg:bit_to_caseg_inst" File: D:/DATAFiles/QuartusII/project_23_1/lanqiao_15_mocks_2/rtl/top_module.v Line: 206
Warning (10230): Verilog HDL assignment warning at bit_to_caseg.v(34): truncated value with size 32 to match size of target (16) File: D:/DATAFiles/QuartusII/project_23_1/lanqiao_15_mocks_2/rtl/bit_to_caseg.v Line: 34
Warning (10230): Verilog HDL assignment warning at bit_to_caseg.v(55): truncated value with size 32 to match size of target (3) File: D:/DATAFiles/QuartusII/project_23_1/lanqiao_15_mocks_2/rtl/bit_to_caseg.v Line: 55
Info (12128): Elaborating entity "caseg_to_hc595" for hierarchy "caseg_to_hc595:caseg_to_hc595_inst" File: D:/DATAFiles/QuartusII/project_23_1/lanqiao_15_mocks_2/rtl/top_module.v Line: 218
Warning (10230): Verilog HDL assignment warning at caseg_to_hc595.v(33): truncated value with size 32 to match size of target (2) File: D:/DATAFiles/QuartusII/project_23_1/lanqiao_15_mocks_2/rtl/caseg_to_hc595.v Line: 33
Warning (10230): Verilog HDL assignment warning at caseg_to_hc595.v(40): truncated value with size 32 to match size of target (4) File: D:/DATAFiles/QuartusII/project_23_1/lanqiao_15_mocks_2/rtl/caseg_to_hc595.v Line: 40
Info (278001): Inferred 4 megafunctions from design logic
    Info (278004): Inferred divider/modulo megafunction ("lpm_divide") from the following logic: "Mod1" File: D:/DATAFiles/QuartusII/project_23_1/lanqiao_15_mocks_2/rtl/top_module.v Line: 187
    Info (278004): Inferred divider/modulo megafunction ("lpm_divide") from the following logic: "Div1" File: D:/DATAFiles/QuartusII/project_23_1/lanqiao_15_mocks_2/rtl/top_module.v Line: 186
    Info (278004): Inferred divider/modulo megafunction ("lpm_divide") from the following logic: "Div0" File: D:/DATAFiles/QuartusII/project_23_1/lanqiao_15_mocks_2/rtl/top_module.v Line: 183
    Info (278004): Inferred divider/modulo megafunction ("lpm_divide") from the following logic: "Mod0" File: D:/DATAFiles/QuartusII/project_23_1/lanqiao_15_mocks_2/rtl/top_module.v Line: 184
Info (12130): Elaborated megafunction instantiation "lpm_divide:Mod1" File: D:/DATAFiles/QuartusII/project_23_1/lanqiao_15_mocks_2/rtl/top_module.v Line: 187
Info (12133): Instantiated megafunction "lpm_divide:Mod1" with the following parameter: File: D:/DATAFiles/QuartusII/project_23_1/lanqiao_15_mocks_2/rtl/top_module.v Line: 187
    Info (12134): Parameter "LPM_WIDTHN" = "8"
    Info (12134): Parameter "LPM_WIDTHD" = "4"
    Info (12134): Parameter "LPM_NREPRESENTATION" = "UNSIGNED"
    Info (12134): Parameter "LPM_DREPRESENTATION" = "UNSIGNED"
Info (12021): Found 1 design units, including 1 entities, in source file db/lpm_divide_m9m.tdf
    Info (12023): Found entity 1: lpm_divide_m9m File: D:/DATAFiles/QuartusII/project_23_1/lanqiao_15_mocks_2/quartus_prj/db/lpm_divide_m9m.tdf Line: 25
Info (12021): Found 1 design units, including 1 entities, in source file db/sign_div_unsign_bkh.tdf
    Info (12023): Found entity 1: sign_div_unsign_bkh File: D:/DATAFiles/QuartusII/project_23_1/lanqiao_15_mocks_2/quartus_prj/db/sign_div_unsign_bkh.tdf Line: 25
Info (12021): Found 1 design units, including 1 entities, in source file db/alt_u_div_a4f.tdf
    Info (12023): Found entity 1: alt_u_div_a4f File: D:/DATAFiles/QuartusII/project_23_1/lanqiao_15_mocks_2/quartus_prj/db/alt_u_div_a4f.tdf Line: 27
Info (12021): Found 1 design units, including 1 entities, in source file db/add_sub_7pc.tdf
    Info (12023): Found entity 1: add_sub_7pc File: D:/DATAFiles/QuartusII/project_23_1/lanqiao_15_mocks_2/quartus_prj/db/add_sub_7pc.tdf Line: 23
Info (12021): Found 1 design units, including 1 entities, in source file db/add_sub_8pc.tdf
    Info (12023): Found entity 1: add_sub_8pc File: D:/DATAFiles/QuartusII/project_23_1/lanqiao_15_mocks_2/quartus_prj/db/add_sub_8pc.tdf Line: 23
Info (12130): Elaborated megafunction instantiation "lpm_divide:Div1" File: D:/DATAFiles/QuartusII/project_23_1/lanqiao_15_mocks_2/rtl/top_module.v Line: 186
Info (12133): Instantiated megafunction "lpm_divide:Div1" with the following parameter: File: D:/DATAFiles/QuartusII/project_23_1/lanqiao_15_mocks_2/rtl/top_module.v Line: 186
    Info (12134): Parameter "LPM_WIDTHN" = "8"
    Info (12134): Parameter "LPM_WIDTHD" = "4"
    Info (12134): Parameter "LPM_NREPRESENTATION" = "UNSIGNED"
    Info (12134): Parameter "LPM_DREPRESENTATION" = "UNSIGNED"
Info (12021): Found 1 design units, including 1 entities, in source file db/lpm_divide_jhm.tdf
    Info (12023): Found entity 1: lpm_divide_jhm File: D:/DATAFiles/QuartusII/project_23_1/lanqiao_15_mocks_2/quartus_prj/db/lpm_divide_jhm.tdf Line: 25
Info (13000): Registers with preset signals will power-up high File: D:/DATAFiles/QuartusII/project_23_1/lanqiao_15_mocks_2/rtl/i2c_ctrler.v Line: 46
Info (13003): DEV_CLRn pin will set, and not reset, register with preset signal due to NOT Gate Push-Back
Warning (13024): Output pins are stuck at VCC or GND
    Warning (13410): Pin "oe" is stuck at GND File: D:/DATAFiles/QuartusII/project_23_1/lanqiao_15_mocks_2/rtl/top_module.v Line: 22
Info (286030): Timing-Driven Synthesis is running
Info (144001): Generated suppressed messages file D:/DATAFiles/QuartusII/project_23_1/lanqiao_15_mocks_2/quartus_prj/output_files/lanqiao_15_mocks_2.map.smsg
Info (16010): Generating hard_block partition "hard_block:auto_generated_inst"
    Info (16011): Adding 0 node(s), including 0 DDIO, 0 PLL, 0 transceiver and 0 LCELL
Info (21057): Implemented 1233 device resources after synthesis - the final resource count might be different
    Info (21058): Implemented 4 input pins
    Info (21059): Implemented 6 output pins
    Info (21060): Implemented 1 bidirectional pins
    Info (21061): Implemented 1222 logic cells
Info: Quartus Prime Analysis & Synthesis was successful. 0 errors, 55 warnings
    Info: Peak virtual memory: 4855 megabytes
    Info: Processing ended: Mon Apr  7 20:04:32 2025
    Info: Elapsed time: 00:00:11
    Info: Total CPU time (on all processors): 00:00:24


+------------------------------------------+
; Analysis & Synthesis Suppressed Messages ;
+------------------------------------------+
The suppressed messages can be found in D:/DATAFiles/QuartusII/project_23_1/lanqiao_15_mocks_2/quartus_prj/output_files/lanqiao_15_mocks_2.map.smsg.


