Analysis & Synthesis report for i2c_at24c02_rw
Sat Apr  5 20:16:33 2025
Quartus Prime Version 23.1std.1 Build 993 05/14/2024 SC Lite Edition


---------------------
; Table of Contents ;
---------------------
  1. Legal Notice
  2. Analysis & Synthesis Summary
  3. Analysis & Synthesis Settings
  4. Parallel Compilation
  5. Analysis & Synthesis Source Files Read
  6. Analysis & Synthesis Resource Usage Summary
  7. Analysis & Synthesis Resource Utilization by Entity
  8. Registers Removed During Synthesis
  9. General Register Statistics
 10. Inverted Register Statistics
 11. Multiplexer Restructuring Statistics (Restructuring Performed)
 12. Parameter Settings for User Entity Instance: key_debounce:key_debounce_inst_1
 13. Parameter Settings for User Entity Instance: key_debounce:key_debounce_inst_2
 14. Parameter Settings for User Entity Instance: i2c_ctrler:i2c_ctrler_inst
 15. Port Connectivity Checks: "i2c_ctrler:i2c_ctrler_inst"
 16. Post-Synthesis Netlist Statistics for Top Partition
 17. Elapsed Time Per Partition
 18. Analysis & Synthesis Messages
 19. Analysis & Synthesis Suppressed Messages



----------------
; Legal Notice ;
----------------
Copyright (C) 2024  Intel Corporation. All rights reserved.
Your use of Intel Corporation's design tools, logic functions 
and other software and tools, and any partner logic 
functions, and any output files from any of the foregoing 
(including device programming or simulation files), and any 
associated documentation or information are expressly subject 
to the terms and conditions of the Intel Program License 
Subscription Agreement, the Intel Quartus Prime License Agreement,
the Intel FPGA IP License Agreement, or other applicable license
agreement, including, without limitation, that your use is for
the sole purpose of programming logic devices manufactured by
Intel and sold by Intel or its authorized distributors.  Please
refer to the applicable agreement for further details, at
https://fpgasoftware.intel.com/eula.



+-------------------------------------------------------------------------------------+
; Analysis & Synthesis Summary                                                        ;
+------------------------------------+------------------------------------------------+
; Analysis & Synthesis Status        ; Successful - Sat Apr  5 20:16:32 2025          ;
; Quartus Prime Version              ; 23.1std.1 Build 993 05/14/2024 SC Lite Edition ;
; Revision Name                      ; i2c_at24c02_rw                                 ;
; Top-level Entity Name              ; eeprom_write_read                              ;
; Family                             ; Cyclone IV E                                   ;
; Total logic elements               ; 393                                            ;
;     Total combinational functions  ; 385                                            ;
;     Dedicated logic registers      ; 132                                            ;
; Total registers                    ; 132                                            ;
; Total pins                         ; 14                                             ;
; Total virtual pins                 ; 0                                              ;
; Total memory bits                  ; 0                                              ;
; Embedded Multiplier 9-bit elements ; 0                                              ;
; Total PLLs                         ; 0                                              ;
+------------------------------------+------------------------------------------------+


+------------------------------------------------------------------------------------------------------------+
; Analysis & Synthesis Settings                                                                              ;
+------------------------------------------------------------------+--------------------+--------------------+
; Option                                                           ; Setting            ; Default Value      ;
+------------------------------------------------------------------+--------------------+--------------------+
; Device                                                           ; EP4CE6E22C8        ;                    ;
; Top-level entity name                                            ; eeprom_write_read  ; i2c_at24c02_rw     ;
; Family name                                                      ; Cyclone IV E       ; Cyclone V          ;
; Use smart compilation                                            ; Off                ; Off                ;
; Enable parallel Assembler and Timing Analyzer during compilation ; On                 ; On                 ;
; Enable compact report table                                      ; Off                ; Off                ;
; Restructure Multiplexers                                         ; Auto               ; Auto               ;
; Create Debugging Nodes for IP Cores                              ; Off                ; Off                ;
; Preserve fewer node names                                        ; On                 ; On                 ;
; Intel FPGA IP Evaluation Mode                                    ; Enable             ; Enable             ;
; Verilog Version                                                  ; Verilog_2001       ; Verilog_2001       ;
; VHDL Version                                                     ; VHDL_1993          ; VHDL_1993          ;
; State Machine Processing                                         ; Auto               ; Auto               ;
; Safe State Machine                                               ; Off                ; Off                ;
; Extract Verilog State Machines                                   ; On                 ; On                 ;
; Extract VHDL State Machines                                      ; On                 ; On                 ;
; Ignore Verilog initial constructs                                ; Off                ; Off                ;
; Iteration limit for constant Verilog loops                       ; 5000               ; 5000               ;
; Iteration limit for non-constant Verilog loops                   ; 250                ; 250                ;
; Add Pass-Through Logic to Inferred RAMs                          ; On                 ; On                 ;
; Infer RAMs from Raw Logic                                        ; On                 ; On                 ;
; Parallel Synthesis                                               ; On                 ; On                 ;
; DSP Block Balancing                                              ; Auto               ; Auto               ;
; NOT Gate Push-Back                                               ; On                 ; On                 ;
; Power-Up Don't Care                                              ; On                 ; On                 ;
; Remove Redundant Logic Cells                                     ; Off                ; Off                ;
; Remove Duplicate Registers                                       ; On                 ; On                 ;
; Ignore CARRY Buffers                                             ; Off                ; Off                ;
; Ignore CASCADE Buffers                                           ; Off                ; Off                ;
; Ignore GLOBAL Buffers                                            ; Off                ; Off                ;
; Ignore ROW GLOBAL Buffers                                        ; Off                ; Off                ;
; Ignore LCELL Buffers                                             ; Off                ; Off                ;
; Ignore SOFT Buffers                                              ; On                 ; On                 ;
; Limit AHDL Integers to 32 Bits                                   ; Off                ; Off                ;
; Optimization Technique                                           ; Balanced           ; Balanced           ;
; Carry Chain Length                                               ; 70                 ; 70                 ;
; Auto Carry Chains                                                ; On                 ; On                 ;
; Auto Open-Drain Pins                                             ; On                 ; On                 ;
; Perform WYSIWYG Primitive Resynthesis                            ; Off                ; Off                ;
; Auto ROM Replacement                                             ; On                 ; On                 ;
; Auto RAM Replacement                                             ; On                 ; On                 ;
; Auto DSP Block Replacement                                       ; On                 ; On                 ;
; Auto Shift Register Replacement                                  ; Auto               ; Auto               ;
; Allow Shift Register Merging across Hierarchies                  ; Auto               ; Auto               ;
; Auto Clock Enable Replacement                                    ; On                 ; On                 ;
; Strict RAM Replacement                                           ; Off                ; Off                ;
; Allow Synchronous Control Signals                                ; On                 ; On                 ;
; Force Use of Synchronous Clear Signals                           ; Off                ; Off                ;
; Auto RAM Block Balancing                                         ; On                 ; On                 ;
; Auto RAM to Logic Cell Conversion                                ; Off                ; Off                ;
; Auto Resource Sharing                                            ; Off                ; Off                ;
; Allow Any RAM Size For Recognition                               ; Off                ; Off                ;
; Allow Any ROM Size For Recognition                               ; Off                ; Off                ;
; Allow Any Shift Register Size For Recognition                    ; Off                ; Off                ;
; Use LogicLock Constraints during Resource Balancing              ; On                 ; On                 ;
; Ignore translate_off and synthesis_off directives                ; Off                ; Off                ;
; Timing-Driven Synthesis                                          ; On                 ; On                 ;
; Report Parameter Settings                                        ; On                 ; On                 ;
; Report Source Assignments                                        ; On                 ; On                 ;
; Report Connectivity Checks                                       ; On                 ; On                 ;
; Ignore Maximum Fan-Out Assignments                               ; Off                ; Off                ;
; Synchronization Register Chain Length                            ; 2                  ; 2                  ;
; Power Optimization During Synthesis                              ; Normal compilation ; Normal compilation ;
; HDL message level                                                ; Level2             ; Level2             ;
; Suppress Register Optimization Related Messages                  ; Off                ; Off                ;
; Number of Removed Registers Reported in Synthesis Report         ; 5000               ; 5000               ;
; Number of Swept Nodes Reported in Synthesis Report               ; 5000               ; 5000               ;
; Number of Inverted Registers Reported in Synthesis Report        ; 100                ; 100                ;
; Clock MUX Protection                                             ; On                 ; On                 ;
; Auto Gated Clock Conversion                                      ; Off                ; Off                ;
; Block Design Naming                                              ; Auto               ; Auto               ;
; SDC constraint protection                                        ; Off                ; Off                ;
; Synthesis Effort                                                 ; Auto               ; Auto               ;
; Shift Register Replacement - Allow Asynchronous Clear Signal     ; On                 ; On                 ;
; Pre-Mapping Resynthesis Optimization                             ; Off                ; Off                ;
; Analysis & Synthesis Message Level                               ; Medium             ; Medium             ;
; Disable Register Merging Across Hierarchies                      ; Auto               ; Auto               ;
; Resource Aware Inference For Block RAM                           ; On                 ; On                 ;
+------------------------------------------------------------------+--------------------+--------------------+


+------------------------------------------+
; Parallel Compilation                     ;
+----------------------------+-------------+
; Processors                 ; Number      ;
+----------------------------+-------------+
; Number detected on machine ; 16          ;
; Maximum allowed            ; 16          ;
;                            ;             ;
; Average used               ; 1.00        ;
; Maximum used               ; 16          ;
;                            ;             ;
; Usage by Processor         ; % Time Used ;
;     Processor 1            ; 100.0%      ;
;     Processors 2-16        ;   0.0%      ;
+----------------------------+-------------+


+--------------------------------------------------------------------------------------------------------------------------------------------------------------------------+
; Analysis & Synthesis Source Files Read                                                                                                                                   ;
+----------------------------------+-----------------+------------------------+----------------------------------------------------------------------------------+---------+
; File Name with User-Entered Path ; Used in Netlist ; File Type              ; File Name with Absolute Path                                                     ; Library ;
+----------------------------------+-----------------+------------------------+----------------------------------------------------------------------------------+---------+
; ../rtl/key_debounce.v            ; yes             ; User Verilog HDL File  ; C:/Users/ZLXWY/Desktop/LF/example_wo/YZCG/i2c_at24c02_rw/rtl/key_debounce.v      ;         ;
; ../rtl/i2c_ctrler.v              ; yes             ; User Verilog HDL File  ; C:/Users/ZLXWY/Desktop/LF/example_wo/YZCG/i2c_at24c02_rw/rtl/i2c_ctrler.v        ;         ;
; ../rtl/eeprom_write_read.v       ; yes             ; User Verilog HDL File  ; C:/Users/ZLXWY/Desktop/LF/example_wo/YZCG/i2c_at24c02_rw/rtl/eeprom_write_read.v ;         ;
+----------------------------------+-----------------+------------------------+----------------------------------------------------------------------------------+---------+


+----------------------------------------------------------+
; Analysis & Synthesis Resource Usage Summary              ;
+---------------------------------------------+------------+
; Resource                                    ; Usage      ;
+---------------------------------------------+------------+
; Estimated Total logic elements              ; 393        ;
;                                             ;            ;
; Total combinational functions               ; 385        ;
; Logic element usage by number of LUT inputs ;            ;
;     -- 4 input functions                    ; 218        ;
;     -- 3 input functions                    ; 40         ;
;     -- <=2 input functions                  ; 127        ;
;                                             ;            ;
; Logic elements by mode                      ;            ;
;     -- normal mode                          ; 285        ;
;     -- arithmetic mode                      ; 100        ;
;                                             ;            ;
; Total registers                             ; 132        ;
;     -- Dedicated logic registers            ; 132        ;
;     -- I/O registers                        ; 0          ;
;                                             ;            ;
; I/O pins                                    ; 14         ;
;                                             ;            ;
; Embedded Multiplier 9-bit elements          ; 0          ;
;                                             ;            ;
; Maximum fan-out node                        ; sclk~input ;
; Maximum fan-out                             ; 132        ;
; Total fan-out                               ; 1825       ;
; Average fan-out                             ; 3.34       ;
+---------------------------------------------+------------+


+-----------------------------------------------------------------------------------------------------------------------------------------------------------------------------------------------------------------------------------------------------------+
; Analysis & Synthesis Resource Utilization by Entity                                                                                                                                                                                                       ;
+---------------------------------------+---------------------+---------------------------+-------------+--------------+---------+-----------+------+--------------+-----------------------------------------------------+-------------------+--------------+
; Compilation Hierarchy Node            ; Combinational ALUTs ; Dedicated Logic Registers ; Memory Bits ; DSP Elements ; DSP 9x9 ; DSP 18x18 ; Pins ; Virtual Pins ; Full Hierarchy Name                                 ; Entity Name       ; Library Name ;
+---------------------------------------+---------------------+---------------------------+-------------+--------------+---------+-----------+------+--------------+-----------------------------------------------------+-------------------+--------------+
; |eeprom_write_read                    ; 385 (0)             ; 132 (0)                   ; 0           ; 0            ; 0       ; 0         ; 14   ; 0            ; |eeprom_write_read                                  ; eeprom_write_read ; work         ;
;    |i2c_ctrler:i2c_ctrler_inst|       ; 329 (329)           ; 90 (90)                   ; 0           ; 0            ; 0       ; 0         ; 0    ; 0            ; |eeprom_write_read|i2c_ctrler:i2c_ctrler_inst       ; i2c_ctrler        ; work         ;
;    |key_debounce:key_debounce_inst_1| ; 28 (28)             ; 21 (21)                   ; 0           ; 0            ; 0       ; 0         ; 0    ; 0            ; |eeprom_write_read|key_debounce:key_debounce_inst_1 ; key_debounce      ; work         ;
;    |key_debounce:key_debounce_inst_2| ; 28 (28)             ; 21 (21)                   ; 0           ; 0            ; 0       ; 0         ; 0    ; 0            ; |eeprom_write_read|key_debounce:key_debounce_inst_2 ; key_debounce      ; work         ;
+---------------------------------------+---------------------+---------------------------+-------------+--------------+---------+-----------+------+--------------+-----------------------------------------------------+-------------------+--------------+
Note: For table entries with two numbers listed, the numbers in parentheses indicate the number of resources of the given type used by the specific entity alone. The numbers listed outside of parentheses indicate the total resources of the given type used by the specific entity and all of its sub-entities in the hierarchy.


+---------------------------------------------------------------------------------------------------------+
; Registers Removed During Synthesis                                                                      ;
+-----------------------------------------------+---------------------------------------------------------+
; Register name                                 ; Reason for Removal                                      ;
+-----------------------------------------------+---------------------------------------------------------+
; i2c_ctrler:i2c_ctrler_inst|reg_send_byte[6]   ; Merged with i2c_ctrler:i2c_ctrler_inst|reg_send_byte[3] ;
; i2c_ctrler:i2c_ctrler_inst|reg_send_byte[2,4] ; Merged with i2c_ctrler:i2c_ctrler_inst|reg_send_byte[1] ;
; i2c_ctrler:i2c_ctrler_inst|reg_send_byte[5]   ; Stuck at VCC due to stuck port data_in                  ;
; Total Number of Removed Registers = 4         ;                                                         ;
+-----------------------------------------------+---------------------------------------------------------+


+------------------------------------------------------+
; General Register Statistics                          ;
+----------------------------------------------+-------+
; Statistic                                    ; Value ;
+----------------------------------------------+-------+
; Total registers                              ; 132   ;
; Number of registers using Synchronous Clear  ; 72    ;
; Number of registers using Synchronous Load   ; 0     ;
; Number of registers using Asynchronous Clear ; 132   ;
; Number of registers using Asynchronous Load  ; 0     ;
; Number of registers using Clock Enable       ; 90    ;
; Number of registers using Preset             ; 0     ;
+----------------------------------------------+-------+


+-------------------------------------------------------+
; Inverted Register Statistics                          ;
+---------------------------------------------+---------+
; Inverted Register                           ; Fan out ;
+---------------------------------------------+---------+
; i2c_ctrler:i2c_ctrler_inst|read_byte[0]     ; 1       ;
; i2c_ctrler:i2c_ctrler_inst|read_byte[2]     ; 1       ;
; i2c_ctrler:i2c_ctrler_inst|read_byte[3]     ; 1       ;
; i2c_ctrler:i2c_ctrler_inst|read_byte[4]     ; 1       ;
; i2c_ctrler:i2c_ctrler_inst|read_byte[5]     ; 1       ;
; i2c_ctrler:i2c_ctrler_inst|read_byte[6]     ; 1       ;
; i2c_ctrler:i2c_ctrler_inst|read_byte[7]     ; 1       ;
; i2c_ctrler:i2c_ctrler_inst|scl_out_reg      ; 2       ;
; i2c_ctrler:i2c_ctrler_inst|reg_recv_byte[0] ; 2       ;
; i2c_ctrler:i2c_ctrler_inst|reg_recv_byte[2] ; 2       ;
; i2c_ctrler:i2c_ctrler_inst|reg_recv_byte[3] ; 2       ;
; i2c_ctrler:i2c_ctrler_inst|reg_recv_byte[4] ; 2       ;
; i2c_ctrler:i2c_ctrler_inst|reg_recv_byte[5] ; 2       ;
; i2c_ctrler:i2c_ctrler_inst|reg_recv_byte[6] ; 2       ;
; i2c_ctrler:i2c_ctrler_inst|reg_recv_byte[7] ; 2       ;
; i2c_ctrler:i2c_ctrler_inst|sda_out_reg      ; 4       ;
; i2c_ctrler:i2c_ctrler_inst|sda_ctrl         ; 3       ;
; i2c_ctrler:i2c_ctrler_inst|reg_send_byte[1] ; 6       ;
; i2c_ctrler:i2c_ctrler_inst|reg_send_byte[3] ; 4       ;
; i2c_ctrler:i2c_ctrler_inst|reg_send_byte[0] ; 3       ;
; i2c_ctrler:i2c_ctrler_inst|reg_send_byte[7] ; 3       ;
; Total number of inverted registers = 21     ;         ;
+---------------------------------------------+---------+


+-------------------------------------------------------------------------------------------------------------------------------------------------------------------------------+
; Multiplexer Restructuring Statistics (Restructuring Performed)                                                                                                                ;
+--------------------+-----------+---------------+----------------------+------------------------+------------+-----------------------------------------------------------------+
; Multiplexer Inputs ; Bus Width ; Baseline Area ; Area if Restructured ; Saving if Restructured ; Registered ; Example Multiplexer Output                                      ;
+--------------------+-----------+---------------+----------------------+------------------------+------------+-----------------------------------------------------------------+
; 3:1                ; 20 bits   ; 40 LEs        ; 20 LEs               ; 20 LEs                 ; Yes        ; |eeprom_write_read|key_debounce:key_debounce_inst_2|cnt_20ms[0] ;
; 3:1                ; 20 bits   ; 40 LEs        ; 20 LEs               ; 20 LEs                 ; Yes        ; |eeprom_write_read|key_debounce:key_debounce_inst_1|cnt_20ms[5] ;
; 7:1                ; 32 bits   ; 128 LEs       ; 32 LEs               ; 96 LEs                 ; Yes        ; |eeprom_write_read|i2c_ctrler:i2c_ctrler_inst|i2c_time_cnt[19]  ;
; 3:1                ; 6 bits    ; 12 LEs        ; 12 LEs               ; 0 LEs                  ; Yes        ; |eeprom_write_read|i2c_ctrler:i2c_ctrler_inst|scl_out_reg       ;
+--------------------+-----------+---------------+----------------------+------------------------+------------+-----------------------------------------------------------------+


+-------------------------------------------------------------------------------+
; Parameter Settings for User Entity Instance: key_debounce:key_debounce_inst_1 ;
+----------------------+----------------------+---------------------------------+
; Parameter Name       ; Value                ; Type                            ;
+----------------------+----------------------+---------------------------------+
; cnt_20ms_MAX         ; 11110100001000111111 ; Unsigned Binary                 ;
; cnt_20ms_MAX_minus_1 ; 11110100001000111110 ; Unsigned Binary                 ;
+----------------------+----------------------+---------------------------------+
Note: In order to hide this table in the UI and the text report file, please set the "Show Parameter Settings in Synthesis Report" option in "Analysis and Synthesis Settings -> More Settings" to "Off".


+-------------------------------------------------------------------------------+
; Parameter Settings for User Entity Instance: key_debounce:key_debounce_inst_2 ;
+----------------------+----------------------+---------------------------------+
; Parameter Name       ; Value                ; Type                            ;
+----------------------+----------------------+---------------------------------+
; cnt_20ms_MAX         ; 11110100001000111111 ; Unsigned Binary                 ;
; cnt_20ms_MAX_minus_1 ; 11110100001000111110 ; Unsigned Binary                 ;
+----------------------+----------------------+---------------------------------+
Note: In order to hide this table in the UI and the text report file, please set the "Show Parameter Settings in Synthesis Report" option in "Analysis and Synthesis Settings -> More Settings" to "Off".


+-------------------------------------------------------------------------+
; Parameter Settings for User Entity Instance: i2c_ctrler:i2c_ctrler_inst ;
+----------------+----------+---------------------------------------------+
; Parameter Name ; Value    ; Type                                        ;
+----------------+----------+---------------------------------------------+
; sys_clk_freq   ; 50000000 ; Signed Integer                              ;
; i2c_clk_speed  ; 400000   ; Signed Integer                              ;
+----------------+----------+---------------------------------------------+
Note: In order to hide this table in the UI and the text report file, please set the "Show Parameter Settings in Synthesis Report" option in "Analysis and Synthesis Settings -> More Settings" to "Off".


+----------------------------------------------------------------------------------------------------------------------------+
; Port Connectivity Checks: "i2c_ctrler:i2c_ctrler_inst"                                                                     ;
+------------------+--------+----------+-------------------------------------------------------------------------------------+
; Port             ; Type   ; Severity ; Details                                                                             ;
+------------------+--------+----------+-------------------------------------------------------------------------------------+
; equi_addr[3..0]  ; Input  ; Info     ; Stuck at GND                                                                        ;
; equi_addr[6]     ; Input  ; Info     ; Stuck at VCC                                                                        ;
; equi_addr[5]     ; Input  ; Info     ; Stuck at GND                                                                        ;
; equi_addr[4]     ; Input  ; Info     ; Stuck at VCC                                                                        ;
; reg_addr[7..6]   ; Input  ; Info     ; Stuck at GND                                                                        ;
; reg_addr[4..0]   ; Input  ; Info     ; Stuck at GND                                                                        ;
; reg_addr[5]      ; Input  ; Info     ; Stuck at VCC                                                                        ;
; write_byte[6..5] ; Input  ; Info     ; Stuck at VCC                                                                        ;
; write_byte[2..1] ; Input  ; Info     ; Stuck at GND                                                                        ;
; write_byte[7]    ; Input  ; Info     ; Stuck at GND                                                                        ;
; write_byte[4]    ; Input  ; Info     ; Stuck at GND                                                                        ;
; write_byte[3]    ; Input  ; Info     ; Stuck at VCC                                                                        ;
; write_byte[0]    ; Input  ; Info     ; Stuck at VCC                                                                        ;
; write_done       ; Output ; Info     ; Connected to dangling logic. Logic that only feeds a dangling port will be removed. ;
; read_done        ; Output ; Info     ; Connected to dangling logic. Logic that only feeds a dangling port will be removed. ;
+------------------+--------+----------+-------------------------------------------------------------------------------------+


+-----------------------------------------------------+
; Post-Synthesis Netlist Statistics for Top Partition ;
+-----------------------+-----------------------------+
; Type                  ; Count                       ;
+-----------------------+-----------------------------+
; boundary_port         ; 14                          ;
; cycloneiii_ff         ; 132                         ;
;     CLR               ; 42                          ;
;     ENA CLR           ; 18                          ;
;     ENA CLR SCLR      ; 72                          ;
; cycloneiii_io_obuf    ; 2                           ;
; cycloneiii_lcell_comb ; 392                         ;
;     arith             ; 100                         ;
;         2 data inputs ; 100                         ;
;     normal            ; 292                         ;
;         1 data inputs ; 11                          ;
;         2 data inputs ; 23                          ;
;         3 data inputs ; 40                          ;
;         4 data inputs ; 218                         ;
;                       ;                             ;
; Max LUT depth         ; 13.00                       ;
; Average LUT depth     ; 6.46                        ;
+-----------------------+-----------------------------+


+-------------------------------+
; Elapsed Time Per Partition    ;
+----------------+--------------+
; Partition Name ; Elapsed Time ;
+----------------+--------------+
; Top            ; 00:00:01     ;
+----------------+--------------+


+-------------------------------+
; Analysis & Synthesis Messages ;
+-------------------------------+
Info: *******************************************************************
Info: Running Quartus Prime Analysis & Synthesis
    Info: Version 23.1std.1 Build 993 05/14/2024 SC Lite Edition
    Info: Processing started: Sat Apr  5 20:16:26 2025
Info: Command: quartus_map --read_settings_files=on --write_settings_files=off i2c_at24c02_rw -c i2c_at24c02_rw
Warning (18236): Number of processors has not been specified which may cause overloading on shared machines.  Set the global assignment NUM_PARALLEL_PROCESSORS in your QSF to an appropriate value for best performance.
Info (20030): Parallel compilation is enabled and will use 16 of the 16 processors detected
Info (12021): Found 1 design units, including 1 entities, in source file /users/zlxwy/desktop/lf/example_wo/yzcg/i2c_at24c02_rw/rtl/key_debounce.v
    Info (12023): Found entity 1: key_debounce File: C:/Users/ZLXWY/Desktop/LF/example_wo/YZCG/i2c_at24c02_rw/rtl/key_debounce.v Line: 2
Info (12021): Found 1 design units, including 1 entities, in source file /users/zlxwy/desktop/lf/example_wo/yzcg/i2c_at24c02_rw/rtl/i2c_ctrler.v
    Info (12023): Found entity 1: i2c_ctrler File: C:/Users/ZLXWY/Desktop/LF/example_wo/YZCG/i2c_at24c02_rw/rtl/i2c_ctrler.v Line: 2
Info (12021): Found 1 design units, including 1 entities, in source file /users/zlxwy/desktop/lf/example_wo/yzcg/i2c_at24c02_rw/rtl/eeprom_write_read.v
    Info (12023): Found entity 1: eeprom_write_read File: C:/Users/ZLXWY/Desktop/LF/example_wo/YZCG/i2c_at24c02_rw/rtl/eeprom_write_read.v Line: 3
Warning (10222): Verilog HDL Parameter Declaration warning at i2c_ctrler.v(53): Parameter Declaration in module "i2c_ctrler" behaves as a Local Parameter Declaration because the module has a Module Parameter Port List File: C:/Users/ZLXWY/Desktop/LF/example_wo/YZCG/i2c_at24c02_rw/rtl/i2c_ctrler.v Line: 53
Warning (10222): Verilog HDL Parameter Declaration warning at i2c_ctrler.v(63): Parameter Declaration in module "i2c_ctrler" behaves as a Local Parameter Declaration because the module has a Module Parameter Port List File: C:/Users/ZLXWY/Desktop/LF/example_wo/YZCG/i2c_at24c02_rw/rtl/i2c_ctrler.v Line: 63
Warning (10222): Verilog HDL Parameter Declaration warning at i2c_ctrler.v(73): Parameter Declaration in module "i2c_ctrler" behaves as a Local Parameter Declaration because the module has a Module Parameter Port List File: C:/Users/ZLXWY/Desktop/LF/example_wo/YZCG/i2c_at24c02_rw/rtl/i2c_ctrler.v Line: 73
Warning (10222): Verilog HDL Parameter Declaration warning at i2c_ctrler.v(74): Parameter Declaration in module "i2c_ctrler" behaves as a Local Parameter Declaration because the module has a Module Parameter Port List File: C:/Users/ZLXWY/Desktop/LF/example_wo/YZCG/i2c_at24c02_rw/rtl/i2c_ctrler.v Line: 74
Info (12127): Elaborating entity "eeprom_write_read" for the top level hierarchy
Info (12128): Elaborating entity "key_debounce" for hierarchy "key_debounce:key_debounce_inst_1" File: C:/Users/ZLXWY/Desktop/LF/example_wo/YZCG/i2c_at24c02_rw/rtl/eeprom_write_read.v Line: 21
Warning (10230): Verilog HDL assignment warning at key_debounce.v(18): truncated value with size 32 to match size of target (20) File: C:/Users/ZLXWY/Desktop/LF/example_wo/YZCG/i2c_at24c02_rw/rtl/key_debounce.v Line: 18
Info (12128): Elaborating entity "i2c_ctrler" for hierarchy "i2c_ctrler:i2c_ctrler_inst" File: C:/Users/ZLXWY/Desktop/LF/example_wo/YZCG/i2c_at24c02_rw/rtl/eeprom_write_read.v Line: 60
Warning (10762): Verilog HDL Case Statement warning at i2c_ctrler.v(140): can't check case statement for completeness because the case expression has too many possible states File: C:/Users/ZLXWY/Desktop/LF/example_wo/YZCG/i2c_at24c02_rw/rtl/i2c_ctrler.v Line: 140
Warning (10762): Verilog HDL Case Statement warning at i2c_ctrler.v(233): can't check case statement for completeness because the case expression has too many possible states File: C:/Users/ZLXWY/Desktop/LF/example_wo/YZCG/i2c_at24c02_rw/rtl/i2c_ctrler.v Line: 233
Info (13000): Registers with preset signals will power-up high File: C:/Users/ZLXWY/Desktop/LF/example_wo/YZCG/i2c_at24c02_rw/rtl/i2c_ctrler.v Line: 139
Info (13003): DEV_CLRn pin will set, and not reset, register with preset signal due to NOT Gate Push-Back
Info (286030): Timing-Driven Synthesis is running
Info (144001): Generated suppressed messages file C:/Users/ZLXWY/Desktop/LF/example_wo/YZCG/i2c_at24c02_rw/prj/output_files/i2c_at24c02_rw.map.smsg
Info (16010): Generating hard_block partition "hard_block:auto_generated_inst"
    Info (16011): Adding 0 node(s), including 0 DDIO, 0 PLL, 0 transceiver and 0 LCELL
Info (21057): Implemented 407 device resources after synthesis - the final resource count might be different
    Info (21058): Implemented 4 input pins
    Info (21059): Implemented 9 output pins
    Info (21060): Implemented 1 bidirectional pins
    Info (21061): Implemented 393 logic cells
Info: Quartus Prime Analysis & Synthesis was successful. 0 errors, 8 warnings
    Info: Peak virtual memory: 4832 megabytes
    Info: Processing ended: Sat Apr  5 20:16:33 2025
    Info: Elapsed time: 00:00:07
    Info: Total CPU time (on all processors): 00:00:14


+------------------------------------------+
; Analysis & Synthesis Suppressed Messages ;
+------------------------------------------+
The suppressed messages can be found in C:/Users/ZLXWY/Desktop/LF/example_wo/YZCG/i2c_at24c02_rw/prj/output_files/i2c_at24c02_rw.map.smsg.


