Analysis & Synthesis report for i2c_adc081c021
Fri Apr 11 15:21:49 2025
Quartus Prime Version 23.1std.1 Build 993 05/14/2024 SC Lite Edition


---------------------
; Table of Contents ;
---------------------
  1. Legal Notice
  2. Analysis & Synthesis Summary
  3. Analysis & Synthesis Settings
  4. Parallel Compilation
  5. Analysis & Synthesis Source Files Read
  6. Analysis & Synthesis Resource Usage Summary
  7. Analysis & Synthesis Resource Utilization by Entity
  8. Registers Removed During Synthesis
  9. General Register Statistics
 10. Inverted Register Statistics
 11. Multiplexer Restructuring Statistics (Restructuring Performed)
 12. Parameter Settings for User Entity Instance: pulse_generator:pulse_generator
 13. Parameter Settings for User Entity Instance: adc_081c021_read_vol:adc_081c021_read_vol_inst
 14. Parameter Settings for User Entity Instance: bit_to_caseg:bit_to_caseg_inst
 15. Parameter Settings for Inferred Entity Instance: lpm_divide:Mod1
 16. Parameter Settings for Inferred Entity Instance: lpm_divide:Div1
 17. Parameter Settings for Inferred Entity Instance: lpm_divide:Mod0
 18. Parameter Settings for Inferred Entity Instance: lpm_divide:Div0
 19. Port Connectivity Checks: "bit_to_caseg:bit_to_caseg_inst"
 20. Port Connectivity Checks: "adc_081c021_read_vol:adc_081c021_read_vol_inst"
 21. Port Connectivity Checks: "pulse_generator:pulse_generator"
 22. Post-Synthesis Netlist Statistics for Top Partition
 23. Elapsed Time Per Partition
 24. Analysis & Synthesis Messages



----------------
; Legal Notice ;
----------------
Copyright (C) 2024  Intel Corporation. All rights reserved.
Your use of Intel Corporation's design tools, logic functions 
and other software and tools, and any partner logic 
functions, and any output files from any of the foregoing 
(including device programming or simulation files), and any 
associated documentation or information are expressly subject 
to the terms and conditions of the Intel Program License 
Subscription Agreement, the Intel Quartus Prime License Agreement,
the Intel FPGA IP License Agreement, or other applicable license
agreement, including, without limitation, that your use is for
the sole purpose of programming logic devices manufactured by
Intel and sold by Intel or its authorized distributors.  Please
refer to the applicable agreement for further details, at
https://fpgasoftware.intel.com/eula.



+-------------------------------------------------------------------------------------+
; Analysis & Synthesis Summary                                                        ;
+------------------------------------+------------------------------------------------+
; Analysis & Synthesis Status        ; Successful - Fri Apr 11 15:21:49 2025          ;
; Quartus Prime Version              ; 23.1std.1 Build 993 05/14/2024 SC Lite Edition ;
; Revision Name                      ; i2c_adc081c021                                 ;
; Top-level Entity Name              ; top_module                                     ;
; Family                             ; Cyclone IV E                                   ;
; Total logic elements               ; 518                                            ;
;     Total combinational functions  ; 504                                            ;
;     Dedicated logic registers      ; 162                                            ;
; Total registers                    ; 162                                            ;
; Total pins                         ; 22                                             ;
; Total virtual pins                 ; 0                                              ;
; Total memory bits                  ; 0                                              ;
; Embedded Multiplier 9-bit elements ; 0                                              ;
; Total PLLs                         ; 0                                              ;
+------------------------------------+------------------------------------------------+


+------------------------------------------------------------------------------------------------------------+
; Analysis & Synthesis Settings                                                                              ;
+------------------------------------------------------------------+--------------------+--------------------+
; Option                                                           ; Setting            ; Default Value      ;
+------------------------------------------------------------------+--------------------+--------------------+
; Device                                                           ; EP4CE6E22C8        ;                    ;
; Top-level entity name                                            ; top_module         ; i2c_adc081c021     ;
; Family name                                                      ; Cyclone IV E       ; Cyclone V          ;
; Use smart compilation                                            ; Off                ; Off                ;
; Enable parallel Assembler and Timing Analyzer during compilation ; On                 ; On                 ;
; Enable compact report table                                      ; Off                ; Off                ;
; Restructure Multiplexers                                         ; Auto               ; Auto               ;
; Create Debugging Nodes for IP Cores                              ; Off                ; Off                ;
; Preserve fewer node names                                        ; On                 ; On                 ;
; Intel FPGA IP Evaluation Mode                                    ; Enable             ; Enable             ;
; Verilog Version                                                  ; Verilog_2001       ; Verilog_2001       ;
; VHDL Version                                                     ; VHDL_1993          ; VHDL_1993          ;
; State Machine Processing                                         ; Auto               ; Auto               ;
; Safe State Machine                                               ; Off                ; Off                ;
; Extract Verilog State Machines                                   ; On                 ; On                 ;
; Extract VHDL State Machines                                      ; On                 ; On                 ;
; Ignore Verilog initial constructs                                ; Off                ; Off                ;
; Iteration limit for constant Verilog loops                       ; 5000               ; 5000               ;
; Iteration limit for non-constant Verilog loops                   ; 250                ; 250                ;
; Add Pass-Through Logic to Inferred RAMs                          ; On                 ; On                 ;
; Infer RAMs from Raw Logic                                        ; On                 ; On                 ;
; Parallel Synthesis                                               ; On                 ; On                 ;
; DSP Block Balancing                                              ; Auto               ; Auto               ;
; NOT Gate Push-Back                                               ; On                 ; On                 ;
; Power-Up Don't Care                                              ; On                 ; On                 ;
; Remove Redundant Logic Cells                                     ; Off                ; Off                ;
; Remove Duplicate Registers                                       ; On                 ; On                 ;
; Ignore CARRY Buffers                                             ; Off                ; Off                ;
; Ignore CASCADE Buffers                                           ; Off                ; Off                ;
; Ignore GLOBAL Buffers                                            ; Off                ; Off                ;
; Ignore ROW GLOBAL Buffers                                        ; Off                ; Off                ;
; Ignore LCELL Buffers                                             ; Off                ; Off                ;
; Ignore SOFT Buffers                                              ; On                 ; On                 ;
; Limit AHDL Integers to 32 Bits                                   ; Off                ; Off                ;
; Optimization Technique                                           ; Balanced           ; Balanced           ;
; Carry Chain Length                                               ; 70                 ; 70                 ;
; Auto Carry Chains                                                ; On                 ; On                 ;
; Auto Open-Drain Pins                                             ; On                 ; On                 ;
; Perform WYSIWYG Primitive Resynthesis                            ; Off                ; Off                ;
; Auto ROM Replacement                                             ; On                 ; On                 ;
; Auto RAM Replacement                                             ; On                 ; On                 ;
; Auto DSP Block Replacement                                       ; On                 ; On                 ;
; Auto Shift Register Replacement                                  ; Auto               ; Auto               ;
; Allow Shift Register Merging across Hierarchies                  ; Auto               ; Auto               ;
; Auto Clock Enable Replacement                                    ; On                 ; On                 ;
; Strict RAM Replacement                                           ; Off                ; Off                ;
; Allow Synchronous Control Signals                                ; On                 ; On                 ;
; Force Use of Synchronous Clear Signals                           ; Off                ; Off                ;
; Auto RAM Block Balancing                                         ; On                 ; On                 ;
; Auto RAM to Logic Cell Conversion                                ; Off                ; Off                ;
; Auto Resource Sharing                                            ; Off                ; Off                ;
; Allow Any RAM Size For Recognition                               ; Off                ; Off                ;
; Allow Any ROM Size For Recognition                               ; Off                ; Off                ;
; Allow Any Shift Register Size For Recognition                    ; Off                ; Off                ;
; Use LogicLock Constraints during Resource Balancing              ; On                 ; On                 ;
; Ignore translate_off and synthesis_off directives                ; Off                ; Off                ;
; Timing-Driven Synthesis                                          ; On                 ; On                 ;
; Report Parameter Settings                                        ; On                 ; On                 ;
; Report Source Assignments                                        ; On                 ; On                 ;
; Report Connectivity Checks                                       ; On                 ; On                 ;
; Ignore Maximum Fan-Out Assignments                               ; Off                ; Off                ;
; Synchronization Register Chain Length                            ; 2                  ; 2                  ;
; Power Optimization During Synthesis                              ; Normal compilation ; Normal compilation ;
; HDL message level                                                ; Level2             ; Level2             ;
; Suppress Register Optimization Related Messages                  ; Off                ; Off                ;
; Number of Removed Registers Reported in Synthesis Report         ; 5000               ; 5000               ;
; Number of Swept Nodes Reported in Synthesis Report               ; 5000               ; 5000               ;
; Number of Inverted Registers Reported in Synthesis Report        ; 100                ; 100                ;
; Clock MUX Protection                                             ; On                 ; On                 ;
; Auto Gated Clock Conversion                                      ; Off                ; Off                ;
; Block Design Naming                                              ; Auto               ; Auto               ;
; SDC constraint protection                                        ; Off                ; Off                ;
; Synthesis Effort                                                 ; Auto               ; Auto               ;
; Shift Register Replacement - Allow Asynchronous Clear Signal     ; On                 ; On                 ;
; Pre-Mapping Resynthesis Optimization                             ; Off                ; Off                ;
; Analysis & Synthesis Message Level                               ; Medium             ; Medium             ;
; Disable Register Merging Across Hierarchies                      ; Auto               ; Auto               ;
; Resource Aware Inference For Block RAM                           ; On                 ; On                 ;
+------------------------------------------------------------------+--------------------+--------------------+


+------------------------------------------+
; Parallel Compilation                     ;
+----------------------------+-------------+
; Processors                 ; Number      ;
+----------------------------+-------------+
; Number detected on machine ; 16          ;
; Maximum allowed            ; 16          ;
;                            ;             ;
; Average used               ; 1.00        ;
; Maximum used               ; 16          ;
;                            ;             ;
; Usage by Processor         ; % Time Used ;
;     Processor 1            ; 100.0%      ;
;     Processors 2-16        ;   0.0%      ;
+----------------------------+-------------+


+-------------------------------------------------------------------------------------------------------------------------------------------------------------------------------------------------+
; Analysis & Synthesis Source Files Read                                                                                                                                                          ;
+----------------------------------+-----------------+------------------------------+---------------------------------------------------------------------------------------------------+---------+
; File Name with User-Entered Path ; Used in Netlist ; File Type                    ; File Name with Absolute Path                                                                      ; Library ;
+----------------------------------+-----------------+------------------------------+---------------------------------------------------------------------------------------------------+---------+
; ../rtl/top_module.v              ; yes             ; User Verilog HDL File        ; C:/Users/ZLXWY/Desktop/i2c_adc081c021/rtl/top_module.v                                            ;         ;
; ../rtl/pulse_generator.v         ; yes             ; User Verilog HDL File        ; C:/Users/ZLXWY/Desktop/i2c_adc081c021/rtl/pulse_generator.v                                       ;         ;
; ../rtl/bit_to_caseg.v            ; yes             ; User Verilog HDL File        ; C:/Users/ZLXWY/Desktop/i2c_adc081c021/rtl/bit_to_caseg.v                                          ;         ;
; ../rtl/adc081c021_read_vol.v     ; yes             ; User Verilog HDL File        ; C:/Users/ZLXWY/Desktop/i2c_adc081c021/rtl/adc081c021_read_vol.v                                   ;         ;
; lpm_divide.tdf                   ; yes             ; Megafunction                 ; d:/lanqiao_fpga_app/cc_intelfpga_lite/23.1std/quartus/libraries/megafunctions/lpm_divide.tdf      ;         ;
; abs_divider.inc                  ; yes             ; Megafunction                 ; d:/lanqiao_fpga_app/cc_intelfpga_lite/23.1std/quartus/libraries/megafunctions/abs_divider.inc     ;         ;
; sign_div_unsign.inc              ; yes             ; Megafunction                 ; d:/lanqiao_fpga_app/cc_intelfpga_lite/23.1std/quartus/libraries/megafunctions/sign_div_unsign.inc ;         ;
; aglobal231.inc                   ; yes             ; Megafunction                 ; d:/lanqiao_fpga_app/cc_intelfpga_lite/23.1std/quartus/libraries/megafunctions/aglobal231.inc      ;         ;
; db/lpm_divide_m9m.tdf            ; yes             ; Auto-Generated Megafunction  ; C:/Users/ZLXWY/Desktop/i2c_adc081c021/prj/db/lpm_divide_m9m.tdf                                   ;         ;
; db/sign_div_unsign_bkh.tdf       ; yes             ; Auto-Generated Megafunction  ; C:/Users/ZLXWY/Desktop/i2c_adc081c021/prj/db/sign_div_unsign_bkh.tdf                              ;         ;
; db/alt_u_div_sse.tdf             ; yes             ; Auto-Generated Megafunction  ; C:/Users/ZLXWY/Desktop/i2c_adc081c021/prj/db/alt_u_div_sse.tdf                                    ;         ;
; db/lpm_divide_jhm.tdf            ; yes             ; Auto-Generated Megafunction  ; C:/Users/ZLXWY/Desktop/i2c_adc081c021/prj/db/lpm_divide_jhm.tdf                                   ;         ;
; db/lpm_divide_mhm.tdf            ; yes             ; Auto-Generated Megafunction  ; C:/Users/ZLXWY/Desktop/i2c_adc081c021/prj/db/lpm_divide_mhm.tdf                                   ;         ;
; db/sign_div_unsign_ekh.tdf       ; yes             ; Auto-Generated Megafunction  ; C:/Users/ZLXWY/Desktop/i2c_adc081c021/prj/db/sign_div_unsign_ekh.tdf                              ;         ;
; db/alt_u_div_2te.tdf             ; yes             ; Auto-Generated Megafunction  ; C:/Users/ZLXWY/Desktop/i2c_adc081c021/prj/db/alt_u_div_2te.tdf                                    ;         ;
+----------------------------------+-----------------+------------------------------+---------------------------------------------------------------------------------------------------+---------+


+----------------------------------------------------------+
; Analysis & Synthesis Resource Usage Summary              ;
+---------------------------------------------+------------+
; Resource                                    ; Usage      ;
+---------------------------------------------+------------+
; Estimated Total logic elements              ; 518        ;
;                                             ;            ;
; Total combinational functions               ; 504        ;
; Logic element usage by number of LUT inputs ;            ;
;     -- 4 input functions                    ; 169        ;
;     -- 3 input functions                    ; 107        ;
;     -- <=2 input functions                  ; 228        ;
;                                             ;            ;
; Logic elements by mode                      ;            ;
;     -- normal mode                          ; 341        ;
;     -- arithmetic mode                      ; 163        ;
;                                             ;            ;
; Total registers                             ; 162        ;
;     -- Dedicated logic registers            ; 162        ;
;     -- I/O registers                        ; 0          ;
;                                             ;            ;
; I/O pins                                    ; 22         ;
;                                             ;            ;
; Embedded Multiplier 9-bit elements          ; 0          ;
;                                             ;            ;
; Maximum fan-out node                        ; sclk~input ;
; Maximum fan-out                             ; 162        ;
; Total fan-out                               ; 2070       ;
; Average fan-out                             ; 2.91       ;
+---------------------------------------------+------------+


+------------------------------------------------------------------------------------------------------------------------------------------------------------------------------------------------------------------------------------------------------------------------------------------------------------------------------------+
; Analysis & Synthesis Resource Utilization by Entity                                                                                                                                                                                                                                                                                ;
+-----------------------------------------------------+---------------------+---------------------------+-------------+--------------+---------+-----------+------+--------------+-------------------------------------------------------------------------------------------------------------+----------------------+--------------+
; Compilation Hierarchy Node                          ; Combinational ALUTs ; Dedicated Logic Registers ; Memory Bits ; DSP Elements ; DSP 9x9 ; DSP 18x18 ; Pins ; Virtual Pins ; Full Hierarchy Name                                                                                         ; Entity Name          ; Library Name ;
+-----------------------------------------------------+---------------------+---------------------------+-------------+--------------+---------+-----------+------+--------------+-------------------------------------------------------------------------------------------------------------+----------------------+--------------+
; |top_module                                         ; 504 (1)             ; 162 (0)                   ; 0           ; 0            ; 0       ; 0         ; 22   ; 0            ; |top_module                                                                                                 ; top_module           ; work         ;
;    |adc_081c021_read_vol:adc_081c021_read_vol_inst| ; 239 (239)           ; 86 (86)                   ; 0           ; 0            ; 0       ; 0         ; 0    ; 0            ; |top_module|adc_081c021_read_vol:adc_081c021_read_vol_inst                                                  ; adc_081c021_read_vol ; work         ;
;    |bit_to_caseg:bit_to_caseg_inst|                 ; 61 (61)             ; 47 (47)                   ; 0           ; 0            ; 0       ; 0         ; 0    ; 0            ; |top_module|bit_to_caseg:bit_to_caseg_inst                                                                  ; bit_to_caseg         ; work         ;
;    |lpm_divide:Div0|                                ; 25 (0)              ; 0 (0)                     ; 0           ; 0            ; 0       ; 0         ; 0    ; 0            ; |top_module|lpm_divide:Div0                                                                                 ; lpm_divide           ; work         ;
;       |lpm_divide_mhm:auto_generated|               ; 25 (0)              ; 0 (0)                     ; 0           ; 0            ; 0       ; 0         ; 0    ; 0            ; |top_module|lpm_divide:Div0|lpm_divide_mhm:auto_generated                                                   ; lpm_divide_mhm       ; work         ;
;          |sign_div_unsign_ekh:divider|              ; 25 (0)              ; 0 (0)                     ; 0           ; 0            ; 0       ; 0         ; 0    ; 0            ; |top_module|lpm_divide:Div0|lpm_divide_mhm:auto_generated|sign_div_unsign_ekh:divider                       ; sign_div_unsign_ekh  ; work         ;
;             |alt_u_div_2te:divider|                 ; 25 (25)             ; 0 (0)                     ; 0           ; 0            ; 0       ; 0         ; 0    ; 0            ; |top_module|lpm_divide:Div0|lpm_divide_mhm:auto_generated|sign_div_unsign_ekh:divider|alt_u_div_2te:divider ; alt_u_div_2te        ; work         ;
;    |lpm_divide:Div1|                                ; 56 (0)              ; 0 (0)                     ; 0           ; 0            ; 0       ; 0         ; 0    ; 0            ; |top_module|lpm_divide:Div1                                                                                 ; lpm_divide           ; work         ;
;       |lpm_divide_jhm:auto_generated|               ; 56 (0)              ; 0 (0)                     ; 0           ; 0            ; 0       ; 0         ; 0    ; 0            ; |top_module|lpm_divide:Div1|lpm_divide_jhm:auto_generated                                                   ; lpm_divide_jhm       ; work         ;
;          |sign_div_unsign_bkh:divider|              ; 56 (0)              ; 0 (0)                     ; 0           ; 0            ; 0       ; 0         ; 0    ; 0            ; |top_module|lpm_divide:Div1|lpm_divide_jhm:auto_generated|sign_div_unsign_bkh:divider                       ; sign_div_unsign_bkh  ; work         ;
;             |alt_u_div_sse:divider|                 ; 56 (56)             ; 0 (0)                     ; 0           ; 0            ; 0       ; 0         ; 0    ; 0            ; |top_module|lpm_divide:Div1|lpm_divide_jhm:auto_generated|sign_div_unsign_bkh:divider|alt_u_div_sse:divider ; alt_u_div_sse        ; work         ;
;    |lpm_divide:Mod0|                                ; 18 (0)              ; 0 (0)                     ; 0           ; 0            ; 0       ; 0         ; 0    ; 0            ; |top_module|lpm_divide:Mod0                                                                                 ; lpm_divide           ; work         ;
;       |lpm_divide_m9m:auto_generated|               ; 18 (0)              ; 0 (0)                     ; 0           ; 0            ; 0       ; 0         ; 0    ; 0            ; |top_module|lpm_divide:Mod0|lpm_divide_m9m:auto_generated                                                   ; lpm_divide_m9m       ; work         ;
;          |sign_div_unsign_bkh:divider|              ; 18 (0)              ; 0 (0)                     ; 0           ; 0            ; 0       ; 0         ; 0    ; 0            ; |top_module|lpm_divide:Mod0|lpm_divide_m9m:auto_generated|sign_div_unsign_bkh:divider                       ; sign_div_unsign_bkh  ; work         ;
;             |alt_u_div_sse:divider|                 ; 18 (18)             ; 0 (0)                     ; 0           ; 0            ; 0       ; 0         ; 0    ; 0            ; |top_module|lpm_divide:Mod0|lpm_divide_m9m:auto_generated|sign_div_unsign_bkh:divider|alt_u_div_sse:divider ; alt_u_div_sse        ; work         ;
;    |lpm_divide:Mod1|                                ; 56 (0)              ; 0 (0)                     ; 0           ; 0            ; 0       ; 0         ; 0    ; 0            ; |top_module|lpm_divide:Mod1                                                                                 ; lpm_divide           ; work         ;
;       |lpm_divide_m9m:auto_generated|               ; 56 (0)              ; 0 (0)                     ; 0           ; 0            ; 0       ; 0         ; 0    ; 0            ; |top_module|lpm_divide:Mod1|lpm_divide_m9m:auto_generated                                                   ; lpm_divide_m9m       ; work         ;
;          |sign_div_unsign_bkh:divider|              ; 56 (0)              ; 0 (0)                     ; 0           ; 0            ; 0       ; 0         ; 0    ; 0            ; |top_module|lpm_divide:Mod1|lpm_divide_m9m:auto_generated|sign_div_unsign_bkh:divider                       ; sign_div_unsign_bkh  ; work         ;
;             |alt_u_div_sse:divider|                 ; 56 (56)             ; 0 (0)                     ; 0           ; 0            ; 0       ; 0         ; 0    ; 0            ; |top_module|lpm_divide:Mod1|lpm_divide_m9m:auto_generated|sign_div_unsign_bkh:divider|alt_u_div_sse:divider ; alt_u_div_sse        ; work         ;
;    |pulse_generator:pulse_generator|                ; 48 (48)             ; 29 (29)                   ; 0           ; 0            ; 0       ; 0         ; 0    ; 0            ; |top_module|pulse_generator:pulse_generator                                                                 ; pulse_generator      ; work         ;
+-----------------------------------------------------+---------------------+---------------------------+-------------+--------------+---------+-----------+------+--------------+-------------------------------------------------------------------------------------------------------------+----------------------+--------------+
Note: For table entries with two numbers listed, the numbers in parentheses indicate the number of resources of the given type used by the specific entity alone. The numbers listed outside of parentheses indicate the total resources of the given type used by the specific entity and all of its sub-entities in the hierarchy.


+-----------------------------------------------------------------------------------------------------------------------------------------------------+
; Registers Removed During Synthesis                                                                                                                  ;
+-----------------------------------------------------------------------+-----------------------------------------------------------------------------+
; Register name                                                         ; Reason for Removal                                                          ;
+-----------------------------------------------------------------------+-----------------------------------------------------------------------------+
; adc_081c021_read_vol:adc_081c021_read_vol_inst|reg_send_byte[0,3,5,7] ; Stuck at VCC due to stuck port data_in                                      ;
; adc_081c021_read_vol:adc_081c021_read_vol_inst|reg_send_byte[2,4,6]   ; Merged with adc_081c021_read_vol:adc_081c021_read_vol_inst|reg_send_byte[1] ;
; bit_to_caseg:bit_to_caseg_inst|cnt_1ms[0]                             ; Merged with adc_081c021_read_vol:adc_081c021_read_vol_inst|cnt_prescaler[0] ;
; pulse_generator:pulse_generator|cnt_interval[0]                       ; Merged with adc_081c021_read_vol:adc_081c021_read_vol_inst|cnt_prescaler[0] ;
; pulse_generator:pulse_generator|cnt_interval[1]                       ; Merged with bit_to_caseg:bit_to_caseg_inst|cnt_1ms[1]                       ;
; pulse_generator:pulse_generator|cnt_interval[2]                       ; Merged with bit_to_caseg:bit_to_caseg_inst|cnt_1ms[2]                       ;
; pulse_generator:pulse_generator|cnt_interval[3]                       ; Merged with bit_to_caseg:bit_to_caseg_inst|cnt_1ms[3]                       ;
; Total Number of Removed Registers = 12                                ;                                                                             ;
+-----------------------------------------------------------------------+-----------------------------------------------------------------------------+


+------------------------------------------------------+
; General Register Statistics                          ;
+----------------------------------------------+-------+
; Statistic                                    ; Value ;
+----------------------------------------------+-------+
; Total registers                              ; 162   ;
; Number of registers using Synchronous Clear  ; 32    ;
; Number of registers using Synchronous Load   ; 32    ;
; Number of registers using Asynchronous Clear ; 162   ;
; Number of registers using Asynchronous Load  ; 0     ;
; Number of registers using Clock Enable       ; 32    ;
; Number of registers using Preset             ; 0     ;
+----------------------------------------------+-------+


+---------------------------------------------------------------------------+
; Inverted Register Statistics                                              ;
+-----------------------------------------------------------------+---------+
; Inverted Register                                               ; Fan out ;
+-----------------------------------------------------------------+---------+
; adc_081c021_read_vol:adc_081c021_read_vol_inst|scl_out_reg      ; 3       ;
; adc_081c021_read_vol:adc_081c021_read_vol_inst|sda_ctrl         ; 3       ;
; adc_081c021_read_vol:adc_081c021_read_vol_inst|sda_out_reg      ; 3       ;
; adc_081c021_read_vol:adc_081c021_read_vol_inst|reg_send_byte[1] ; 2       ;
; adc_081c021_read_vol:adc_081c021_read_vol_inst|reg_recv_byte[9] ; 2       ;
; adc_081c021_read_vol:adc_081c021_read_vol_inst|reg_recv_byte[8] ; 2       ;
; adc_081c021_read_vol:adc_081c021_read_vol_inst|reg_recv_byte[7] ; 2       ;
; Total number of inverted registers = 7                          ;         ;
+-----------------------------------------------------------------+---------+


+--------------------------------------------------------------------------------------------------------------------------------------------------------------------------------------------+
; Multiplexer Restructuring Statistics (Restructuring Performed)                                                                                                                             ;
+--------------------+-----------+---------------+----------------------+------------------------+------------+------------------------------------------------------------------------------+
; Multiplexer Inputs ; Bus Width ; Baseline Area ; Area if Restructured ; Saving if Restructured ; Registered ; Example Multiplexer Output                                                   ;
+--------------------+-----------+---------------+----------------------+------------------------+------------+------------------------------------------------------------------------------+
; 4:1                ; 32 bits   ; 64 LEs        ; 32 LEs               ; 32 LEs                 ; Yes        ; |top_module|adc_081c021_read_vol:adc_081c021_read_vol_inst|read_step_cnt[22] ;
; 8:1                ; 4 bits    ; 20 LEs        ; 12 LEs               ; 8 LEs                  ; Yes        ; |top_module|bit_to_caseg:bit_to_caseg_inst|seg_disp[3]                       ;
+--------------------+-----------+---------------+----------------------+------------------------+------------+------------------------------------------------------------------------------+


+------------------------------------------------------------------------------+
; Parameter Settings for User Entity Instance: pulse_generator:pulse_generator ;
+----------------+----------+--------------------------------------------------+
; Parameter Name ; Value    ; Type                                             ;
+----------------+----------+--------------------------------------------------+
; sys_clk_freq   ; 50000000 ; Signed Integer                                   ;
; interval       ; 1000000  ; Signed Integer                                   ;
+----------------+----------+--------------------------------------------------+
Note: In order to hide this table in the UI and the text report file, please set the "Show Parameter Settings in Synthesis Report" option in "Analysis and Synthesis Settings -> More Settings" to "Off".


+---------------------------------------------------------------------------------------------+
; Parameter Settings for User Entity Instance: adc_081c021_read_vol:adc_081c021_read_vol_inst ;
+----------------+----------+-----------------------------------------------------------------+
; Parameter Name ; Value    ; Type                                                            ;
+----------------+----------+-----------------------------------------------------------------+
; sys_clk_freq   ; 50000000 ; Signed Integer                                                  ;
; i2c_clk_speed  ; 200000   ; Signed Integer                                                  ;
+----------------+----------+-----------------------------------------------------------------+
Note: In order to hide this table in the UI and the text report file, please set the "Show Parameter Settings in Synthesis Report" option in "Analysis and Synthesis Settings -> More Settings" to "Off".


+-----------------------------------------------------------------------------+
; Parameter Settings for User Entity Instance: bit_to_caseg:bit_to_caseg_inst ;
+----------------+------------------+-----------------------------------------+
; Parameter Name ; Value            ; Type                                    ;
+----------------+------------------+-----------------------------------------+
; cnt_1ms_MAX    ; 1100001101001111 ; Unsigned Binary                         ;
; cnt_bit_MAX    ; 111              ; Unsigned Binary                         ;
+----------------+------------------+-----------------------------------------+
Note: In order to hide this table in the UI and the text report file, please set the "Show Parameter Settings in Synthesis Report" option in "Analysis and Synthesis Settings -> More Settings" to "Off".


+------------------------------------------------------------------+
; Parameter Settings for Inferred Entity Instance: lpm_divide:Mod1 ;
+------------------------+----------------+------------------------+
; Parameter Name         ; Value          ; Type                   ;
+------------------------+----------------+------------------------+
; LPM_WIDTHN             ; 8              ; Untyped                ;
; LPM_WIDTHD             ; 4              ; Untyped                ;
; LPM_NREPRESENTATION    ; UNSIGNED       ; Untyped                ;
; LPM_DREPRESENTATION    ; UNSIGNED       ; Untyped                ;
; LPM_PIPELINE           ; 0              ; Untyped                ;
; LPM_REMAINDERPOSITIVE  ; TRUE           ; Untyped                ;
; MAXIMIZE_SPEED         ; 5              ; Untyped                ;
; CBXI_PARAMETER         ; lpm_divide_m9m ; Untyped                ;
; CARRY_CHAIN            ; MANUAL         ; Untyped                ;
; OPTIMIZE_FOR_SPEED     ; 5              ; Untyped                ;
; AUTO_CARRY_CHAINS      ; ON             ; AUTO_CARRY             ;
; IGNORE_CARRY_BUFFERS   ; OFF            ; IGNORE_CARRY           ;
; AUTO_CASCADE_CHAINS    ; ON             ; AUTO_CASCADE           ;
; IGNORE_CASCADE_BUFFERS ; OFF            ; IGNORE_CASCADE         ;
+------------------------+----------------+------------------------+
Note: In order to hide this table in the UI and the text report file, please set the "Show Parameter Settings in Synthesis Report" option in "Analysis and Synthesis Settings -> More Settings" to "Off".


+------------------------------------------------------------------+
; Parameter Settings for Inferred Entity Instance: lpm_divide:Div1 ;
+------------------------+----------------+------------------------+
; Parameter Name         ; Value          ; Type                   ;
+------------------------+----------------+------------------------+
; LPM_WIDTHN             ; 8              ; Untyped                ;
; LPM_WIDTHD             ; 4              ; Untyped                ;
; LPM_NREPRESENTATION    ; UNSIGNED       ; Untyped                ;
; LPM_DREPRESENTATION    ; UNSIGNED       ; Untyped                ;
; LPM_PIPELINE           ; 0              ; Untyped                ;
; LPM_REMAINDERPOSITIVE  ; TRUE           ; Untyped                ;
; MAXIMIZE_SPEED         ; 5              ; Untyped                ;
; CBXI_PARAMETER         ; lpm_divide_jhm ; Untyped                ;
; CARRY_CHAIN            ; MANUAL         ; Untyped                ;
; OPTIMIZE_FOR_SPEED     ; 5              ; Untyped                ;
; AUTO_CARRY_CHAINS      ; ON             ; AUTO_CARRY             ;
; IGNORE_CARRY_BUFFERS   ; OFF            ; IGNORE_CARRY           ;
; AUTO_CASCADE_CHAINS    ; ON             ; AUTO_CASCADE           ;
; IGNORE_CASCADE_BUFFERS ; OFF            ; IGNORE_CASCADE         ;
+------------------------+----------------+------------------------+
Note: In order to hide this table in the UI and the text report file, please set the "Show Parameter Settings in Synthesis Report" option in "Analysis and Synthesis Settings -> More Settings" to "Off".


+------------------------------------------------------------------+
; Parameter Settings for Inferred Entity Instance: lpm_divide:Mod0 ;
+------------------------+----------------+------------------------+
; Parameter Name         ; Value          ; Type                   ;
+------------------------+----------------+------------------------+
; LPM_WIDTHN             ; 8              ; Untyped                ;
; LPM_WIDTHD             ; 4              ; Untyped                ;
; LPM_NREPRESENTATION    ; UNSIGNED       ; Untyped                ;
; LPM_DREPRESENTATION    ; UNSIGNED       ; Untyped                ;
; LPM_PIPELINE           ; 0              ; Untyped                ;
; LPM_REMAINDERPOSITIVE  ; TRUE           ; Untyped                ;
; MAXIMIZE_SPEED         ; 5              ; Untyped                ;
; CBXI_PARAMETER         ; lpm_divide_m9m ; Untyped                ;
; CARRY_CHAIN            ; MANUAL         ; Untyped                ;
; OPTIMIZE_FOR_SPEED     ; 5              ; Untyped                ;
; AUTO_CARRY_CHAINS      ; ON             ; AUTO_CARRY             ;
; IGNORE_CARRY_BUFFERS   ; OFF            ; IGNORE_CARRY           ;
; AUTO_CASCADE_CHAINS    ; ON             ; AUTO_CASCADE           ;
; IGNORE_CASCADE_BUFFERS ; OFF            ; IGNORE_CASCADE         ;
+------------------------+----------------+------------------------+
Note: In order to hide this table in the UI and the text report file, please set the "Show Parameter Settings in Synthesis Report" option in "Analysis and Synthesis Settings -> More Settings" to "Off".


+------------------------------------------------------------------+
; Parameter Settings for Inferred Entity Instance: lpm_divide:Div0 ;
+------------------------+----------------+------------------------+
; Parameter Name         ; Value          ; Type                   ;
+------------------------+----------------+------------------------+
; LPM_WIDTHN             ; 8              ; Untyped                ;
; LPM_WIDTHD             ; 7              ; Untyped                ;
; LPM_NREPRESENTATION    ; UNSIGNED       ; Untyped                ;
; LPM_DREPRESENTATION    ; UNSIGNED       ; Untyped                ;
; LPM_PIPELINE           ; 0              ; Untyped                ;
; LPM_REMAINDERPOSITIVE  ; TRUE           ; Untyped                ;
; MAXIMIZE_SPEED         ; 5              ; Untyped                ;
; CBXI_PARAMETER         ; lpm_divide_mhm ; Untyped                ;
; CARRY_CHAIN            ; MANUAL         ; Untyped                ;
; OPTIMIZE_FOR_SPEED     ; 5              ; Untyped                ;
; AUTO_CARRY_CHAINS      ; ON             ; AUTO_CARRY             ;
; IGNORE_CARRY_BUFFERS   ; OFF            ; IGNORE_CARRY           ;
; AUTO_CASCADE_CHAINS    ; ON             ; AUTO_CASCADE           ;
; IGNORE_CASCADE_BUFFERS ; OFF            ; IGNORE_CASCADE         ;
+------------------------+----------------+------------------------+
Note: In order to hide this table in the UI and the text report file, please set the "Show Parameter Settings in Synthesis Report" option in "Analysis and Synthesis Settings -> More Settings" to "Off".


+------------------------------------------------------------+
; Port Connectivity Checks: "bit_to_caseg:bit_to_caseg_inst" ;
+----------+-------+----------+------------------------------+
; Port     ; Type  ; Severity ; Details                      ;
+----------+-------+----------+------------------------------+
; bit_7[3] ; Input ; Info     ; Stuck at VCC                 ;
; bit_7[2] ; Input ; Info     ; Stuck at GND                 ;
; bit_7[1] ; Input ; Info     ; Stuck at VCC                 ;
; bit_7[0] ; Input ; Info     ; Stuck at GND                 ;
; bit_6[3] ; Input ; Info     ; Stuck at VCC                 ;
; bit_6[2] ; Input ; Info     ; Stuck at GND                 ;
; bit_6[1] ; Input ; Info     ; Stuck at VCC                 ;
; bit_6[0] ; Input ; Info     ; Stuck at GND                 ;
; bit_5[3] ; Input ; Info     ; Stuck at VCC                 ;
; bit_5[2] ; Input ; Info     ; Stuck at GND                 ;
; bit_5[1] ; Input ; Info     ; Stuck at VCC                 ;
; bit_5[0] ; Input ; Info     ; Stuck at GND                 ;
; bit_4[3] ; Input ; Info     ; Stuck at VCC                 ;
; bit_4[2] ; Input ; Info     ; Stuck at GND                 ;
; bit_4[1] ; Input ; Info     ; Stuck at VCC                 ;
; bit_4[0] ; Input ; Info     ; Stuck at GND                 ;
; bit_3[3] ; Input ; Info     ; Stuck at VCC                 ;
; bit_3[2] ; Input ; Info     ; Stuck at GND                 ;
; bit_3[1] ; Input ; Info     ; Stuck at VCC                 ;
; bit_3[0] ; Input ; Info     ; Stuck at GND                 ;
+----------+-------+----------+------------------------------+


+---------------------------------------------------------------------------------------------------------------------+
; Port Connectivity Checks: "adc_081c021_read_vol:adc_081c021_read_vol_inst"                                          ;
+-----------+--------+----------+-------------------------------------------------------------------------------------+
; Port      ; Type   ; Severity ; Details                                                                             ;
+-----------+--------+----------+-------------------------------------------------------------------------------------+
; read_done ; Output ; Info     ; Connected to dangling logic. Logic that only feeds a dangling port will be removed. ;
+-----------+--------+----------+-------------------------------------------------------------------------------------+


+-------------------------------------------------------------+
; Port Connectivity Checks: "pulse_generator:pulse_generator" ;
+--------+-------+----------+---------------------------------+
; Port   ; Type  ; Severity ; Details                         ;
+--------+-------+----------+---------------------------------+
; enable ; Input ; Info     ; Stuck at VCC                    ;
+--------+-------+----------+---------------------------------+


+-----------------------------------------------------+
; Post-Synthesis Netlist Statistics for Top Partition ;
+-----------------------+-----------------------------+
; Type                  ; Count                       ;
+-----------------------+-----------------------------+
; boundary_port         ; 22                          ;
; cycloneiii_ff         ; 162                         ;
;     CLR               ; 98                          ;
;     CLR SCLR SLD      ; 32                          ;
;     ENA CLR           ; 32                          ;
; cycloneiii_io_obuf    ; 2                           ;
; cycloneiii_lcell_comb ; 505                         ;
;     arith             ; 163                         ;
;         1 data inputs ; 1                           ;
;         2 data inputs ; 117                         ;
;         3 data inputs ; 45                          ;
;     normal            ; 342                         ;
;         0 data inputs ; 15                          ;
;         1 data inputs ; 9                           ;
;         2 data inputs ; 87                          ;
;         3 data inputs ; 62                          ;
;         4 data inputs ; 169                         ;
;                       ;                             ;
; Max LUT depth         ; 13.90                       ;
; Average LUT depth     ; 7.17                        ;
+-----------------------+-----------------------------+


+-------------------------------+
; Elapsed Time Per Partition    ;
+----------------+--------------+
; Partition Name ; Elapsed Time ;
+----------------+--------------+
; Top            ; 00:00:01     ;
+----------------+--------------+


+-------------------------------+
; Analysis & Synthesis Messages ;
+-------------------------------+
Info: *******************************************************************
Info: Running Quartus Prime Analysis & Synthesis
    Info: Version 23.1std.1 Build 993 05/14/2024 SC Lite Edition
    Info: Processing started: Fri Apr 11 15:21:40 2025
Info: Command: quartus_map --read_settings_files=on --write_settings_files=off i2c_adc081c021 -c i2c_adc081c021
Warning (18236): Number of processors has not been specified which may cause overloading on shared machines.  Set the global assignment NUM_PARALLEL_PROCESSORS in your QSF to an appropriate value for best performance.
Info (20030): Parallel compilation is enabled and will use 16 of the 16 processors detected
Info (12021): Found 1 design units, including 1 entities, in source file /users/zlxwy/desktop/i2c_adc081c021/rtl/top_module.v
    Info (12023): Found entity 1: top_module File: C:/Users/ZLXWY/Desktop/i2c_adc081c021/rtl/top_module.v Line: 1
Info (12021): Found 1 design units, including 1 entities, in source file /users/zlxwy/desktop/i2c_adc081c021/rtl/pulse_generator.v
    Info (12023): Found entity 1: pulse_generator File: C:/Users/ZLXWY/Desktop/i2c_adc081c021/rtl/pulse_generator.v Line: 1
Info (12021): Found 1 design units, including 1 entities, in source file /users/zlxwy/desktop/i2c_adc081c021/rtl/bit_to_caseg.v
    Info (12023): Found entity 1: bit_to_caseg File: C:/Users/ZLXWY/Desktop/i2c_adc081c021/rtl/bit_to_caseg.v Line: 4
Info (12021): Found 1 design units, including 1 entities, in source file /users/zlxwy/desktop/i2c_adc081c021/rtl/adc081c021_read_vol.v
    Info (12023): Found entity 1: adc_081c021_read_vol File: C:/Users/ZLXWY/Desktop/i2c_adc081c021/rtl/adc081c021_read_vol.v Line: 3
Warning (10222): Verilog HDL Parameter Declaration warning at pulse_generator.v(13): Parameter Declaration in module "pulse_generator" behaves as a Local Parameter Declaration because the module has a Module Parameter Port List File: C:/Users/ZLXWY/Desktop/i2c_adc081c021/rtl/pulse_generator.v Line: 13
Warning (10222): Verilog HDL Parameter Declaration warning at pulse_generator.v(14): Parameter Declaration in module "pulse_generator" behaves as a Local Parameter Declaration because the module has a Module Parameter Port List File: C:/Users/ZLXWY/Desktop/i2c_adc081c021/rtl/pulse_generator.v Line: 14
Warning (10222): Verilog HDL Parameter Declaration warning at adc081c021_read_vol.v(51): Parameter Declaration in module "adc_081c021_read_vol" behaves as a Local Parameter Declaration because the module has a Module Parameter Port List File: C:/Users/ZLXWY/Desktop/i2c_adc081c021/rtl/adc081c021_read_vol.v Line: 51
Warning (10222): Verilog HDL Parameter Declaration warning at adc081c021_read_vol.v(61): Parameter Declaration in module "adc_081c021_read_vol" behaves as a Local Parameter Declaration because the module has a Module Parameter Port List File: C:/Users/ZLXWY/Desktop/i2c_adc081c021/rtl/adc081c021_read_vol.v Line: 61
Warning (10222): Verilog HDL Parameter Declaration warning at adc081c021_read_vol.v(70): Parameter Declaration in module "adc_081c021_read_vol" behaves as a Local Parameter Declaration because the module has a Module Parameter Port List File: C:/Users/ZLXWY/Desktop/i2c_adc081c021/rtl/adc081c021_read_vol.v Line: 70
Info (12127): Elaborating entity "top_module" for the top level hierarchy
Warning (10230): Verilog HDL assignment warning at top_module.v(50): truncated value with size 32 to match size of target (4) File: C:/Users/ZLXWY/Desktop/i2c_adc081c021/rtl/top_module.v Line: 50
Warning (10230): Verilog HDL assignment warning at top_module.v(51): truncated value with size 32 to match size of target (4) File: C:/Users/ZLXWY/Desktop/i2c_adc081c021/rtl/top_module.v Line: 51
Warning (10230): Verilog HDL assignment warning at top_module.v(52): truncated value with size 32 to match size of target (4) File: C:/Users/ZLXWY/Desktop/i2c_adc081c021/rtl/top_module.v Line: 52
Info (12128): Elaborating entity "pulse_generator" for hierarchy "pulse_generator:pulse_generator" File: C:/Users/ZLXWY/Desktop/i2c_adc081c021/rtl/top_module.v Line: 24
Info (12128): Elaborating entity "adc_081c021_read_vol" for hierarchy "adc_081c021_read_vol:adc_081c021_read_vol_inst" File: C:/Users/ZLXWY/Desktop/i2c_adc081c021/rtl/top_module.v Line: 47
Warning (10762): Verilog HDL Case Statement warning at adc081c021_read_vol.v(108): can't check case statement for completeness because the case expression has too many possible states File: C:/Users/ZLXWY/Desktop/i2c_adc081c021/rtl/adc081c021_read_vol.v Line: 108
Info (12128): Elaborating entity "bit_to_caseg" for hierarchy "bit_to_caseg:bit_to_caseg_inst" File: C:/Users/ZLXWY/Desktop/i2c_adc081c021/rtl/top_module.v Line: 68
Warning (10230): Verilog HDL assignment warning at bit_to_caseg.v(34): truncated value with size 32 to match size of target (16) File: C:/Users/ZLXWY/Desktop/i2c_adc081c021/rtl/bit_to_caseg.v Line: 34
Warning (10230): Verilog HDL assignment warning at bit_to_caseg.v(55): truncated value with size 32 to match size of target (3) File: C:/Users/ZLXWY/Desktop/i2c_adc081c021/rtl/bit_to_caseg.v Line: 55
Info (278001): Inferred 4 megafunctions from design logic
    Info (278004): Inferred divider/modulo megafunction ("lpm_divide") from the following logic: "Mod1" File: C:/Users/ZLXWY/Desktop/i2c_adc081c021/rtl/top_module.v Line: 52
    Info (278004): Inferred divider/modulo megafunction ("lpm_divide") from the following logic: "Div1" File: C:/Users/ZLXWY/Desktop/i2c_adc081c021/rtl/top_module.v Line: 51
    Info (278004): Inferred divider/modulo megafunction ("lpm_divide") from the following logic: "Mod0" File: C:/Users/ZLXWY/Desktop/i2c_adc081c021/rtl/top_module.v Line: 51
    Info (278004): Inferred divider/modulo megafunction ("lpm_divide") from the following logic: "Div0" File: C:/Users/ZLXWY/Desktop/i2c_adc081c021/rtl/top_module.v Line: 50
Info (12130): Elaborated megafunction instantiation "lpm_divide:Mod1" File: C:/Users/ZLXWY/Desktop/i2c_adc081c021/rtl/top_module.v Line: 52
Info (12133): Instantiated megafunction "lpm_divide:Mod1" with the following parameter: File: C:/Users/ZLXWY/Desktop/i2c_adc081c021/rtl/top_module.v Line: 52
    Info (12134): Parameter "LPM_WIDTHN" = "8"
    Info (12134): Parameter "LPM_WIDTHD" = "4"
    Info (12134): Parameter "LPM_NREPRESENTATION" = "UNSIGNED"
    Info (12134): Parameter "LPM_DREPRESENTATION" = "UNSIGNED"
Info (12021): Found 1 design units, including 1 entities, in source file db/lpm_divide_m9m.tdf
    Info (12023): Found entity 1: lpm_divide_m9m File: C:/Users/ZLXWY/Desktop/i2c_adc081c021/prj/db/lpm_divide_m9m.tdf Line: 25
Info (12021): Found 1 design units, including 1 entities, in source file db/sign_div_unsign_bkh.tdf
    Info (12023): Found entity 1: sign_div_unsign_bkh File: C:/Users/ZLXWY/Desktop/i2c_adc081c021/prj/db/sign_div_unsign_bkh.tdf Line: 25
Info (12021): Found 1 design units, including 1 entities, in source file db/alt_u_div_sse.tdf
    Info (12023): Found entity 1: alt_u_div_sse File: C:/Users/ZLXWY/Desktop/i2c_adc081c021/prj/db/alt_u_div_sse.tdf Line: 23
Info (12130): Elaborated megafunction instantiation "lpm_divide:Div1" File: C:/Users/ZLXWY/Desktop/i2c_adc081c021/rtl/top_module.v Line: 51
Info (12133): Instantiated megafunction "lpm_divide:Div1" with the following parameter: File: C:/Users/ZLXWY/Desktop/i2c_adc081c021/rtl/top_module.v Line: 51
    Info (12134): Parameter "LPM_WIDTHN" = "8"
    Info (12134): Parameter "LPM_WIDTHD" = "4"
    Info (12134): Parameter "LPM_NREPRESENTATION" = "UNSIGNED"
    Info (12134): Parameter "LPM_DREPRESENTATION" = "UNSIGNED"
Info (12021): Found 1 design units, including 1 entities, in source file db/lpm_divide_jhm.tdf
    Info (12023): Found entity 1: lpm_divide_jhm File: C:/Users/ZLXWY/Desktop/i2c_adc081c021/prj/db/lpm_divide_jhm.tdf Line: 25
Info (12130): Elaborated megafunction instantiation "lpm_divide:Div0" File: C:/Users/ZLXWY/Desktop/i2c_adc081c021/rtl/top_module.v Line: 50
Info (12133): Instantiated megafunction "lpm_divide:Div0" with the following parameter: File: C:/Users/ZLXWY/Desktop/i2c_adc081c021/rtl/top_module.v Line: 50
    Info (12134): Parameter "LPM_WIDTHN" = "8"
    Info (12134): Parameter "LPM_WIDTHD" = "7"
    Info (12134): Parameter "LPM_NREPRESENTATION" = "UNSIGNED"
    Info (12134): Parameter "LPM_DREPRESENTATION" = "UNSIGNED"
Info (12021): Found 1 design units, including 1 entities, in source file db/lpm_divide_mhm.tdf
    Info (12023): Found entity 1: lpm_divide_mhm File: C:/Users/ZLXWY/Desktop/i2c_adc081c021/prj/db/lpm_divide_mhm.tdf Line: 25
Info (12021): Found 1 design units, including 1 entities, in source file db/sign_div_unsign_ekh.tdf
    Info (12023): Found entity 1: sign_div_unsign_ekh File: C:/Users/ZLXWY/Desktop/i2c_adc081c021/prj/db/sign_div_unsign_ekh.tdf Line: 25
Info (12021): Found 1 design units, including 1 entities, in source file db/alt_u_div_2te.tdf
    Info (12023): Found entity 1: alt_u_div_2te File: C:/Users/ZLXWY/Desktop/i2c_adc081c021/prj/db/alt_u_div_2te.tdf Line: 23
Info (13000): Registers with preset signals will power-up high File: C:/Users/ZLXWY/Desktop/i2c_adc081c021/rtl/adc081c021_read_vol.v Line: 107
Info (13003): DEV_CLRn pin will set, and not reset, register with preset signal due to NOT Gate Push-Back
Info (286030): Timing-Driven Synthesis is running
Info (16010): Generating hard_block partition "hard_block:auto_generated_inst"
    Info (16011): Adding 0 node(s), including 0 DDIO, 0 PLL, 0 transceiver and 0 LCELL
Info (21057): Implemented 541 device resources after synthesis - the final resource count might be different
    Info (21058): Implemented 2 input pins
    Info (21059): Implemented 19 output pins
    Info (21060): Implemented 1 bidirectional pins
    Info (21061): Implemented 519 logic cells
Info: Quartus Prime Analysis & Synthesis was successful. 0 errors, 12 warnings
    Info: Peak virtual memory: 4839 megabytes
    Info: Processing ended: Fri Apr 11 15:21:49 2025
    Info: Elapsed time: 00:00:09
    Info: Total CPU time (on all processors): 00:00:21


