Flow report for pwm_beep
Thu Dec 12 10:02:27 2024
Quartus II 64-Bit Version 13.0.1 Build 232 06/12/2013 Service Pack 1 SJ Full Version


---------------------
; Table of Contents ;
---------------------
  1. Legal Notice
  2. Flow Summary
  3. Flow Settings
  4. Flow Non-Default Global Settings
  5. Flow Elapsed Time
  6. Flow OS Summary
  7. Flow Log
  8. Flow Messages
  9. Flow Suppressed Messages



----------------
; Legal Notice ;
----------------
Copyright (C) 1991-2013 Altera Corporation
Your use of Altera Corporation's design tools, logic functions 
and other software and tools, and its AMPP partner logic 
functions, and any output files from any of the foregoing 
(including device programming or simulation files), and any 
associated documentation or information are expressly subject 
to the terms and conditions of the Altera Program License 
Subscription Agreement, Altera MegaCore Function License 
Agreement, or other applicable license agreement, including, 
without limitation, that your use is for the sole purpose of 
programming logic devices manufactured by Altera and sold by 
Altera or its authorized distributors.  Please refer to the 
applicable agreement for further details.



+---------------------------------------------------------------------------------------+
; Flow Summary                                                                          ;
+------------------------------------+--------------------------------------------------+
; Flow Status                        ; Successful - Thu Dec 12 10:02:27 2024            ;
; Quartus II 64-Bit Version          ; 13.0.1 Build 232 06/12/2013 SP 1 SJ Full Version ;
; Revision Name                      ; pwm_beep                                         ;
; Top-level Entity Name              ; top_pwm_beep                                     ;
; Family                             ; Cyclone IV E                                     ;
; Device                             ; EP4CE10F17C8                                     ;
; Timing Models                      ; Final                                            ;
; Total logic elements               ; 895 / 10,320 ( 9 % )                             ;
;     Total combinational functions  ; 893 / 10,320 ( 9 % )                             ;
;     Dedicated logic registers      ; 146 / 10,320 ( 1 % )                             ;
; Total registers                    ; 146                                              ;
; Total pins                         ; 4 / 180 ( 2 % )                                  ;
; Total virtual pins                 ; 0                                                ;
; Total memory bits                  ; 7,700 / 423,936 ( 2 % )                          ;
; Embedded Multiplier 9-bit elements ; 0 / 46 ( 0 % )                                   ;
; Total PLLs                         ; 0 / 2 ( 0 % )                                    ;
+------------------------------------+--------------------------------------------------+


+-----------------------------------------+
; Flow Settings                           ;
+-------------------+---------------------+
; Option            ; Setting             ;
+-------------------+---------------------+
; Start date & time ; 12/12/2024 10:01:56 ;
; Main task         ; Compilation         ;
; Revision Name     ; pwm_beep            ;
+-------------------+---------------------+


+---------------------------------------------------------------------------------------------------------------------------------+
; Flow Non-Default Global Settings                                                                                                ;
+--------------------------------------+--------------------------------------+---------------+--------------+--------------------+
; Assignment Name                      ; Value                                ; Default Value ; Entity Name  ; Section Id         ;
+--------------------------------------+--------------------------------------+---------------+--------------+--------------------+
; COMPILER_SIGNATURE_ID                ; 62489540911236.173396891619412       ; --            ; --           ; --                 ;
; EDA_DESIGN_INSTANCE_NAME             ; NA                                   ; --            ; --           ; read_rom_11x700_tb ;
; EDA_NATIVELINK_SIMULATION_TEST_BENCH ; read_rom_11x700_tb                   ; --            ; --           ; eda_simulation     ;
; EDA_OUTPUT_DATA_FORMAT               ; Verilog Hdl                          ; --            ; --           ; eda_simulation     ;
; EDA_SIMULATION_TOOL                  ; ModelSim (Verilog)                   ; <None>        ; --           ; --                 ;
; EDA_TEST_BENCH_ENABLE_STATUS         ; TEST_BENCH_MODE                      ; --            ; --           ; eda_simulation     ;
; EDA_TEST_BENCH_FILE                  ; ../sim/read_rom_11x700_tb.v          ; --            ; --           ; read_rom_11x700_tb ;
; EDA_TEST_BENCH_MODULE_NAME           ; read_rom_11x700_tb                   ; --            ; --           ; read_rom_11x700_tb ;
; EDA_TEST_BENCH_NAME                  ; read_rom_11x700_tb                   ; --            ; --           ; eda_simulation     ;
; EDA_TEST_BENCH_RUN_SIM_FOR           ; 1 us                                 ; --            ; --           ; read_rom_11x700_tb ;
; EDA_TIME_SCALE                       ; 1 ps                                 ; --            ; --           ; eda_simulation     ;
; IP_TOOL_NAME                         ; ROM: 1-PORT                          ; --            ; --           ; --                 ;
; IP_TOOL_VERSION                      ; 13.0                                 ; --            ; --           ; --                 ;
; MAX_CORE_JUNCTION_TEMP               ; 85                                   ; --            ; --           ; --                 ;
; MIN_CORE_JUNCTION_TEMP               ; 0                                    ; --            ; --           ; --                 ;
; MISC_FILE                            ; ip_core/rom_11x700/rom_11x700_inst.v ; --            ; --           ; --                 ;
; NOMINAL_CORE_SUPPLY_VOLTAGE          ; 1.2V                                 ; --            ; --           ; --                 ;
; PARTITION_COLOR                      ; 16764057                             ; --            ; top_pwm_beep ; Top                ;
; PARTITION_FITTER_PRESERVATION_LEVEL  ; PLACEMENT_AND_ROUTING                ; --            ; top_pwm_beep ; Top                ;
; PARTITION_NETLIST_TYPE               ; SOURCE                               ; --            ; top_pwm_beep ; Top                ;
; PROJECT_OUTPUT_DIRECTORY             ; output_files                         ; --            ; --           ; --                 ;
; TOP_LEVEL_ENTITY                     ; top_pwm_beep                         ; pwm_beep      ; --           ; --                 ;
+--------------------------------------+--------------------------------------+---------------+--------------+--------------------+


+-------------------------------------------------------------------------------------------------------------------------------+
; Flow Elapsed Time                                                                                                             ;
+---------------------------+--------------+-------------------------+---------------------+------------------------------------+
; Module Name               ; Elapsed Time ; Average Processors Used ; Peak Virtual Memory ; Total CPU Time (on all processors) ;
+---------------------------+--------------+-------------------------+---------------------+------------------------------------+
; Analysis & Synthesis      ; 00:00:05     ; 1.0                     ; 4650 MB             ; 00:00:05                           ;
; Fitter                    ; 00:00:09     ; 4.3                     ; 6000 MB             ; 00:00:12                           ;
; Assembler                 ; 00:00:01     ; 1.0                     ; 4553 MB             ; 00:00:01                           ;
; TimeQuest Timing Analyzer ; 00:00:11     ; 1.1                     ; 4724 MB             ; 00:00:11                           ;
; EDA Netlist Writer        ; 00:00:02     ; 1.0                     ; 4526 MB             ; 00:00:01                           ;
; Total                     ; 00:00:28     ; --                      ; --                  ; 00:00:30                           ;
+---------------------------+--------------+-------------------------+---------------------+------------------------------------+


+----------------------------------------------------------------------------------------+
; Flow OS Summary                                                                        ;
+---------------------------+------------------+-----------+------------+----------------+
; Module Name               ; Machine Hostname ; OS Name   ; OS Version ; Processor type ;
+---------------------------+------------------+-----------+------------+----------------+
; Analysis & Synthesis      ; DESKTOP-F40ND3F  ; Windows 7 ; 6.2        ; x86_64         ;
; Fitter                    ; DESKTOP-F40ND3F  ; Windows 7 ; 6.2        ; x86_64         ;
; Assembler                 ; DESKTOP-F40ND3F  ; Windows 7 ; 6.2        ; x86_64         ;
; TimeQuest Timing Analyzer ; DESKTOP-F40ND3F  ; Windows 7 ; 6.2        ; x86_64         ;
; EDA Netlist Writer        ; DESKTOP-F40ND3F  ; Windows 7 ; 6.2        ; x86_64         ;
+---------------------------+------------------+-----------+------------+----------------+


------------
; Flow Log ;
------------
quartus_map --read_settings_files=on --write_settings_files=off pwm_beep -c pwm_beep
quartus_fit --read_settings_files=off --write_settings_files=off pwm_beep -c pwm_beep
quartus_asm --read_settings_files=off --write_settings_files=off pwm_beep -c pwm_beep
quartus_sta pwm_beep -c pwm_beep
quartus_eda --read_settings_files=off --write_settings_files=off pwm_beep -c pwm_beep



